<?xml version="1.0" encoding="utf-8"?><testsuites name="pytest tests"><testsuite name="pytest" errors="0" failures="0" skipped="0" tests="7" time="3.242" timestamp="2026-07-11T14:01:28.829526+00:00" hostname="agent-env-8bbf0a6b-d9cf-44d3-b142-b5fbcd13cf4c"><testcase classname="tests.test_bug303_tenant_admin_permissions" name="test_A_tenant_admin_can_edit_himself" time="1.177" /><testcase classname="tests.test_bug303_tenant_admin_permissions" name="test_B_tenant_admin_can_create_another_admin" time="0.366" /><testcase classname="tests.test_bug303_tenant_admin_permissions" name="test_C_tenant_admin_can_grant_admin_role_via_update" time="0.428" /><testcase classname="tests.test_bug303_tenant_admin_permissions" name="test_D_tenant_admin_cannot_promote_to_super_admin" time="0.462" /><testcase classname="tests.test_bug303_tenant_admin_permissions" name="test_E_tenant_admin_cannot_create_super_admin" time="0.137" /><testcase classname="tests.test_bug303_tenant_admin_permissions" name="test_F_tenant_admin_can_edit_another_admin_phone_in_same_tenant" time="0.430" /><testcase classname="tests.test_bug303_tenant_admin_permissions" name="test_Z_teardown" time="0.005" /></testsuite></testsuites>