<?xml version="1.0" encoding="utf-8"?><testsuites name="pytest tests"><testsuite name="pytest" errors="0" failures="0" skipped="0" tests="7" time="3.689" timestamp="2026-07-11T14:02:29.077893+00:00" hostname="agent-env-8bbf0a6b-d9cf-44d3-b142-b5fbcd13cf4c"><testcase classname="tests.test_bug303_extra_scenarios" name="test_G_admin_cannot_delete_self" time="0.592" /><testcase classname="tests.test_bug303_extra_scenarios" name="test_H_manager_cannot_grant_admin_role" time="1.121" /><testcase classname="tests.test_bug303_extra_scenarios" name="test_I_manager_cannot_create_admin" time="0.102" /><testcase classname="tests.test_bug303_extra_scenarios" name="test_J_manager_cannot_delete_admin" time="0.432" /><testcase classname="tests.test_bug303_extra_scenarios" name="test_K_tenant_admin_cannot_edit_super_admin" time="0.448" /><testcase classname="tests.test_bug303_extra_scenarios" name="test_L_super_admin_can_create_and_edit_normal_admin" time="0.751" /><testcase classname="tests.test_bug303_extra_scenarios" name="test_Z_final_teardown" time="0.004" /></testsuite></testsuites>