<?xml version="1.0" encoding="utf-8"?><testsuites name="pytest tests"><testsuite name="pytest" errors="0" failures="0" skipped="0" tests="10" time="4.049" timestamp="2026-06-05T18:50:41.873043+00:00" hostname="agent-env-bdd89d88-ec0c-4f36-a27a-dc0f34a7ca4c"><testcase classname="tests.test_captain_under_cashier_iter218" name="test_captain_blocked_from_open_shift" time="1.190" /><testcase classname="tests.test_captain_under_cashier_iter218" name="test_captain_blocked_from_auto_open" time="0.132" /><testcase classname="tests.test_captain_under_cashier_iter218" name="test_wkeeper_blocked_from_open_shift" time="0.455" /><testcase classname="tests.test_captain_under_cashier_iter218" name="test_available_captains_admin" time="0.157" /><testcase classname="tests.test_captain_under_cashier_iter218" name="test_captain_my_shift_linked" time="0.110" /><testcase classname="tests.test_captain_under_cashier_iter218" name="test_captain_creates_dinein_attributed" time="0.463" /><testcase classname="tests.test_captain_under_cashier_iter218" name="test_captain_delivery_rejected" time="0.366" /><testcase classname="tests.test_captain_under_cashier_iter218" name="test_shift_summary_shows_held" time="0.217" /><testcase classname="tests.test_captain_under_cashier_iter218" name="test_close_blocked_then_collect_then_close" time="0.749" /><testcase classname="tests.test_captain_under_cashier_iter218" name="test_shifts_cashiers_only_excludes_non_cashier" time="0.109" /></testsuite></testsuites>