<?xml version="1.0" encoding="utf-8"?><testsuites name="pytest tests"><testsuite name="pytest" errors="0" failures="0" skipped="0" tests="8" time="1.334" timestamp="2026-06-08T22:44:06.334758+00:00" hostname="agent-env-bdd89d88-ec0c-4f36-a27a-dc0f34a7ca4c"><testcase classname="tests.test_dup_delivery_iter219.TestDup1ExternalRefBlockOnline" name="test_first_delivery_order_succeeds" time="0.564" /><testcase classname="tests.test_dup_delivery_iter219.TestDup1ExternalRefBlockOnline" name="test_second_delivery_same_ext_ref_blocked_409" time="0.061" /><testcase classname="tests.test_dup_delivery_iter219.TestDup2ExternalRefIdempotentSync" name="test_sync_same_ext_ref_returns_existing" time="0.132" /><testcase classname="tests.test_dup_delivery_iter219.TestDup3OfflineIdIdempotent" name="test_same_offline_id_returns_same_order" time="0.137" /><testcase classname="tests.test_dup_delivery_iter219.TestDup4NonDeliveryUnaffected" name="test_dine_in_two_orders_not_blocked" time="0.149" /><testcase classname="tests.test_dup_delivery_iter219.TestDup4NonDeliveryUnaffected" name="test_takeaway_order_creates_normally" time="0.071" /><testcase classname="tests.test_dup_delivery_iter219.TestDup5BusinessDuplicateDetection" name="test_detect_endpoint_returns_structure" time="0.063" /><testcase classname="tests.test_dup_delivery_iter219.TestDup5BusinessDuplicateDetection" name="test_cleanup_endpoint_works" time="0.057" /></testsuite></testsuites>