<?xml version="1.0" encoding="utf-8"?><testsuites name="pytest tests"><testsuite name="pytest" errors="0" failures="0" skipped="0" tests="10" time="12.344" timestamp="2026-07-06T18:32:53.034633+00:00" hostname="agent-env-a3cba797-7aee-48c7-978a-9e0056d69a46"><testcase classname="tests.test_expense_attribution.TestExpenseAttribution" name="test_cashier_a_summary_isolated" time="2.198" /><testcase classname="tests.test_expense_attribution.TestExpenseAttribution" name="test_cashier_b_summary_isolated" time="0.459" /><testcase classname="tests.test_expense_attribution.TestExpenseCreationStamping" name="test_create_expense_stamps_and_increments" time="0.342" /><testcase classname="tests.test_expense_attribution.TestCashRegisterClosingReport" name="test_report_200_and_per_cashier" time="0.439" /><testcase classname="tests.test_expense_attribution.TestNo2FADevCodeLeak" name="test_login_no_dev_code" time="0.332" /><testcase classname="tests.test_expense_attribution.TestNo2FADevCodeLeak" name="test_pending_2fa_no_dev_code" time="0.439" /><testcase classname="tests.test_expense_attribution.TestCashDiscrepancyOverride" name="test_close_requires_manager_approval_when_large_discrepancy" time="1.925" /><testcase classname="tests.test_expense_attribution.TestCashDiscrepancyOverride" name="test_close_invalid_manager_creds_still_409" time="2.196" /><testcase classname="tests.test_expense_attribution.TestCashDiscrepancyOverride" name="test_close_with_valid_manager_succeeds" time="2.117" /><testcase classname="tests.test_expense_attribution.TestNoShiftMerging" name="test_close_b_does_not_close_a" time="1.784" /></testsuite></testsuites>