<?xml version="1.0" encoding="utf-8"?><testsuites name="pytest tests"><testsuite name="pytest" errors="0" failures="1" skipped="1" tests="8" time="8.734" timestamp="2026-07-06T23:13:06.229789+00:00" hostname="agent-env-a3cba797-7aee-48c7-978a-9e0056d69a46"><testcase classname="tests.test_integrity_check.TestIntegrityAuth" name="test_admin_gets_results" time="0.614" /><testcase classname="tests.test_integrity_check.TestIntegrityAuth" name="test_row_structure" time="0.169" /><testcase classname="tests.test_integrity_check.TestIntegrityAuth" name="test_cashier_forbidden" time="6.845"><skipped type="pytest.skip" message="no cashier account available">/app/backend/tests/test_integrity_check.py:101: no cashier account available</skipped></testcase><testcase classname="tests.test_integrity_check.TestIntegrityCorrectness" name="test_ok_shift_totals_match_orders" time="0.116" /><testcase classname="tests.test_integrity_check.TestIntegrityCorrectness" name="test_inject_mismatch_and_cleanup" time="0.301"><failure message="AssertionError: shift did not flip: {'shift_id': '84566ef1-68ef-44af-9ef7-5570befd61e0', 'cashier_name': 'كاشير اختبار', 'branch_id': '76f56acc-6948-4a2f-bbf4-feccbddea88f', 'business_date': '2026-07-07', 'status': 'ok', 'stored': {'total_sales': 0.0, 'total_expenses': 0.0, 'total_orders': 0}, 'actual': {'total_sales': 0, 'total_expenses': 0, 'total_orders': 0}, 'closing_found': True, 'issues': []}&#10;assert 'ok' == 'mismatch'&#10;  &#10;  - mismatch&#10;  + ok">backend/tests/test_integrity_check.py:158: in test_inject_mismatch_and_cleanup
    assert flipped["status"] == "mismatch", f"shift did not flip: {flipped}"
E   AssertionError: shift did not flip: {'shift_id': '84566ef1-68ef-44af-9ef7-5570befd61e0', 'cashier_name': 'كاشير اختبار', 'branch_id': '76f56acc-6948-4a2f-bbf4-feccbddea88f', 'business_date': '2026-07-07', 'status': 'ok', 'stored': {'total_sales': 0.0, 'total_expenses': 0.0, 'total_orders': 0}, 'actual': {'total_sales': 0, 'total_expenses': 0, 'total_orders': 0}, 'closing_found': True, 'issues': []}
E   assert 'ok' == 'mismatch'
E     
E     - mismatch
E     + ok</failure></testcase><testcase classname="tests.test_integrity_check.TestNotifyDedup" name="test_notify_creates_and_dedups" time="0.259" /><testcase classname="tests.test_integrity_check.TestClosingsBusinessDate" name="test_all_closings_have_matching_business_date" time="0.002" /><testcase classname="tests.test_integrity_check.TestClosingsBusinessDate" name="test_closings_report_filters_by_business_date" time="0.109" /></testsuite></testsuites>