<?xml version="1.0" encoding="utf-8"?><testsuites name="pytest tests"><testsuite name="pytest" errors="0" failures="0" skipped="0" tests="8" time="1.803" timestamp="2026-06-30T11:14:13.148041+00:00" hostname="agent-env-54ddd69e-a332-48b6-a0a6-134dfdcb0de7"><testcase classname="tests.test_iter256_retest" name="test_public_menu_no_sensitive_keys" time="0.303" /><testcase classname="tests.test_iter256_retest" name="test_public_menu_preserves_price_and_name" time="0.117" /><testcase classname="tests.test_iter256_retest" name="test_public_menu_raw_json_string_safe" time="0.108" /><testcase classname="tests.test_iter256_retest" name="test_cashier_forbidden_on_manufactured_products" time="0.436" /><testcase classname="tests.test_iter256_retest" name="test_cashier_forbidden_on_employees" time="0.095" /><testcase classname="tests.test_iter256_retest" name="test_admin_ok_on_manufactured_products" time="0.450" /><testcase classname="tests.test_iter256_retest" name="test_admin_ok_on_employees" time="0.100" /><testcase classname="tests.test_iter256_retest" name="test_cashier_ok_on_products" time="0.107" /></testsuite></testsuites>