<?xml version="1.0" encoding="utf-8"?><testsuites name="pytest tests"><testsuite name="pytest" errors="0" failures="0" skipped="0" tests="3" time="0.325" timestamp="2026-06-11T18:27:42.722836+00:00" hostname="agent-env-91ccd7f2-8109-4285-9e26-69f01c216c44"><testcase classname="tests.test_collect_materials_cost_iter228" name="test_collect_accepts_total_materials_cost" time="0.241" /><testcase classname="tests.test_collect_materials_cost_iter228" name="test_collections_list_includes_fields" time="0.003" /><testcase classname="tests.test_collect_materials_cost_iter228" name="test_orders_pending_payment_status" time="0.004" /></testsuite></testsuites>