<?xml version="1.0" encoding="utf-8"?><testsuites name="pytest tests"><testsuite name="pytest" errors="0" failures="0" skipped="0" tests="19" time="2.910" timestamp="2026-07-09T17:21:30.178032+00:00" hostname="agent-env-8bbf0a6b-d9cf-44d3-b142-b5fbcd13cf4c"><testcase classname="tests.test_biometric_zk_all_models" name="test_A_supported_models_catalog" time="0.250" /><testcase classname="tests.test_biometric_zk_all_models" name="test_B_device_created_with_full_zk_options_propagates_to_job_params" time="0.021" /><testcase classname="tests.test_biometric_zk_all_models" name="test_C_device_update_endpoint" time="0.020" /><testcase classname="tests.test_biometric_zk_all_models" name="test_D_test_connection_now_enqueues_zk_probe_job" time="0.024" /><testcase classname="tests.test_biometric_zk_all_models" name="test_Z_teardown" time="0.005" /><testcase classname="tests.test_biometric_auto_sync" name="test_A_new_device_auto_pushes_all_branch_employees" time="0.250" /><testcase classname="tests.test_biometric_auto_sync" name="test_B_new_employee_auto_pushes_to_all_branch_devices" time="0.055" /><testcase classname="tests.test_biometric_auto_sync" name="test_C_manual_push_all_users_endpoint" time="0.030" /><testcase classname="tests.test_biometric_auto_sync" name="test_D_employees_without_biometric_uid_are_skipped" time="0.019" /><testcase classname="tests.test_biometric_auto_sync" name="test_E_branch_bulk_sync_all_devices" time="0.054" /><testcase classname="tests.test_biometric_auto_sync" name="test_F_employee_update_biometric_uid_pushes_to_devices" time="0.041" /><testcase classname="tests.test_biometric_auto_sync" name="test_G_employee_delete_enqueues_delete_user_jobs" time="0.057" /><testcase classname="tests.test_biometric_auto_sync" name="test_H_queue_status_endpoint" time="0.041" /><testcase classname="tests.test_biometric_auto_sync" name="test_Z_teardown" time="0.011" /><testcase classname="tests.test_biometric_iter295_extras" name="test_export_device_users" time="0.271" /><testcase classname="tests.test_biometric_iter295_extras" name="test_agent_polling_atomic_claim_and_result" time="0.058" /><testcase classname="tests.test_biometric_iter295_extras" name="test_test_connection_endpoint" time="0.035" /><testcase classname="tests.test_biometric_iter296_delete_cancels" name="test_models_endpoint_public_url" time="0.553" /><testcase classname="tests.test_biometric_iter296_delete_cancels" name="test_delete_device_cancels_pending_jobs" time="0.705" /></testsuite></testsuites>