<?xml version="1.0" encoding="utf-8"?><testsuites name="pytest tests"><testsuite name="pytest" errors="0" failures="0" skipped="0" tests="12" time="2.564" timestamp="2026-07-19T16:47:21.957636+00:00" hostname="agent-env-8bbf0a6b-d9cf-44d3-b142-b5fbcd13cf4c"><testcase classname="tests.test_iter295_bugs.TestRegression" name="test_health_ok" time="0.191" /><testcase classname="tests.test_iter295_bugs.TestRegression" name="test_login_triggers_2fa_for_new_device" time="0.500" /><testcase classname="tests.test_iter295_bugs.TestBug1HRLeaves" name="test_admin_can_list_leaves" time="0.565" /><testcase classname="tests.test_iter295_bugs.TestBug1HRLeaves" name="test_admin_role_is_admin" time="0.123" /><testcase classname="tests.test_iter295_bugs.TestBug3GMRBAC" name="test_price_alerts_ok" time="0.103" /><testcase classname="tests.test_iter295_bugs.TestBug3GMRBAC" name="test_low_stock_alerts_ok" time="0.103" /><testcase classname="tests.test_iter295_bugs.TestBug3GMRBAC" name="test_delete_raw_material_role_check" time="0.116" /><testcase classname="tests.test_iter295_bugs.TestBug3GMRBAC" name="test_warehouse_purchase_request_approve_role_check" time="0.102" /><testcase classname="tests.test_iter295_bugs.TestBug3GMRBAC" name="test_warehouse_purchase_request_reject_role_check" time="0.115" /><testcase classname="tests.test_iter295_bugs.TestBug4ProductsCost" name="test_products_cost_visible_for_admin" time="0.104" /><testcase classname="tests.test_iter295_bugs.TestBug5DriverLocation" name="test_get_drivers_locations_shape" time="0.110" /><testcase classname="tests.test_iter295_bugs.TestBug5DriverLocation" name="test_driver_update_location_persists" time="0.336" /></testsuite></testsuites>