<?xml version="1.0" encoding="utf-8"?><testsuites name="pytest tests"><testsuite name="pytest" errors="0" failures="0" skipped="0" tests="5" time="1.377" timestamp="2026-06-18T19:35:17.959423+00:00" hostname="agent-env-3e2b0714-b72b-4c90-af2f-c293637802f9"><testcase classname="tests.test_perms_push_inbox_reject_iter242.TestPush" name="test_vapid_public_key" time="0.160" /><testcase classname="tests.test_perms_push_inbox_reject_iter242.TestPush" name="test_subscribe_driver" time="0.048" /><testcase classname="tests.test_perms_push_inbox_reject_iter242.TestPush" name="test_subscribe_customer" time="0.049" /><testcase classname="tests.test_perms_push_inbox_reject_iter242.TestInboxSync" name="test_inbox_sync_graceful" time="0.319" /><testcase classname="tests.test_perms_push_inbox_reject_iter242.TestOrderRejectFlow" name="test_reject_sets_cancellation_fields" time="0.711" /></testsuite></testsuites>