<?xml version="1.0" encoding="utf-8"?><testsuites name="pytest tests"><testsuite name="pytest" errors="0" failures="0" skipped="0" tests="41" time="18.035" timestamp="2026-07-07T20:05:28.822406+00:00" hostname="agent-env-aa4ef5f0-1a04-432e-a4bc-5da3001c67f9"><testcase classname="tests.test_ahmed_shift_close_regression" name="test_summary_requires_shift_id_and_returns_correct_totals" time="2.059" /><testcase classname="tests.test_ahmed_shift_close_regression" name="test_summary_isolation_across_shifts" time="0.021" /><testcase classname="tests.test_lazy_shift_and_daily_isolation" name="test_A_cashier_without_shift_first_order_opens_shift" time="0.760" /><testcase classname="tests.test_lazy_shift_and_daily_isolation" name="test_B_stale_shift_auto_closes_and_new_opens" time="0.527" /><testcase classname="tests.test_lazy_shift_and_daily_isolation" name="test_C_two_orders_same_day_same_shift" time="0.828" /><testcase classname="tests.test_lazy_shift_and_daily_isolation" name="test_D_summary_matches_exact_cashier_sales" time="1.153" /><testcase classname="tests.test_expense_shift_isolation" name="test_A_lazy_shift_opens_on_first_expense" time="0.751" /><testcase classname="tests.test_expense_shift_isolation" name="test_B_no_expense_leakage_across_shifts" time="1.031" /><testcase classname="tests.test_expense_shift_isolation" name="test_C_summary_matches_expenses_exactly" time="0.823" /><testcase classname="tests.test_expense_shift_isolation" name="test_D_multiple_expenses_same_shift_sum_correctly" time="1.747" /><testcase classname="tests.test_iter288_shift_id_mandatory" name="test_summary_without_shift_id_returns_400" time="0.232" /><testcase classname="tests.test_iter288_shift_id_mandatory" name="test_close_without_shift_id_returns_400" time="0.004" /><testcase classname="tests.test_iter288_shift_id_mandatory" name="test_summary_fake_shift_id_returns_404" time="0.004" /><testcase classname="tests.test_iter288_shift_id_mandatory" name="test_summary_cashier_shift_totals" time="1.317" /><testcase classname="tests.test_iter288_shift_id_mandatory" name="test_summary_owner_shift_totals" time="0.006" /><testcase classname="tests.test_iter288_shift_id_mandatory" name="test_cashier_cannot_access_owner_shift" time="0.233" /><testcase classname="tests.test_iter288_shift_id_mandatory" name="test_cashier_cannot_close_owner_shift" time="0.004" /><testcase classname="tests.test_iter288_shift_id_mandatory" name="test_lazy_shift_opening_on_order" time="0.964" /><testcase classname="tests.test_iter288_shift_id_mandatory" name="test_wa_status_shape" time="0.261" /><testcase classname="tests.test_iter288_shift_id_mandatory" name="test_wa_logout_ok" time="0.032" /><testcase classname="tests.test_notify_multichannel_iter292" name="test_health_ok" time="0.003" /><testcase classname="tests.test_notify_multichannel_iter292" name="test_wa_status_shape" time="0.260" /><testcase classname="tests.test_notify_multichannel_iter292" name="test_wa_messages_requires_auth" time="0.004" /><testcase classname="tests.test_notify_multichannel_iter292" name="test_wa_messages_shape" time="0.007" /><testcase classname="tests.test_notify_multichannel_iter292" name="test_wa_messages_filter_status_sent" time="0.007" /><testcase classname="tests.test_notify_multichannel_iter292" name="test_wa_messages_filter_status_failed" time="0.007" /><testcase classname="tests.test_notify_multichannel_iter292" name="test_wa_test_logs_row" time="1.549" /><testcase classname="tests.test_notify_multichannel_iter292" name="test_notify_multichannel_writes_bell_and_returns_dict" time="0.971" /><testcase classname="tests.test_notify_multichannel_iter292" name="test_notify_multichannel_visible_via_api" time="0.037" /><testcase classname="tests.test_notify_multichannel_iter292" name="test_forgotten_shift_alert_creates_bell" time="0.030" /><testcase classname="tests.test_multichannel_otp_iter293" name="test_login_2fa_response_includes_channels_sent" time="0.791" /><testcase classname="tests.test_multichannel_otp_iter293" name="test_wa_and_email_path_logs_otp_attempt_and_verifies" time="0.426" /><testcase classname="tests.test_multichannel_otp_iter293" name="test_email_only_path_no_phone" time="0.235" /><testcase classname="tests.test_multichannel_otp_iter293" name="test_wa_messages_endpoint_requires_super_admin" time="0.004" /><testcase classname="tests.test_multichannel_otp_iter293" name="test_wa_messages_endpoint_returns_counts_and_messages" time="0.250" /><testcase classname="tests.test_multichannel_otp_iter293" name="test_wa_messages_filter_status" time="0.007" /><testcase classname="tests.test_multichannel_otp_iter293" name="test_wa_messages_filter_purpose_otp" time="0.006" /><testcase classname="tests.test_multichannel_otp_iter293" name="test_wa_messages_limit_capped_at_200" time="0.007" /><testcase classname="tests.test_multichannel_otp_iter293" name="test_smtp_graceful_no_crash_when_missing" time="0.003" /><testcase classname="tests.test_multichannel_otp_iter293" name="test_email_transport_configured_flag" time="0.001" /><testcase classname="tests.test_multichannel_otp_iter293" name="test_whatsapp_status_endpoint" time="0.282" /></testsuite></testsuites>