<?xml version="1.0" encoding="utf-8"?><testsuites name="pytest tests"><testsuite name="pytest" errors="0" failures="0" skipped="0" tests="5" time="2.571" timestamp="2026-05-06T19:56:40.768556+00:00" hostname="agent-env-fc058c68-717c-4edb-ba35-939ffd5a025a"><testcase classname="backend.tests.test_offline_order_numbering_iter177.TestRenumberMigration" name="test_migration_record_exists" time="0.005" /><testcase classname="backend.tests.test_offline_order_numbering_iter177.TestRenumberMigration" name="test_renumbered_orders_count_and_fields" time="0.001" /><testcase classname="backend.tests.test_offline_order_numbering_iter177.TestRenumberMigration" name="test_renumbered_orders_sequence_continuous" time="0.001" /><testcase classname="backend.tests.test_offline_order_numbering_iter177.TestE2EOrderSequence" name="test_online_plus_sync_get_sequential_numbers" time="2.059" /><testcase classname="backend.tests.test_offline_order_numbering_iter177.TestE2EOrderSequence" name="test_sync_order_idempotent_on_same_offline_id" time="0.296" /></testsuite></testsuites>