<?xml version="1.0" encoding="utf-8"?><testsuites name="pytest tests"><testsuite name="pytest" errors="0" failures="0" skipped="0" tests="33" time="6.864" timestamp="2026-07-07T03:13:59.707030+00:00" hostname="agent-env-aa4ef5f0-1a04-432e-a4bc-5da3001c67f9"><testcase classname="tests.test_refactor_iter100.TestAuthCookie" name="test_login_sets_cookie" time="0.516" /><testcase classname="tests.test_refactor_iter100.TestAuthCookie" name="test_me_with_bearer" time="0.445" /><testcase classname="tests.test_refactor_iter100.TestAuthCookie" name="test_me_with_cookie_only" time="0.395" /><testcase classname="tests.test_refactor_iter100.TestAuthCookie" name="test_me_no_auth_returns_401" time="0.102" /><testcase classname="tests.test_refactor_iter100.TestAuthCookie" name="test_logout_clears_cookie" time="0.431" /><testcase classname="tests.test_refactor_iter100.TestSuperAdmin" name="test_stats" time="0.457" /><testcase classname="tests.test_refactor_iter100.TestSuperAdmin" name="test_tenants" time="0.115" /><testcase classname="tests.test_refactor_iter100.TestSuperAdmin" name="test_security_status" time="0.127" /><testcase classname="tests.test_refactor_iter100.TestSuperAdmin" name="test_blocked_ips" time="0.100" /><testcase classname="tests.test_refactor_iter100.TestSuperAdmin" name="test_trusted_devices" time="0.098" /><testcase classname="tests.test_refactor_iter100.TestExtractedRoutes" name="test_endpoint_ok[/reports/cash-register-closings-acceptable0]" time="0.048" /><testcase classname="tests.test_refactor_iter100.TestExtractedRoutes" name="test_endpoint_ok[/biometric/devices-acceptable1]" time="0.048" /><testcase classname="tests.test_refactor_iter100.TestExtractedRoutes" name="test_endpoint_ok[/smart-reports/sales-acceptable2]" time="0.049" /><testcase classname="tests.test_refactor_iter100.TestExtractedRoutes" name="test_endpoint_ok[/printers-acceptable3]" time="0.046" /><testcase classname="tests.test_refactor_iter100.TestExtractedRoutes" name="test_endpoint_ok[/coupons-acceptable4]" time="0.053" /><testcase classname="tests.test_refactor_iter100.TestExtractedRoutes" name="test_endpoint_ok[/promotions-acceptable5]" time="0.047" /><testcase classname="tests.test_refactor_iter100.TestExtractedRoutes" name="test_endpoint_ok[/refunds-acceptable6]" time="0.046" /><testcase classname="tests.test_refactor_iter100.TestExtractedRoutes" name="test_endpoint_ok[/employees-acceptable7]" time="0.047" /><testcase classname="tests.test_refactor_iter100.TestExtractedRoutes" name="test_endpoint_ok[/payroll/payments-acceptable8]" time="0.049" /><testcase classname="tests.test_refactor_iter100.TestExtractedRoutes" name="test_customer_menu_default_public" time="0.110" /><testcase classname="tests.test_refactor_iter100.TestCorePOS" name="test_core_endpoint[/products]" time="0.048" /><testcase classname="tests.test_refactor_iter100.TestCorePOS" name="test_core_endpoint[/categories]" time="0.048" /><testcase classname="tests.test_refactor_iter100.TestCorePOS" name="test_core_endpoint[/branches]" time="0.047" /><testcase classname="tests.test_refactor_iter100.TestCorePOS" name="test_core_endpoint[/orders]" time="0.054" /><testcase classname="tests.test_refactor_iter100.TestCorePOS" name="test_core_endpoint[/customers]" time="0.047" /><testcase classname="tests.test_refactor_iter100.TestPasswordPolicy" name="test_create_user_weak_password_rejected" time="0.047" /><testcase classname="tests.test_refactor_iter100.TestPasswordPolicy" name="test_create_user_strong_password_ok" time="0.653" /><testcase classname="tests.test_refactor_iter100.TestPasswordPolicy" name="test_reset_password_weak_rejected" time="0.638" /><testcase classname="tests.test_refactor_iter100.TestWelcomeDiscountStats" name="test_stats_admin" time="0.048" /><testcase classname="tests.test_refactor_iter100.TestWelcomeDiscountStats" name="test_stats_cashier_forbidden" time="0.470" /><testcase classname="tests.test_refactor_iter100.TestShiftExpenseAttribution" name="test_cashier_a_isolated" time="0.777" /><testcase classname="tests.test_refactor_iter100.TestShiftExpenseAttribution" name="test_cashier_b_isolated" time="0.420" /><testcase classname="tests.test_refactor_iter100.TestExpensesCreate" name="test_create_expense" time="0.100" /></testsuite></testsuites>