<?xml version="1.0" encoding="utf-8"?><testsuites name="pytest tests"><testsuite name="pytest" errors="0" failures="0" skipped="0" tests="10" time="4.734" timestamp="2026-05-06T20:22:51.632442+00:00" hostname="agent-env-fc058c68-717c-4edb-ba35-939ffd5a025a"><testcase classname="backend.tests.test_sync_routing_fix_iter178.TestSyncPreserveDeliveryCompanyFields" name="test_full_delivery_company_payload_preserved" time="0.984" /><testcase classname="backend.tests.test_sync_routing_fix_iter178.TestSyncPreserveDeliveryCompanyFields" name="test_autoinfer_unpaid_and_delivery_company_customer_type" time="0.227" /><testcase classname="backend.tests.test_sync_routing_fix_iter178.TestSyncPreserveDeliveryCompanyFields" name="test_autoinfer_paid_and_regular_customer" time="0.212" /><testcase classname="backend.tests.test_sync_routing_fix_iter178.TestSyncPreserveDeliveryCompanyFields" name="test_driver_fields_preserved" time="0.436" /><testcase classname="backend.tests.test_sync_routing_fix_iter178.TestFixRoutingEndpoint" name="test_404_for_missing_order" time="0.135" /><testcase classname="backend.tests.test_sync_routing_fix_iter178.TestFixRoutingEndpoint" name="test_400_on_empty_body" time="0.397" /><testcase classname="backend.tests.test_sync_routing_fix_iter178.TestFixRoutingEndpoint" name="test_admin_can_fix_and_order_number_preserved" time="0.151" /><testcase classname="backend.tests.test_sync_routing_fix_iter178.TestFixRoutingEndpoint" name="test_routing_fix_history_accumulates" time="0.242" /><testcase classname="backend.tests.test_sync_routing_fix_iter178.TestFixRoutingAuth" name="test_non_admin_gets_403" time="1.331" /><testcase classname="backend.tests.test_sync_routing_fix_iter178.TestOnlineRegression" name="test_online_order_create_succeeds" time="0.393" /></testsuite></testsuites>