<?xml version="1.0" encoding="utf-8"?><testsuites name="pytest tests"><testsuite name="pytest" errors="0" failures="0" skipped="0" tests="30" time="9.275" timestamp="2026-07-11T13:17:14.764136+00:00" hostname="agent-env-8bbf0a6b-d9cf-44d3-b142-b5fbcd13cf4c"><testcase classname="tests.test_bug302_zk_sync_attendance" name="test_zk_sync_result_creates_biometric_attendance_and_processes" time="0.631" /><testcase classname="tests.test_bug302_zk_sync_attendance" name="test_zk_sync_result_dedupes_and_idempotent" time="0.312" /><testcase classname="tests.test_bug302_zk_sync_attendance" name="test_zk_sync_failure_does_not_process" time="0.119" /><testcase classname="tests.test_bug302_zk_sync_attendance" name="test_teardown" time="0.005" /><testcase classname="tests.test_iter302_2fa_readiness_backup" name="test_readiness_requires_super_admin" time="0.424" /><testcase classname="tests.test_iter302_2fa_readiness_backup" name="test_readiness_no_auth" time="0.095" /><testcase classname="tests.test_iter302_2fa_readiness_backup" name="test_readiness_super_admin_ok" time="0.445" /><testcase classname="tests.test_iter302_2fa_readiness_backup" name="test_readiness_flags_at_risk_users" time="0.147" /><testcase classname="tests.test_iter302_2fa_readiness_backup" name="test_backup_codes_requires_super_admin" time="0.101" /><testcase classname="tests.test_iter302_2fa_readiness_backup" name="test_backup_codes_generation_and_storage" time="0.105" /><testcase classname="tests.test_iter302_2fa_readiness_backup" name="test_verify_2fa_accepts_backup_code_and_consumes_it" time="0.416" /><testcase classname="tests.test_biometric_auto_sync" name="test_A_new_device_auto_pushes_all_branch_employees" time="0.435" /><testcase classname="tests.test_biometric_auto_sync" name="test_B_new_employee_auto_pushes_to_all_branch_devices" time="0.636" /><testcase classname="tests.test_biometric_auto_sync" name="test_C_manual_push_all_users_endpoint" time="0.234" /><testcase classname="tests.test_biometric_auto_sync" name="test_D_employees_without_biometric_uid_are_skipped" time="0.124" /><testcase classname="tests.test_biometric_auto_sync" name="test_E_branch_bulk_sync_all_devices" time="0.435" /><testcase classname="tests.test_biometric_auto_sync" name="test_F_employee_update_biometric_uid_pushes_to_devices" time="0.410" /><testcase classname="tests.test_biometric_auto_sync" name="test_G_employee_delete_enqueues_delete_user_jobs" time="0.452" /><testcase classname="tests.test_biometric_auto_sync" name="test_H_queue_status_endpoint" time="0.206" /><testcase classname="tests.test_biometric_auto_sync" name="test_Z_teardown" time="0.005" /><testcase classname="tests.test_biometric_zk_all_models" name="test_A_supported_models_catalog" time="0.421" /><testcase classname="tests.test_biometric_zk_all_models" name="test_B_device_created_with_full_zk_options_propagates_to_job_params" time="0.126" /><testcase classname="tests.test_biometric_zk_all_models" name="test_C_device_update_endpoint" time="0.227" /><testcase classname="tests.test_biometric_zk_all_models" name="test_D_test_connection_now_enqueues_zk_probe_job" time="0.210" /><testcase classname="tests.test_biometric_zk_all_models" name="test_Z_teardown" time="0.004" /><testcase classname="tests.test_biometric_iter295_extras" name="test_export_device_users" time="0.550" /><testcase classname="tests.test_biometric_iter295_extras" name="test_agent_polling_atomic_claim_and_result" time="0.419" /><testcase classname="tests.test_biometric_iter295_extras" name="test_test_connection_endpoint" time="0.235" /><testcase classname="tests.test_notify_multichannel_iter299" name="test_notify_multichannel_aggregates_and_dedupes" time="0.954" /><testcase classname="tests.test_notify_multichannel_iter299" name="test_notify_multichannel_no_exception_without_tenant" time="0.003" /></testsuite></testsuites>