<?xml version="1.0" encoding="utf-8"?><testsuites name="pytest tests"><testsuite name="pytest" errors="0" failures="0" skipped="0" tests="5" time="1.216" timestamp="2026-07-06T22:54:15.042128+00:00" hostname="agent-env-a3cba797-7aee-48c7-978a-9e0056d69a46"><testcase classname="tests.test_shifts_business_date_iter280.TestShiftBusinessDate" name="test_open_shift_business_date_is_iraq_date" time="0.520" /><testcase classname="tests.test_shifts_business_date_iter280.TestShiftBusinessDate" name="test_shift_appears_under_iraq_today_filter" time="0.096" /><testcase classname="tests.test_shifts_business_date_iter280.TestShiftBusinessDate" name="test_shift_NOT_under_iraq_yesterday" time="0.174" /><testcase classname="tests.test_shifts_business_date_iter280.TestShiftBusinessDate" name="test_shift_NOT_under_utc_today_when_different" time="0.111" /><testcase classname="tests.test_shifts_business_date_iter280.TestRegressionWelcomeApprovals" name="test_welcome_approvals_admin_200" time="0.219" /></testsuite></testsuites>