<?xml version="1.0" encoding="utf-8"?><testsuites name="pytest tests"><testsuite name="pytest" errors="0" failures="0" skipped="0" tests="4" time="1.283" timestamp="2026-06-10T16:11:37.945340+00:00" hostname="agent-env-63b90e03-8bb6-422f-98b5-58acf2fbf563"><testcase classname="tests.test_delivery_fee_extras_iter226" name="test_order_driver_info_returns_delivery_fee_and_order_total" time="0.250" /><testcase classname="tests.test_delivery_fee_extras_iter226" name="test_sales_report_has_internal_delivery_key" time="0.251" /><testcase classname="tests.test_delivery_fee_and_settlement" name="test_assign_with_delivery_fee_adds_to_total" time="0.248" /><testcase classname="tests.test_delivery_fee_and_settlement" name="test_collect_payment_tags_internal_delivery" time="0.253" /></testsuite></testsuites>