<?xml version="1.0" encoding="utf-8"?><testsuites name="pytest tests"><testsuite name="pytest" errors="0" failures="0" skipped="0" tests="32" time="6.667" timestamp="2026-07-11T11:07:33.111489+00:00" hostname="agent-env-8bbf0a6b-d9cf-44d3-b142-b5fbcd13cf4c"><testcase classname="tests.test_iter297_notifications_and_biometric_health" name="test_get_notification_prefs_returns_defaults" time="0.596" /><testcase classname="tests.test_iter297_notifications_and_biometric_health" name="test_put_notification_prefs_accepts_valid_rejects_unknown" time="0.272" /><testcase classname="tests.test_iter297_notifications_and_biometric_health" name="test_put_notification_prefs_rejects_empty_updates" time="0.128" /><testcase classname="tests.test_iter297_notifications_and_biometric_health" name="test_notification_prefs_forbidden_for_cashier" time="0.523" /><testcase classname="tests.test_iter297_notifications_and_biometric_health" name="test_biometric_health_structure" time="0.133" /><testcase classname="tests.test_iter297_notifications_and_biometric_health" name="test_biometric_health_offline_after_minutes" time="0.350" /><testcase classname="tests.test_iter297_notifications_and_biometric_health" name="test_biometric_health_forbidden_for_cashier" time="0.093" /><testcase classname="tests.test_iter297_notifications_and_biometric_health" name="test_biometric_devices_models_shape" time="0.129" /><testcase classname="tests.test_iter297_notifications_and_biometric_health" name="test_biometric_device_update_new_fields" time="0.305" /><testcase classname="tests.test_iter297_notifications_and_biometric_health" name="test_biometric_device_test_creates_probe_job" time="0.335" /><testcase classname="tests.test_iter297_notifications_and_biometric_health" name="test_shift_close_no_exception_and_background_report" time="0.324" /><testcase classname="tests.test_biometric_iter295_extras" name="test_export_device_users" time="0.263" /><testcase classname="tests.test_biometric_iter295_extras" name="test_agent_polling_atomic_claim_and_result" time="0.035" /><testcase classname="tests.test_biometric_iter295_extras" name="test_test_connection_endpoint" time="0.026" /><testcase classname="tests.test_biometric_iter296_delete_cancels" name="test_models_endpoint_public_url" time="0.432" /><testcase classname="tests.test_biometric_iter296_delete_cancels" name="test_delete_device_cancels_pending_jobs" time="0.623" /><testcase classname="tests.test_biometric_zk_all_models" name="test_A_supported_models_catalog" time="0.234" /><testcase classname="tests.test_biometric_zk_all_models" name="test_B_device_created_with_full_zk_options_propagates_to_job_params" time="0.016" /><testcase classname="tests.test_biometric_zk_all_models" name="test_C_device_update_endpoint" time="0.014" /><testcase classname="tests.test_biometric_zk_all_models" name="test_D_test_connection_now_enqueues_zk_probe_job" time="0.017" /><testcase classname="tests.test_biometric_zk_all_models" name="test_Z_teardown" time="0.003" /><testcase classname="tests.test_biometric_auto_sync" name="test_A_new_device_auto_pushes_all_branch_employees" time="0.247" /><testcase classname="tests.test_biometric_auto_sync" name="test_B_new_employee_auto_pushes_to_all_branch_devices" time="0.039" /><testcase classname="tests.test_biometric_auto_sync" name="test_C_manual_push_all_users_endpoint" time="0.022" /><testcase classname="tests.test_biometric_auto_sync" name="test_D_employees_without_biometric_uid_are_skipped" time="0.016" /><testcase classname="tests.test_biometric_auto_sync" name="test_E_branch_bulk_sync_all_devices" time="0.036" /><testcase classname="tests.test_biometric_auto_sync" name="test_F_employee_update_biometric_uid_pushes_to_devices" time="0.049" /><testcase classname="tests.test_biometric_auto_sync" name="test_G_employee_delete_enqueues_delete_user_jobs" time="0.031" /><testcase classname="tests.test_biometric_auto_sync" name="test_H_queue_status_endpoint" time="0.019" /><testcase classname="tests.test_biometric_auto_sync" name="test_Z_teardown" time="0.004" /><testcase classname="tests.test_notify_multichannel_iter299" name="test_notify_multichannel_aggregates_and_dedupes" time="0.983" /><testcase classname="tests.test_notify_multichannel_iter299" name="test_notify_multichannel_no_exception_without_tenant" time="0.003" /></testsuite></testsuites>