<?xml version="1.0" encoding="utf-8"?><testsuites name="pytest tests"><testsuite name="pytest" errors="0" failures="0" skipped="0" tests="8" time="3.842" timestamp="2026-04-28T15:02:40.467282+00:00" hostname="agent-env-2a97d1b3-6b15-4de2-8cd7-6d3db8f99be6"><testcase classname="backend.tests.test_cancel_item_iter169.TestCancelItem" name="test_cancel_item_persists_in_order_and_collection" time="1.379" /><testcase classname="backend.tests.test_cancel_item_iter169.TestCancelItem" name="test_cancel_item_collection_doc_has_all_fields" time="0.004" /><testcase classname="backend.tests.test_cancel_item_iter169.TestCancelItem" name="test_cancel_item_invalid_order_returns_404" time="0.170" /><testcase classname="backend.tests.test_cancel_item_iter169.TestCancelItem" name="test_cancel_item_invalid_quantity_returns_400" time="0.485" /><testcase classname="backend.tests.test_cancel_item_iter169.TestCancelItem" name="test_cancel_item_without_auth_returns_401_or_403" time="0.384" /><testcase classname="backend.tests.test_cancel_item_iter169.TestCancelItem" name="test_tenant_isolation_super_admin_no_access" time="0.583" /><testcase classname="backend.tests.test_cancel_item_iter169.TestCancelOrderRegression" name="test_put_cancel_order_still_works" time="0.633" /><testcase classname="backend.tests.test_cancel_item_iter169.TestOrderMathRegression" name="test_order_subtotal_with_extras" time="0.118" /></testsuite></testsuites>