<?xml version="1.0" encoding="utf-8"?><testsuites name="pytest tests"><testsuite name="pytest" errors="0" failures="0" skipped="0" tests="8" time="7.971" timestamp="2026-07-12T05:30:08.128195+00:00" hostname="agent-env-8bbf0a6b-d9cf-44d3-b142-b5fbcd13cf4c"><testcase classname="tests.test_password_change_otp_iter308" name="test_admin_login_baseline" time="0.400" /><testcase classname="tests.test_password_change_otp_iter308" name="test_pw_change_first_call_returns_202_otp_required" time="0.418" /><testcase classname="tests.test_password_change_otp_iter308" name="test_pw_change_wrong_otp_returns_401" time="0.404" /><testcase classname="tests.test_password_change_otp_iter308" name="test_pw_change_correct_otp_success_and_old_password_rejected" time="1.362" /><testcase classname="tests.test_password_change_otp_iter308" name="test_super_admin_change_password_and_secret_key_together" time="1.482" /><testcase classname="tests.test_password_change_otp_iter308" name="test_general_manager_has_access_to_admin_endpoints" time="0.526" /><testcase classname="tests.test_password_change_otp_iter308" name="test_old_token_invalidated_after_password_change_admin_note" time="2.365" /><testcase classname="tests.test_password_change_otp_iter308" name="test_super_admin_multi_device_login" time="0.921" /></testsuite></testsuites>