<?xml version="1.0" encoding="utf-8"?><testsuites name="pytest tests"><testsuite name="pytest" errors="0" failures="0" skipped="0" tests="7" time="2.801" timestamp="2026-05-06T17:10:09.668620+00:00" hostname="agent-env-fc058c68-717c-4edb-ba35-939ffd5a025a"><testcase classname="backend.tests.test_raw_material_lock_iter174" name="test_list_returns_flags_and_tomato_transferred" time="0.721" /><testcase classname="backend.tests.test_raw_material_lock_iter174" name="test_put_transferred_returns_409" time="0.289" /><testcase classname="backend.tests.test_raw_material_lock_iter174" name="test_delete_transferred_returns_409" time="0.221" /><testcase classname="backend.tests.test_raw_material_lock_iter174" name="test_add_stock_works_after_transfer" time="0.418" /><testcase classname="backend.tests.test_raw_material_lock_iter174" name="test_new_material_not_transferred" time="0.332" /><testcase classname="backend.tests.test_raw_material_lock_iter174" name="test_put_non_transferred_succeeds" time="0.295" /><testcase classname="backend.tests.test_raw_material_lock_iter174" name="test_delete_non_transferred_removes_material_and_layers" time="0.471" /></testsuite></testsuites>