<?xml version="1.0" encoding="utf-8"?><testsuites name="pytest tests"><testsuite name="pytest" errors="0" failures="0" skipped="0" tests="3" time="0.848" timestamp="2026-07-09T17:13:25.509579+00:00" hostname="agent-env-8bbf0a6b-d9cf-44d3-b142-b5fbcd13cf4c"><testcase classname="tests.test_biometric_iter295_extras" name="test_export_device_users" time="0.263" /><testcase classname="tests.test_biometric_iter295_extras" name="test_agent_polling_atomic_claim_and_result" time="0.036" /><testcase classname="tests.test_biometric_iter295_extras" name="test_test_connection_endpoint" time="0.038" /></testsuite></testsuites>