<?xml version="1.0" encoding="utf-8"?><testsuites name="pytest tests"><testsuite name="pytest" errors="0" failures="0" skipped="0" tests="7" time="11.437" timestamp="2026-06-30T02:09:24.402217+00:00" hostname="agent-env-6a21e30b-cf73-4e2f-8673-69659c768d30"><testcase classname="tests.test_autoban_iter254" name="test_auto_ban_triggers_after_20_offenses" time="5.330" /><testcase classname="tests.test_autoban_iter254" name="test_banned_ip_gets_403_blocked_json" time="0.102" /><testcase classname="tests.test_autoban_iter254" name="test_real_pod_ip_still_works" time="0.106" /><testcase classname="tests.test_autoban_iter254" name="test_unblock_fake_ip" time="0.315" /><testcase classname="tests.test_autoban_iter254" name="test_admin_login_regression" time="0.316" /><testcase classname="tests.test_autoban_iter254" name="test_wrong_login_still_401_not_blocked" time="0.329" /><testcase classname="tests.test_autoban_iter254" name="test_security_log_shows_auto_entries" time="4.824" /></testsuite></testsuites>