<?xml version="1.0" encoding="utf-8"?><testsuites name="pytest tests"><testsuite name="pytest" errors="0" failures="0" skipped="0" tests="29" time="12.464" timestamp="2026-07-12T01:31:05.425758+00:00" hostname="agent-env-8bbf0a6b-d9cf-44d3-b142-b5fbcd13cf4c"><testcase classname="tests.test_general_manager_and_migration_iter307" name="test_gm_cannot_edit_admin_returns_403_with_owner_text" time="1.998" /><testcase classname="tests.test_general_manager_and_migration_iter307" name="test_gm_can_edit_manager" time="0.234" /><testcase classname="tests.test_general_manager_and_migration_iter307" name="test_gm_can_edit_cashier" time="0.235" /><testcase classname="tests.test_general_manager_and_migration_iter307" name="test_gm_can_edit_self" time="0.237" /><testcase classname="tests.test_general_manager_and_migration_iter307" name="test_tenant_admin_cannot_create_admin_user" time="0.234" /><testcase classname="tests.test_general_manager_and_migration_iter307" name="test_tenant_admin_cannot_promote_to_admin" time="0.234" /><testcase classname="tests.test_general_manager_and_migration_iter307" name="test_gm_cannot_promote_to_admin" time="0.233" /><testcase classname="tests.test_general_manager_and_migration_iter307" name="test_gm_cannot_promote_to_super_admin" time="0.233" /><testcase classname="tests.test_general_manager_and_migration_iter307" name="test_super_admin_promote_to_admin_when_another_exists_returns_409" time="0.233" /><testcase classname="tests.test_general_manager_and_migration_iter307" name="test_role_change_to_general_manager_clears_branch" time="0.236" /><testcase classname="tests.test_general_manager_and_migration_iter307" name="test_role_change_to_admin_via_super_admin_clears_branch" time="0.234" /><testcase classname="tests.test_general_manager_and_migration_iter307" name="test_gm_cannot_delete_admin" time="0.233" /><testcase classname="tests.test_general_manager_and_migration_iter307" name="test_self_delete_returns_400" time="0.233" /><testcase classname="tests.test_general_manager_and_migration_iter307" name="test_admin_can_delete_lower_roles" time="0.237" /><testcase classname="tests.test_general_manager_and_migration_iter307" name="test_migration_one_admin_per_tenant_v1_recorded" time="0.007" /><testcase classname="tests.test_role_hierarchy_edit" name="test_admin_can_edit_another_admin" time="1.147" /><testcase classname="tests.test_role_hierarchy_edit" name="test_admin_can_edit_manager" time="0.234" /><testcase classname="tests.test_role_hierarchy_edit" name="test_admin_can_edit_self" time="0.235" /><testcase classname="tests.test_role_hierarchy_edit" name="test_admin_can_edit_cashier" time="0.234" /><testcase classname="tests.test_role_hierarchy_edit" name="test_manager_cannot_edit_admin" time="0.235" /><testcase classname="tests.test_role_hierarchy_edit" name="test_manager_can_edit_self" time="0.233" /><testcase classname="tests.test_role_hierarchy_edit" name="test_manager_can_edit_cashier" time="0.234" /><testcase classname="tests.test_role_hierarchy_edit" name="test_manager_cannot_promote_to_admin" time="0.233" /><testcase classname="tests.test_role_hierarchy_edit" name="test_cashier_cannot_edit_others" time="0.236" /><testcase classname="tests.test_single_active_session" name="test_A_admin_owner_multiple_devices_allowed" time="0.466" /><testcase classname="tests.test_single_active_session" name="test_B_super_admin_multiple_devices_allowed" time="0.472" /><testcase classname="tests.test_single_active_session" name="test_C_employee_second_login_kicks_first" time="0.937" /><testcase classname="tests.test_single_active_session" name="test_D_employee_third_login_kicks_second" time="0.699" /><testcase classname="tests.test_update_password_updates_vault" name="test_update_user_password_field_updates_hash_and_vault" time="1.645" /></testsuite></testsuites>