<?xml version="1.0" encoding="utf-8"?><testsuites name="pytest tests"><testsuite name="pytest" errors="0" failures="0" skipped="0" tests="7" time="2.624" timestamp="2026-06-30T17:00:04.457663+00:00" hostname="agent-env-54ddd69e-a332-48b6-a0a6-134dfdcb0de7"><testcase classname="tests.test_shift_cash_branch_iter258.TestShiftCashBranchAttribution" name="test_receive_404_bogus_id" time="0.494" /><testcase classname="tests.test_shift_cash_branch_iter258.TestShiftCashBranchAttribution" name="test_receive_403_for_cashier" time="0.448" /><testcase classname="tests.test_shift_cash_branch_iter258.TestShiftCashBranchAttribution" name="test_full_lifecycle_branch_attribution" time="0.806" /><testcase classname="tests.test_shift_cash_branch_iter258.TestShiftCashBranchAttribution" name="test_receive_idempotent_400_second_call" time="0.207" /><testcase classname="tests.test_shift_cash_branch_iter258.TestSupplierRegression" name="test_account_summary" time="0.104" /><testcase classname="tests.test_shift_cash_branch_iter258.TestSupplierRegression" name="test_pay_admin_200_and_persists" time="0.361" /><testcase classname="tests.test_shift_cash_branch_iter258.TestSupplierRegression" name="test_pay_cashier_403" time="0.112" /></testsuite></testsuites>