<?xml version="1.0" encoding="utf-8"?><testsuites name="pytest tests"><testsuite name="pytest" errors="0" failures="0" skipped="0" tests="6" time="12.275" timestamp="2026-07-12T05:32:19.159352+00:00" hostname="agent-env-8bbf0a6b-d9cf-44d3-b142-b5fbcd13cf4c"><testcase classname="tests.test_password_change_invalidation_iter309" name="test_admin_old_token_401_after_password_change" time="3.515" /><testcase classname="tests.test_password_change_invalidation_iter309" name="test_super_admin_password_and_secret_key_change_invalidates_old_token" time="2.682" /><testcase classname="tests.test_password_change_invalidation_iter309" name="test_general_manager_cannot_reset_admin_password" time="0.498" /><testcase classname="tests.test_password_change_invalidation_iter309" name="test_put_users_password_field_still_works" time="0.921" /><testcase classname="tests.test_password_change_invalidation_iter309" name="test_single_session_manager_invalidation_after_pw_change" time="3.429" /><testcase classname="tests.test_password_change_invalidation_iter309" name="test_tenant_creation_with_owner_password" time="1.141" /></testsuite></testsuites>