<?xml version="1.0" encoding="utf-8"?><testsuites name="pytest tests"><testsuite name="pytest" errors="0" failures="0" skipped="0" tests="10" time="3.158" timestamp="2026-07-07T19:34:25.241807+00:00" hostname="agent-env-aa4ef5f0-1a04-432e-a4bc-5da3001c67f9"><testcase classname="tests.test_notify_multichannel_iter292" name="test_health_ok" time="0.006" /><testcase classname="tests.test_notify_multichannel_iter292" name="test_wa_status_shape" time="0.264" /><testcase classname="tests.test_notify_multichannel_iter292" name="test_wa_messages_requires_auth" time="0.004" /><testcase classname="tests.test_notify_multichannel_iter292" name="test_wa_messages_shape" time="0.006" /><testcase classname="tests.test_notify_multichannel_iter292" name="test_wa_messages_filter_status_sent" time="0.006" /><testcase classname="tests.test_notify_multichannel_iter292" name="test_wa_messages_filter_status_failed" time="0.006" /><testcase classname="tests.test_notify_multichannel_iter292" name="test_wa_test_logs_row" time="1.547" /><testcase classname="tests.test_notify_multichannel_iter292" name="test_notify_multichannel_writes_bell_and_returns_dict" time="1.010" /><testcase classname="tests.test_notify_multichannel_iter292" name="test_notify_multichannel_visible_via_api" time="0.037" /><testcase classname="tests.test_notify_multichannel_iter292" name="test_forgotten_shift_alert_creates_bell" time="0.030" /></testsuite></testsuites>