<?xml version="1.0" encoding="utf-8"?><testsuites name="pytest tests"><testsuite name="pytest" errors="0" failures="2" skipped="0" tests="10" time="3.411" timestamp="2026-07-07T17:29:07.972061+00:00" hostname="agent-env-aa4ef5f0-1a04-432e-a4bc-5da3001c67f9"><testcase classname="tests.test_iter288_shift_id_mandatory" name="test_summary_without_shift_id_returns_400" time="0.235" /><testcase classname="tests.test_iter288_shift_id_mandatory" name="test_close_without_shift_id_returns_400" time="0.004" /><testcase classname="tests.test_iter288_shift_id_mandatory" name="test_summary_fake_shift_id_returns_404" time="0.004" /><testcase classname="tests.test_iter288_shift_id_mandatory" name="test_summary_cashier_shift_totals" time="1.305" /><testcase classname="tests.test_iter288_shift_id_mandatory" name="test_summary_owner_shift_totals" time="0.007" /><testcase classname="tests.test_iter288_shift_id_mandatory" name="test_cashier_cannot_access_owner_shift" time="0.236"><failure message="AssertionError: expected 403/404, got 200: {&quot;shift_id&quot;:&quot;closefix-shift-cashier&quot;,&quot;branch_id&quot;:&quot;76f56acc-6948-4a2f-bbf4-feccbddea88f&quot;,&quot;branch_name&quot;:&quot;الفرع الرئيسي&quot;,&quot;cashier_id&quot;:&quot;bcc0f333-6cf3-47af-b30c-ec06e7ae2359&quot;,&quot;cashier_name&quot;:&quot;احمد اختبار&quot;,&quot;started_at&quot;:&quot;2026-07-07T15:29:08.561271+00:00&quot;,&quot;opening_cash&quot;:0.0,&quot;total_sales&quot;:802750.0,&quot;total_cost&quot;:0.0,&quot;gross_profit&quot;:802750.0,&quot;total_orders&quot;:3,&quot;cash_sales&quot;:802750.0,&quot;card_sales&quot;:0,&quot;credit_sales&quot;:0,&quot;non_cash_amount&quot;:0,&quot;delivery_app_sales&quot;:{},&quot;driver_sales&quot;:0,&quot;discounts_total&quot;:0.0,&quot;cancelled_orders&quot;:0,&quot;cancelled_amount&quot;:0,&quot;cancelled_by&quot;:[],&quot;total_expenses&quot;:0,&quot;net_profit&quot;:802750.0,&quot;expected_cash&quot;:802750.0,&quot;total_refunds&quot;:0,&quot;refund_count&quot;:0,&quot;merged_shifts_count&quot;:0}&#10;assert 200 in (403, 404)&#10; +  where 200 = &lt;Response [200]&gt;.status_code">backend/tests/test_iter288_shift_id_mandatory.py:127: in test_cashier_cannot_access_owner_shift
    assert r.status_code in (403, 404), f"expected 403/404, got {r.status_code}: {r.text}"
E   AssertionError: expected 403/404, got 200: {"shift_id":"closefix-shift-cashier","branch_id":"76f56acc-6948-4a2f-bbf4-feccbddea88f","branch_name":"الفرع الرئيسي","cashier_id":"bcc0f333-6cf3-47af-b30c-ec06e7ae2359","cashier_name":"احمد اختبار","started_at":"2026-07-07T15:29:08.561271+00:00","opening_cash":0.0,"total_sales":802750.0,"total_cost":0.0,"gross_profit":802750.0,"total_orders":3,"cash_sales":802750.0,"card_sales":0,"credit_sales":0,"non_cash_amount":0,"delivery_app_sales":{},"driver_sales":0,"discounts_total":0.0,"cancelled_orders":0,"cancelled_amount":0,"cancelled_by":[],"total_expenses":0,"net_profit":802750.0,"expected_cash":802750.0,"total_refunds":0,"refund_count":0,"merged_shifts_count":0}
E   assert 200 in (403, 404)
E    +  where 200 = &lt;Response [200]&gt;.status_code</failure></testcase><testcase classname="tests.test_iter288_shift_id_mandatory" name="test_cashier_cannot_close_owner_shift" time="0.005" /><testcase classname="tests.test_iter288_shift_id_mandatory" name="test_lazy_shift_opening_on_order" time="1.149" /><testcase classname="tests.test_iter288_shift_id_mandatory" name="test_wa_status_shape" time="0.305" /><testcase classname="tests.test_iter288_shift_id_mandatory" name="test_wa_logout_ok" time="0.040"><failure message="AssertionError: expected ok/success true: {'ok': False, 'error': 'Server disconnected without sending a response.'}&#10;assert (False is True or None is True)&#10; +  where False = &lt;built-in method get of dict object at 0xfada58c9f080&gt;('ok')&#10; +    where &lt;built-in method get of dict object at 0xfada58c9f080&gt; = {'ok': False, 'error': 'Server disconnected without sending a response.'}.get&#10; +  and   None = &lt;built-in method get of dict object at 0xfada58c9f080&gt;('success')&#10; +    where &lt;built-in method get of dict object at 0xfada58c9f080&gt; = {'ok': False, 'error': 'Server disconnected without sending a response.'}.get">backend/tests/test_iter288_shift_id_mandatory.py:212: in test_wa_logout_ok
    assert d.get("ok") is True or d.get("success") is True, f"expected ok/success true: {d}"
E   AssertionError: expected ok/success true: {'ok': False, 'error': 'Server disconnected without sending a response.'}
E   assert (False is True or None is True)
E    +  where False = &lt;built-in method get of dict object at 0xfada58c9f080&gt;('ok')
E    +    where &lt;built-in method get of dict object at 0xfada58c9f080&gt; = {'ok': False, 'error': 'Server disconnected without sending a response.'}.get
E    +  and   None = &lt;built-in method get of dict object at 0xfada58c9f080&gt;('success')
E    +    where &lt;built-in method get of dict object at 0xfada58c9f080&gt; = {'ok': False, 'error': 'Server disconnected without sending a response.'}.get</failure></testcase></testsuite></testsuites>