<?xml version="1.0" encoding="utf-8"?><testsuites name="pytest tests"><testsuite name="pytest" errors="0" failures="0" skipped="0" tests="30" time="16.029" timestamp="2026-07-07T19:56:51.319339+00:00" hostname="agent-env-aa4ef5f0-1a04-432e-a4bc-5da3001c67f9"><testcase classname="tests.test_ahmed_shift_close_regression" name="test_summary_requires_shift_id_and_returns_correct_totals" time="2.059" /><testcase classname="tests.test_ahmed_shift_close_regression" name="test_summary_isolation_across_shifts" time="0.022" /><testcase classname="tests.test_lazy_shift_and_daily_isolation" name="test_A_cashier_without_shift_first_order_opens_shift" time="0.757" /><testcase classname="tests.test_lazy_shift_and_daily_isolation" name="test_B_stale_shift_auto_closes_and_new_opens" time="0.528" /><testcase classname="tests.test_lazy_shift_and_daily_isolation" name="test_C_two_orders_same_day_same_shift" time="0.831" /><testcase classname="tests.test_lazy_shift_and_daily_isolation" name="test_D_summary_matches_exact_cashier_sales" time="1.152" /><testcase classname="tests.test_expense_shift_isolation" name="test_A_lazy_shift_opens_on_first_expense" time="0.748" /><testcase classname="tests.test_expense_shift_isolation" name="test_B_no_expense_leakage_across_shifts" time="1.033" /><testcase classname="tests.test_expense_shift_isolation" name="test_C_summary_matches_expenses_exactly" time="0.823" /><testcase classname="tests.test_expense_shift_isolation" name="test_D_multiple_expenses_same_shift_sum_correctly" time="1.748" /><testcase classname="tests.test_iter288_shift_id_mandatory" name="test_summary_without_shift_id_returns_400" time="0.232" /><testcase classname="tests.test_iter288_shift_id_mandatory" name="test_close_without_shift_id_returns_400" time="0.003" /><testcase classname="tests.test_iter288_shift_id_mandatory" name="test_summary_fake_shift_id_returns_404" time="0.004" /><testcase classname="tests.test_iter288_shift_id_mandatory" name="test_summary_cashier_shift_totals" time="1.317" /><testcase classname="tests.test_iter288_shift_id_mandatory" name="test_summary_owner_shift_totals" time="0.009" /><testcase classname="tests.test_iter288_shift_id_mandatory" name="test_cashier_cannot_access_owner_shift" time="0.236" /><testcase classname="tests.test_iter288_shift_id_mandatory" name="test_cashier_cannot_close_owner_shift" time="0.004" /><testcase classname="tests.test_iter288_shift_id_mandatory" name="test_lazy_shift_opening_on_order" time="0.963" /><testcase classname="tests.test_iter288_shift_id_mandatory" name="test_wa_status_shape" time="0.262" /><testcase classname="tests.test_iter288_shift_id_mandatory" name="test_wa_logout_ok" time="0.033" /><testcase classname="tests.test_notify_multichannel_iter292" name="test_health_ok" time="0.003" /><testcase classname="tests.test_notify_multichannel_iter292" name="test_wa_status_shape" time="0.261" /><testcase classname="tests.test_notify_multichannel_iter292" name="test_wa_messages_requires_auth" time="0.004" /><testcase classname="tests.test_notify_multichannel_iter292" name="test_wa_messages_shape" time="0.007" /><testcase classname="tests.test_notify_multichannel_iter292" name="test_wa_messages_filter_status_sent" time="0.006" /><testcase classname="tests.test_notify_multichannel_iter292" name="test_wa_messages_filter_status_failed" time="0.007" /><testcase classname="tests.test_notify_multichannel_iter292" name="test_wa_test_logs_row" time="1.550" /><testcase classname="tests.test_notify_multichannel_iter292" name="test_notify_multichannel_writes_bell_and_returns_dict" time="0.990" /><testcase classname="tests.test_notify_multichannel_iter292" name="test_notify_multichannel_visible_via_api" time="0.035" /><testcase classname="tests.test_notify_multichannel_iter292" name="test_forgotten_shift_alert_creates_bell" time="0.030" /></testsuite></testsuites>