<?xml version="1.0" encoding="utf-8"?><testsuites name="pytest tests"><testsuite name="pytest" errors="0" failures="0" skipped="0" tests="6" time="3.605" timestamp="2026-05-29T21:20:07.658609+00:00" hostname="agent-env-ee62c2ff-b7ce-42cd-87f3-8dc26653558c"><testcase classname="tests.test_consumption_audit_iter189" name="test_health" time="0.533" /><testcase classname="tests.test_consumption_audit_iter189" name="test_report_endpoints_200" time="0.840" /><testcase classname="tests.test_consumption_audit_iter189" name="test_produce_deducts_both_id_fields" time="1.389" /><testcase classname="tests.test_consumption_audit_iter189" name="test_consumption_report_aggregates" time="0.115" /><testcase classname="tests.test_consumption_audit_iter189" name="test_movements_consumption_category" time="0.354" /><testcase classname="tests.test_consumption_audit_iter189" name="test_transfer_merges_legacy_record_no_duplicate" time="0.279" /></testsuite></testsuites>