<?xml version="1.0" encoding="utf-8"?><testsuites name="pytest tests"><testsuite name="pytest" errors="0" failures="0" skipped="0" tests="11" time="3.426" timestamp="2026-07-11T14:14:39.291554+00:00" hostname="agent-env-8bbf0a6b-d9cf-44d3-b142-b5fbcd13cf4c"><testcase classname="tests.test_bug303_tenant_admin_permissions" name="test_A_self_edit_phone_ok" time="0.643" /><testcase classname="tests.test_bug303_tenant_admin_permissions" name="test_B_self_cannot_change_own_role" time="0.140" /><testcase classname="tests.test_bug303_tenant_admin_permissions" name="test_C_cannot_create_admin" time="0.106" /><testcase classname="tests.test_bug303_tenant_admin_permissions" name="test_D_can_create_cashier" time="0.336" /><testcase classname="tests.test_bug303_tenant_admin_permissions" name="test_E_cannot_promote_to_admin" time="0.523" /><testcase classname="tests.test_bug303_tenant_admin_permissions" name="test_F_can_edit_and_delete_cashier" time="0.625" /><testcase classname="tests.test_bug303_tenant_admin_permissions" name="test_G_cannot_delete_self" time="0.144" /><testcase classname="tests.test_bug303_tenant_admin_permissions" name="test_H_cannot_delete_another_admin" time="0.109" /><testcase classname="tests.test_bug303_tenant_admin_permissions" name="test_Z_teardown" time="0.004" /><testcase classname="tests.test_bug304_tenant_admin_sync" name="test_A_self_edit_syncs_to_tenant" time="0.522" /><testcase classname="tests.test_bug304_tenant_admin_sync" name="test_Z_teardown" time="0.003" /></testsuite></testsuites>