<?xml version="1.0" encoding="utf-8"?><testsuites name="pytest tests"><testsuite name="pytest" errors="0" failures="2" skipped="1" tests="4" time="1.986" timestamp="2026-05-06T14:12:42.774427+00:00" hostname="agent-env-fc058c68-717c-4edb-ba35-939ffd5a025a"><testcase classname="backend.tests.test_fifo_fulfill_propagation_iter173.TestPreflightLayers" name="test_tomato_has_multi_priced_layers" time="0.635" /><testcase classname="backend.tests.test_fifo_fulfill_propagation_iter173.TestFulfillFIFOAndPropagation" name="test_fulfill_drains_oldest_and_propagates" time="1.077"><failure message="AssertionError: {'material_id': 'c4b3b488-011b-4fdb-a4b7-c5f3c76033d1', 'updated_manufactured': 0, 'updated_pos': 0}&#10;assert 0 &gt;= 1&#10; +  where 0 = &lt;built-in method get of dict object at 0xfed55f533540&gt;('updated_manufactured', 0)&#10; +    where &lt;built-in method get of dict object at 0xfed55f533540&gt; = {'material_id': 'c4b3b488-011b-4fdb-a4b7-c5f3c76033d1', 'updated_manufactured': 0, 'updated_pos': 0}.get">backend/tests/test_fifo_fulfill_propagation_iter173.py:165: in test_fulfill_drains_oldest_and_propagates
    assert tomato_entry.get("updated_manufactured", 0) &gt;= 1, tomato_entry
E   AssertionError: {'material_id': 'c4b3b488-011b-4fdb-a4b7-c5f3c76033d1', 'updated_manufactured': 0, 'updated_pos': 0}
E   assert 0 &gt;= 1
E    +  where 0 = &lt;built-in method get of dict object at 0xfed55f533540&gt;('updated_manufactured', 0)
E    +    where &lt;built-in method get of dict object at 0xfed55f533540&gt; = {'material_id': 'c4b3b488-011b-4fdb-a4b7-c5f3c76033d1', 'updated_manufactured': 0, 'updated_pos': 0}.get</failure></testcase><testcase classname="backend.tests.test_fifo_fulfill_propagation_iter173.TestFulfillFIFOAndPropagation" name="test_manufacturing_inventory_weighted_avg_cost" time="0.000"><skipped type="pytest.skip" message="previous test did not run">/app/backend/tests/test_fifo_fulfill_propagation_iter173.py:216: previous test did not run</skipped></testcase><testcase classname="backend.tests.test_fifo_fulfill_propagation_iter173.TestPropagateHelperRegression" name="test_helper_updates_test_product_when_called_directly" time="0.010"><failure message="AssertionError: {'updated_manufactured': 0, 'updated_pos': 0}&#10;assert 0 &gt;= 1">backend/tests/test_fifo_fulfill_propagation_iter173.py:304: in test_helper_updates_test_product_when_called_directly
    loop.run_until_complete(runner())
/usr/local/lib/python3.11/asyncio/base_events.py:654: in run_until_complete
    return future.result()
           ^^^^^^^^^^^^^^^
backend/tests/test_fifo_fulfill_propagation_iter173.py:287: in runner
    assert res["updated_manufactured"] &gt;= 1, res
E   AssertionError: {'updated_manufactured': 0, 'updated_pos': 0}
E   assert 0 &gt;= 1</failure></testcase></testsuite></testsuites>