<?xml version="1.0" encoding="utf-8"?><testsuites name="pytest tests"><testsuite name="pytest" errors="0" failures="0" skipped="0" tests="5" time="4.501" timestamp="2026-07-06T23:39:42.737559+00:00" hostname="agent-env-a3cba797-7aee-48c7-978a-9e0056d69a46"><testcase classname="tests.test_auto_integrity_iter283" name="test_welcome_approvals_200" time="0.507" /><testcase classname="tests.test_auto_integrity_iter283" name="test_integrity_shifts_check_200" time="0.125" /><testcase classname="tests.test_auto_integrity_iter283" name="test_scheduler_startup_log" time="0.001" /><testcase classname="tests.test_auto_integrity_iter283" name="test_post_close_no_false_alarm" time="3.617" /><testcase classname="tests.test_auto_integrity_iter283" name="test_no_post_close_integrity_failed_in_logs" time="0.001" /></testsuite></testsuites>