<?xml version="1.0" encoding="utf-8"?><testsuites name="pytest tests"><testsuite name="pytest" errors="0" failures="0" skipped="0" tests="7" time="2.332" timestamp="2026-06-30T17:15:39.463513+00:00" hostname="agent-env-54ddd69e-a332-48b6-a0a6-134dfdcb0de7"><testcase classname="tests.test_shift_cash_branch_iter259.TestReceiveBranchAttribution" name="test_receive_resolves_branch_via_cashier" time="0.605" /><testcase classname="tests.test_shift_cash_branch_iter259.TestReceiveBranchAttribution" name="test_receive_404_for_bogus_id" time="0.112" /><testcase classname="tests.test_shift_cash_branch_iter259.TestReceiveBranchAttribution" name="test_receive_403_for_cashier" time="0.467" /><testcase classname="tests.test_shift_cash_branch_iter259.TestSupplierRegression" name="test_supplier_account_works" time="0.307" /><testcase classname="tests.test_shift_cash_branch_iter259.TestSupplierRegression" name="test_supplier_pay_cashier_403" time="0.292" /><testcase classname="tests.test_shift_cash_branch_iter259.TestEmployeesRBAC" name="test_admin_can_list_employees" time="0.129" /><testcase classname="tests.test_shift_cash_branch_iter259.TestEmployeesRBAC" name="test_cashier_cannot_list_employees" time="0.108" /></testsuite></testsuites>