<?xml version="1.0" encoding="utf-8"?><testsuites name="pytest tests"><testsuite name="pytest" errors="0" failures="0" skipped="0" tests="36" time="5.524" timestamp="2026-04-22T02:04:24.115759+00:00" hostname="agent-env-f9852866-9666-461c-9231-3ae969fe5806"><testcase classname="backend.tests.test_smart_reports_periods_iter167" name="test_smart_reports_sales_new_periods[yesterday]" time="0.505" /><testcase classname="backend.tests.test_smart_reports_periods_iter167" name="test_smart_reports_sales_new_periods[last_month]" time="0.118" /><testcase classname="backend.tests.test_smart_reports_periods_iter167" name="test_smart_reports_sales_new_periods[six_months]" time="0.125" /><testcase classname="backend.tests.test_smart_reports_periods_iter167" name="test_smart_reports_sales_new_periods[year]" time="0.132" /><testcase classname="backend.tests.test_smart_reports_periods_iter167" name="test_smart_reports_products_new_periods[yesterday]" time="0.114" /><testcase classname="backend.tests.test_smart_reports_periods_iter167" name="test_smart_reports_products_new_periods[last_month]" time="0.178" /><testcase classname="backend.tests.test_smart_reports_periods_iter167" name="test_smart_reports_products_new_periods[six_months]" time="0.126" /><testcase classname="backend.tests.test_smart_reports_periods_iter167" name="test_smart_reports_products_new_periods[year]" time="0.321" /><testcase classname="backend.tests.test_smart_reports_periods_iter167" name="test_smart_reports_sales_yesterday_filters_correctly" time="0.111" /><testcase classname="backend.tests.test_smart_reports_periods_iter167" name="test_smart_reports_sales_last_month_returns_finite_value" time="0.115" /><testcase classname="backend.tests.test_smart_reports_periods_iter167" name="test_smart_reports_sales_six_months_ge_month" time="0.290" /><testcase classname="backend.tests.test_smart_reports_periods_iter167" name="test_reports_expenses_basic" time="0.116" /><testcase classname="backend.tests.test_smart_reports_periods_iter167" name="test_reports_expenses_with_cashier_filter" time="0.240" /><testcase classname="backend.tests.test_smart_reports_periods_iter167" name="test_reports_expenses_with_invalid_cashier_returns_empty" time="0.143" /><testcase classname="backend.tests.test_smart_reports_periods_iter167" name="test_reports_expenses_with_date_range" time="0.126" /><testcase classname="backend.tests.test_smart_reports_periods_iter167" name="test_reports_expenses_combined_filters" time="0.127" /><testcase classname="backend.tests.test_smart_reports_periods_iter167" name="test_reports_endpoint_with_date_range[/api/reports/sales]" time="0.122" /><testcase classname="backend.tests.test_smart_reports_periods_iter167" name="test_reports_endpoint_with_date_range[/api/reports/purchases]" time="0.110" /><testcase classname="backend.tests.test_smart_reports_periods_iter167" name="test_reports_endpoint_with_date_range[/api/reports/products]" time="0.111" /><testcase classname="backend.tests.test_smart_reports_periods_iter167" name="test_reports_endpoint_with_date_range[/api/reports/profit-loss]" time="0.131" /><testcase classname="backend.tests.test_smart_reports_periods_iter167" name="test_reports_endpoint_with_date_range[/api/reports/delivery-credits]" time="0.118" /><testcase classname="backend.tests.test_smart_reports_periods_iter167" name="test_reports_endpoint_with_date_range[/api/reports/cancellations]" time="0.113" /><testcase classname="backend.tests.test_smart_reports_periods_iter167" name="test_reports_endpoint_with_date_range[/api/reports/discounts]" time="0.118" /><testcase classname="backend.tests.test_smart_reports_periods_iter167" name="test_reports_endpoint_with_date_range[/api/reports/credit]" time="0.112" /><testcase classname="backend.tests.test_smart_reports_periods_iter167" name="test_reports_endpoint_with_date_range[/api/reports/card]" time="0.119" /><testcase classname="backend.tests.test_smart_reports_periods_iter167" name="test_reports_endpoint_no_date_filter[/api/reports/sales]" time="0.134" /><testcase classname="backend.tests.test_smart_reports_periods_iter167" name="test_reports_endpoint_no_date_filter[/api/reports/purchases]" time="0.117" /><testcase classname="backend.tests.test_smart_reports_periods_iter167" name="test_reports_endpoint_no_date_filter[/api/reports/products]" time="0.116" /><testcase classname="backend.tests.test_smart_reports_periods_iter167" name="test_reports_endpoint_no_date_filter[/api/reports/profit-loss]" time="0.126" /><testcase classname="backend.tests.test_smart_reports_periods_iter167" name="test_reports_endpoint_no_date_filter[/api/reports/delivery-credits]" time="0.115" /><testcase classname="backend.tests.test_smart_reports_periods_iter167" name="test_reports_endpoint_no_date_filter[/api/reports/cancellations]" time="0.108" /><testcase classname="backend.tests.test_smart_reports_periods_iter167" name="test_reports_endpoint_no_date_filter[/api/reports/discounts]" time="0.138" /><testcase classname="backend.tests.test_smart_reports_periods_iter167" name="test_reports_endpoint_no_date_filter[/api/reports/credit]" time="0.107" /><testcase classname="backend.tests.test_smart_reports_periods_iter167" name="test_reports_endpoint_no_date_filter[/api/reports/card]" time="0.116" /><testcase classname="backend.tests.test_smart_reports_periods_iter167" name="test_migration_business_dates_idempotent" time="0.309" /><testcase classname="backend.tests.test_smart_reports_periods_iter167" name="test_smart_reports_sales_invalid_period_default" time="0.111" /></testsuite></testsuites>