<?xml version="1.0" encoding="utf-8"?><testsuites name="pytest tests"><testsuite name="pytest" errors="0" failures="0" skipped="0" tests="44" time="1.678" timestamp="2026-06-29T19:23:25.795582+00:00" hostname="agent-env-7f37fc90-76d2-4f70-98cb-de3450e554de"><testcase classname="tests.test_security_hardening_iter247.TestRegisterEndpoint" name="test_register_anonymous_rejected" time="0.005" /><testcase classname="tests.test_security_hardening_iter247.TestRegisterEndpoint" name="test_admin_can_create_cashier" time="0.453" /><testcase classname="tests.test_security_hardening_iter247.TestRegisterEndpoint" name="test_admin_cannot_create_super_admin" time="0.003" /><testcase classname="tests.test_security_hardening_iter247.TestRegisterEndpoint" name="test_admin_cannot_create_admin" time="0.003" /><testcase classname="tests.test_security_hardening_iter247.TestLoginSecretKey" name="test_super_admin_without_secret_rejected" time="0.224" /><testcase classname="tests.test_security_hardening_iter247.TestLoginSecretKey" name="test_super_admin_with_secret_ok" time="0.226" /><testcase classname="tests.test_security_hardening_iter247.TestLoginSecretKey" name="test_normal_admin_login_no_secret" time="0.226" /><testcase classname="tests.test_security_hardening_iter247.TestUsersCRUDRoleGuard" name="test_create_user_super_admin_blocked" time="0.003" /><testcase classname="tests.test_security_hardening_iter247.TestUsersCRUDRoleGuard" name="test_create_user_admin_blocked" time="0.003" /><testcase classname="tests.test_security_hardening_iter247.TestUsersCRUDRoleGuard" name="test_create_user_cashier_ok_then_block_role_escalation" time="0.230" /><testcase classname="tests.test_security_hardening_iter247.TestInventorySystemAuth" name="test_anon_blocked[/api/purchases-new]" time="0.003" /><testcase classname="tests.test_security_hardening_iter247.TestInventorySystemAuth" name="test_anon_blocked[/api/inventory-stats]" time="0.003" /><testcase classname="tests.test_security_hardening_iter247.TestInventorySystemAuth" name="test_anon_blocked[/api/manufactured-products]" time="0.003" /><testcase classname="tests.test_security_hardening_iter247.TestInventorySystemAuth" name="test_anon_blocked[/api/manufacturing-inventory]" time="0.003" /><testcase classname="tests.test_security_hardening_iter247.TestInventorySystemAuth" name="test_anon_blocked[/api/manufacturing-requests]" time="0.003" /><testcase classname="tests.test_security_hardening_iter247.TestInventorySystemAuth" name="test_anon_blocked[/api/warehouse-transfers]" time="0.003" /><testcase classname="tests.test_security_hardening_iter247.TestInventorySystemAuth" name="test_anon_blocked[/api/inventory-settings]" time="0.003" /><testcase classname="tests.test_security_hardening_iter247.TestInventorySystemAuth" name="test_anon_blocked[/api/warehouse-notifications]" time="0.003" /><testcase classname="tests.test_security_hardening_iter247.TestInventorySystemAuth" name="test_anon_blocked[/api/purchase-requests]" time="0.003" /><testcase classname="tests.test_security_hardening_iter247.TestInventorySystemAuth" name="test_anon_blocked[/api/warehouse-transactions]" time="0.003" /><testcase classname="tests.test_security_hardening_iter247.TestInventorySystemAuth" name="test_anon_blocked[/api/branch-orders-new]" time="0.003" /><testcase classname="tests.test_security_hardening_iter247.TestInventorySystemAuth" name="test_admin_allowed[/api/purchases-new]" time="0.009" /><testcase classname="tests.test_security_hardening_iter247.TestInventorySystemAuth" name="test_admin_allowed[/api/inventory-stats]" time="0.026" /><testcase classname="tests.test_security_hardening_iter247.TestInventorySystemAuth" name="test_admin_allowed[/api/manufactured-products]" time="0.024" /><testcase classname="tests.test_security_hardening_iter247.TestInventorySystemAuth" name="test_admin_allowed[/api/manufacturing-inventory]" time="0.004" /><testcase classname="tests.test_security_hardening_iter247.TestInventorySystemAuth" name="test_admin_allowed[/api/manufacturing-requests]" time="0.004" /><testcase classname="tests.test_security_hardening_iter247.TestInventorySystemAuth" name="test_admin_allowed[/api/warehouse-transfers]" time="0.007" /><testcase classname="tests.test_security_hardening_iter247.TestInventorySystemAuth" name="test_admin_allowed[/api/inventory-settings]" time="0.004" /><testcase classname="tests.test_security_hardening_iter247.TestInventorySystemAuth" name="test_admin_allowed[/api/warehouse-notifications]" time="0.008" /><testcase classname="tests.test_security_hardening_iter247.TestInventorySystemAuth" name="test_admin_allowed[/api/purchase-requests]" time="0.004" /><testcase classname="tests.test_security_hardening_iter247.TestInventorySystemAuth" name="test_admin_allowed[/api/warehouse-transactions]" time="0.004" /><testcase classname="tests.test_security_hardening_iter247.TestInventorySystemAuth" name="test_admin_allowed[/api/branch-orders-new]" time="0.004" /><testcase classname="tests.test_security_hardening_iter247.TestInventorySystemAuth" name="test_suppliers_id_anon_blocked" time="0.003" /><testcase classname="tests.test_security_hardening_iter247.TestInventorySystemAuth" name="test_branch_inventory_anon_blocked" time="0.003" /><testcase classname="tests.test_security_hardening_iter247.TestInventorySystemAuth" name="test_purchases_new_id_anon_blocked" time="0.003" /><testcase classname="tests.test_security_hardening_iter247.TestCallCenterWebhook" name="test_webhook_anon_rejected" time="0.003" /><testcase classname="tests.test_security_hardening_iter247.TestCallCenterWebhook" name="test_webhook_wrong_secret_rejected" time="0.002" /><testcase classname="tests.test_security_hardening_iter247.TestInitDbAndSeed" name="test_init_db_no_key" time="0.002" /><testcase classname="tests.test_security_hardening_iter247.TestInitDbAndSeed" name="test_seed_anon" time="0.002" /><testcase classname="tests.test_security_hardening_iter247.TestInitDbAndSeed" name="test_seed_admin_blocked" time="0.003" /><testcase classname="tests.test_security_hardening_iter247.TestCustomerMenuLeak" name="test_menu_no_sensitive_fields" time="0.006" /><testcase classname="tests.test_security_hardening_iter247.TestAdminRegression" name="test_products" time="0.004" /><testcase classname="tests.test_security_hardening_iter247.TestAdminRegression" name="test_categories" time="0.003" /><testcase classname="tests.test_security_hardening_iter247.TestAdminRegression" name="test_orders" time="0.004" /></testsuite></testsuites>