<?xml version="1.0" encoding="utf-8"?><testsuites name="pytest tests"><testsuite name="pytest" errors="0" failures="2" skipped="0" tests="13" time="2.928" timestamp="2026-07-06T13:14:58.128515+00:00" hostname="agent-env-80cf9dcd-2dca-4f42-b087-c6fb123619b1"><testcase classname="tests.test_public_contact_and_regression.TestPublicInvoiceSettings" name="test_no_auth_returns_200_with_full_contact" time="0.134" /><testcase classname="tests.test_public_contact_and_regression.TestPublicInvoiceSettings" name="test_no_auth_header_variants" time="0.118" /><testcase classname="tests.test_public_contact_and_regression.TestAuthRegression" name="test_owner_no_secret_403" time="0.330" /><testcase classname="tests.test_public_contact_and_regression.TestAuthRegression" name="test_owner_with_secret_200" time="0.324" /><testcase classname="tests.test_public_contact_and_regression.TestAuthRegression" name="test_admin_no_secret_200" time="0.330" /><testcase classname="tests.test_public_contact_and_regression.TestPublicMenuNoLeak" name="test_menu_default_no_sensitive" time="0.110" /><testcase classname="tests.test_public_contact_and_regression.TestProductsCost" name="test_cashier_sees_zero_cost" time="0.440" /><testcase classname="tests.test_public_contact_and_regression.TestProductsCost" name="test_admin_sees_real_cost" time="0.487" /><testcase classname="tests.test_public_contact_and_regression.TestCashierForbidden" name="test_payment_settings_403" time="0.112" /><testcase classname="tests.test_public_contact_and_regression.TestCashierForbidden" name="test_supplier_dues_403" time="0.097" /><testcase classname="tests.test_public_contact_and_regression.TestCashierForbidden" name="test_callcenter_simulate_403" time="0.114" /><testcase classname="tests.test_public_contact_and_regression.TestOrderValidation" name="test_negative_price_400" time="0.107"><failure message="AssertionError: {&quot;detail&quot;:[{&quot;type&quot;:&quot;missing&quot;,&quot;loc&quot;:[&quot;body&quot;,&quot;items&quot;,0,&quot;product_name&quot;],&quot;msg&quot;:&quot;Field required&quot;,&quot;input&quot;:{&quot;product_id&quot;:&quot;x&quot;,&quot;name&quot;:&quot;t&quot;,&quot;quantity&quot;:1,&quot;price&quot;:-5},&quot;url&quot;:&quot;https://errors.pydantic.dev/2.12/v/missing&quot;},{&quot;type&quot;:&quot;missing&quot;,&quot;loc&quot;:[&quot;body&quot;,&quot;branch_id&quot;],&quot;msg&quot;:&quot;Field required&quot;,&quot;input&quot;:{&quot;items&quot;:[{&quot;product_id&quot;:&quot;x&quot;,&quot;name&quot;:&quot;t&quot;,&quot;quantity&quot;:1,&quot;price&quot;:-5}],&quot;payment_method&quot;:&quot;cash&quot;,&quot;order_type&quot;:&quot;dine_in&quot;},&quot;url&quot;:&quot;https://errors.pydantic.dev/2.12/v/missing&quot;}]}&#10;assert 422 == 400&#10; +  where 422 = &lt;Response [422]&gt;.status_code">backend/tests/test_public_contact_and_regression.py:129: in test_negative_price_400
    assert r.status_code == 400, r.text
E   AssertionError: {"detail":[{"type":"missing","loc":["body","items",0,"product_name"],"msg":"Field required","input":{"product_id":"x","name":"t","quantity":1,"price":-5},"url":"https://errors.pydantic.dev/2.12/v/missing"},{"type":"missing","loc":["body","branch_id"],"msg":"Field required","input":{"items":[{"product_id":"x","name":"t","quantity":1,"price":-5}],"payment_method":"cash","order_type":"dine_in"},"url":"https://errors.pydantic.dev/2.12/v/missing"}]}
E   assert 422 == 400
E    +  where 422 = &lt;Response [422]&gt;.status_code</failure></testcase><testcase classname="tests.test_public_contact_and_regression.TestOrderValidation" name="test_zero_price_high_qty_400" time="0.107"><failure message="AssertionError: {&quot;detail&quot;:[{&quot;type&quot;:&quot;missing&quot;,&quot;loc&quot;:[&quot;body&quot;,&quot;items&quot;,0,&quot;product_name&quot;],&quot;msg&quot;:&quot;Field required&quot;,&quot;input&quot;:{&quot;product_id&quot;:&quot;x&quot;,&quot;name&quot;:&quot;t&quot;,&quot;quantity&quot;:999,&quot;price&quot;:0},&quot;url&quot;:&quot;https://errors.pydantic.dev/2.12/v/missing&quot;},{&quot;type&quot;:&quot;missing&quot;,&quot;loc&quot;:[&quot;body&quot;,&quot;branch_id&quot;],&quot;msg&quot;:&quot;Field required&quot;,&quot;input&quot;:{&quot;items&quot;:[{&quot;product_id&quot;:&quot;x&quot;,&quot;name&quot;:&quot;t&quot;,&quot;quantity&quot;:999,&quot;price&quot;:0}],&quot;payment_method&quot;:&quot;cash&quot;,&quot;order_type&quot;:&quot;dine_in&quot;},&quot;url&quot;:&quot;https://errors.pydantic.dev/2.12/v/missing&quot;}]}&#10;assert 422 == 400&#10; +  where 422 = &lt;Response [422]&gt;.status_code">backend/tests/test_public_contact_and_regression.py:138: in test_zero_price_high_qty_400
    assert r.status_code == 400, r.text
E   AssertionError: {"detail":[{"type":"missing","loc":["body","items",0,"product_name"],"msg":"Field required","input":{"product_id":"x","name":"t","quantity":999,"price":0},"url":"https://errors.pydantic.dev/2.12/v/missing"},{"type":"missing","loc":["body","branch_id"],"msg":"Field required","input":{"items":[{"product_id":"x","name":"t","quantity":999,"price":0}],"payment_method":"cash","order_type":"dine_in"},"url":"https://errors.pydantic.dev/2.12/v/missing"}]}
E   assert 422 == 400
E    +  where 422 = &lt;Response [422]&gt;.status_code</failure></testcase></testsuite></testsuites>