<?xml version="1.0" encoding="utf-8"?><testsuites name="pytest tests"><testsuite name="pytest" errors="0" failures="0" skipped="0" tests="7" time="2.818" timestamp="2026-06-16T00:08:54.399431+00:00" hostname="agent-env-4aa2232a-e3ab-4555-810c-25c3902d647f"><testcase classname="tests.test_leave_permissions_full" name="test_create_hourly_returns_pending" time="0.679" /><testcase classname="tests.test_leave_permissions_full" name="test_pending_count_increases" time="0.317" /><testcase classname="tests.test_leave_permissions_full" name="test_sick_create_and_approve_creates_attendance" time="0.419" /><testcase classname="tests.test_leave_permissions_full" name="test_travel_approve_decreases_annual_balance" time="0.211" /><testcase classname="tests.test_leave_permissions_full" name="test_hourly_approve_creates_bonus" time="0.199" /><testcase classname="tests.test_leave_permissions_full" name="test_list_returns_enriched_fields" time="0.114" /><testcase classname="tests.test_leave_permissions_full" name="test_cashier_cannot_create_or_approve" time="0.614" /></testsuite></testsuites>