<?xml version="1.0" encoding="utf-8"?><testsuites name="pytest tests"><testsuite name="pytest" errors="0" failures="0" skipped="0" tests="4" time="1.830" timestamp="2026-06-15T12:01:28.329084+00:00" hostname="agent-env-4aa2232a-e3ab-4555-810c-25c3902d647f"><testcase classname="tests.test_iter241_external_purchases_and_driver" name="test_purchases_report_has_invoice_image_url" time="0.706" /><testcase classname="tests.test_iter241_external_purchases_and_driver" name="test_price_increase_report_returns_data" time="0.098" /><testcase classname="tests.test_iter241_external_purchases_and_driver" name="test_price_increase_reason_required_on_purchase_create" time="0.294" /><testcase classname="tests.test_iter241_external_purchases_and_driver" name="test_driver_freed_on_order_reject" time="0.634" /></testsuite></testsuites>