<?xml version="1.0" encoding="utf-8"?><testsuites name="pytest tests"><testsuite name="pytest" errors="0" failures="0" skipped="0" tests="6" time="5.750" timestamp="2026-07-07T17:55:10.375216+00:00" hostname="agent-env-aa4ef5f0-1a04-432e-a4bc-5da3001c67f9"><testcase classname="tests.test_ahmed_shift_close_regression" name="test_summary_requires_shift_id_and_returns_correct_totals" time="2.072" /><testcase classname="tests.test_ahmed_shift_close_regression" name="test_summary_isolation_across_shifts" time="0.021" /><testcase classname="tests.test_lazy_shift_and_daily_isolation" name="test_A_cashier_without_shift_first_order_opens_shift" time="0.760" /><testcase classname="tests.test_lazy_shift_and_daily_isolation" name="test_B_stale_shift_auto_closes_and_new_opens" time="0.527" /><testcase classname="tests.test_lazy_shift_and_daily_isolation" name="test_C_two_orders_same_day_same_shift" time="0.830" /><testcase classname="tests.test_lazy_shift_and_daily_isolation" name="test_D_summary_matches_exact_cashier_sales" time="1.154" /></testsuite></testsuites>