<?xml version="1.0" encoding="utf-8"?><testsuites name="pytest tests"><testsuite name="pytest" errors="0" failures="0" skipped="0" tests="5" time="1.954" timestamp="2026-07-06T20:18:11.239072+00:00" hostname="agent-env-a3cba797-7aee-48c7-978a-9e0056d69a46"><testcase classname="tests.test_driver_customer_email_iter278" name="test_driver_create_update_email" time="0.949" /><testcase classname="tests.test_driver_customer_email_iter278" name="test_driver_create_without_email" time="0.097" /><testcase classname="tests.test_driver_customer_email_iter278" name="test_customer_create_update_email" time="0.496" /><testcase classname="tests.test_driver_customer_email_iter278" name="test_customer_create_without_email" time="0.109" /><testcase classname="tests.test_driver_customer_email_iter278" name="test_sanity_lists" time="0.210" /></testsuite></testsuites>