<?xml version="1.0" encoding="utf-8"?><testsuites name="pytest tests"><testsuite name="pytest" errors="0" failures="0" skipped="0" tests="15" time="42.944" timestamp="2026-07-04T17:53:13.729989+00:00" hostname="agent-env-80cf9dcd-2dca-4f42-b087-c6fb123619b1"><testcase classname="tests.test_probe_purge_iter272.TestAutoProbeCleanup" name="test_auto_purge_on_startup" time="18.262" /><testcase classname="tests.test_probe_purge_iter272.TestAutoProbeCleanup" name="test_idempotent_second_restart" time="17.972" /><testcase classname="tests.test_probe_purge_iter272.TestAdminPurgeEndpoint" name="test_dry_run_preview" time="0.873" /><testcase classname="tests.test_probe_purge_iter272.TestAdminPurgeEndpoint" name="test_actual_delete" time="0.453" /><testcase classname="tests.test_probe_purge_iter272.TestAdminPurgeEndpoint" name="test_cashier_forbidden" time="0.421" /><testcase classname="tests.test_probe_purge_iter272.TestAdminPurgeEndpoint" name="test_missing_params_400" time="0.447" /><testcase classname="tests.test_probe_purge_iter272.TestIter271Regression" name="test_public_customer_menu_no_secrets" time="0.109" /><testcase classname="tests.test_probe_purge_iter272.TestIter271Regression" name="test_owner_login_requires_secret" time="0.639" /><testcase classname="tests.test_probe_purge_iter272.TestIter271Regression" name="test_admin_login_no_secret_required" time="0.331" /><testcase classname="tests.test_probe_purge_iter272.TestIter271Regression" name="test_cashier_products_cost_hidden" time="0.422" /><testcase classname="tests.test_probe_purge_iter272.TestIter271Regression" name="test_admin_products_cost_visible" time="0.424" /><testcase classname="tests.test_probe_purge_iter272.TestIter271Regression" name="test_cashier_forbidden_endpoints" time="0.622" /><testcase classname="tests.test_probe_purge_iter272.TestIter271Regression" name="test_cashier_invoice_settings_masked" time="0.447" /><testcase classname="tests.test_probe_purge_iter272.TestIter271Regression" name="test_order_price_guard_negative" time="0.614" /><testcase classname="tests.test_probe_purge_iter272.TestIter271Regression" name="test_order_price_guard_zero_high_qty" time="0.641" /></testsuite></testsuites>