<?xml version="1.0" encoding="utf-8"?><testsuites name="pytest tests"><testsuite name="pytest" errors="0" failures="1" skipped="2" tests="25" time="2.957" timestamp="2026-05-14T19:16:20.913616+00:00" hostname="agent-env-a410367a-0591-4275-a73e-fbf2b433151b"><testcase classname="backend.tests.test_iter181_recent_features.TestAuthSanity" name="test_login" time="0.572" /><testcase classname="backend.tests.test_iter181_recent_features.TestAuthSanity" name="test_me" time="0.060" /><testcase classname="backend.tests.test_iter181_recent_features.TestManufacturingCost" name="test_list_manufactured_products" time="0.064"><failure message="AssertionError: Missing production_cost / raw_material_cost_after_waste in: ['id', 'name', 'name_en', 'unit', 'recipe', 'quantity', 'min_quantity', 'raw_material_cost', 'selling_price', 'profit_margin', 'category', 'last_updated', 'created_at', 'total_produced', 'transferred_quantity', 'tenant_id', 'remaining_quantity']&#10;assert False">backend/tests/test_iter181_recent_features.py:115: in test_list_manufactured_products
    assert has_after, f"Missing production_cost / raw_material_cost_after_waste in: {list(p.keys())}"
E   AssertionError: Missing production_cost / raw_material_cost_after_waste in: ['id', 'name', 'name_en', 'unit', 'recipe', 'quantity', 'min_quantity', 'raw_material_cost', 'selling_price', 'profit_margin', 'category', 'last_updated', 'created_at', 'total_produced', 'transferred_quantity', 'tenant_id', 'remaining_quantity']
E   assert False</failure></testcase><testcase classname="backend.tests.test_iter181_recent_features.TestInventoryMovements" name="test_list_all" time="0.060" /><testcase classname="backend.tests.test_iter181_recent_features.TestInventoryMovements" name="test_filter_by_date" time="0.057" /><testcase classname="backend.tests.test_iter181_recent_features.TestInventoryMovements" name="test_filter_by_type" time="0.054" /><testcase classname="backend.tests.test_iter181_recent_features.TestBranchStockCount" name="test_template_or_today" time="0.124" /><testcase classname="backend.tests.test_iter181_recent_features.TestBranchStockCount" name="test_submit_empty_count_ok" time="0.082" /><testcase classname="backend.tests.test_iter181_recent_features.TestBranchStockCount" name="test_submit_with_variance_and_loss_distribution" time="0.058"><skipped type="pytest.skip" message="No products available in branch to test variance">/app/backend/tests/test_iter181_recent_features.py:192: No products available in branch to test variance</skipped></testcase><testcase classname="backend.tests.test_iter181_recent_features.TestBranchStockCount" name="test_history" time="0.056" /><testcase classname="backend.tests.test_iter181_recent_features.TestCashRegisterCloseBlock" name="test_close_without_count_returns_409_when_missing" time="0.052" /><testcase classname="backend.tests.test_iter181_recent_features.TestSmartPurchaseSuggestions" name="test_no_materials_returns_empty" time="0.067" /><testcase classname="backend.tests.test_iter181_recent_features.TestSmartPurchaseSuggestions" name="test_real_material_30_day_avg" time="0.123" /><testcase classname="backend.tests.test_iter181_recent_features.TestWarehousePurchaseRequestFlow" name="test_list_endpoint" time="0.055" /><testcase classname="backend.tests.test_iter181_recent_features.TestWarehousePurchaseRequestFlow" name="test_price_and_convert_to_invoice" time="0.352" /><testcase classname="backend.tests.test_iter181_recent_features.TestMonthlyStocktake" name="test_is_due" time="0.053" /><testcase classname="backend.tests.test_iter181_recent_features.TestMonthlyStocktake" name="test_template_per_department" time="0.164" /><testcase classname="backend.tests.test_iter181_recent_features.TestMonthlyStocktake" name="test_submit_empty" time="0.061" /><testcase classname="backend.tests.test_iter181_recent_features.TestHRSalaryReceipt" name="test_payroll_list" time="0.051" /><testcase classname="backend.tests.test_iter181_recent_features.TestHRSalaryReceipt" name="test_print_data_for_payroll" time="0.053"><skipped type="pytest.skip" message="No payroll records to test print receipt">/app/backend/tests/test_iter181_recent_features.py:427: No payroll records to test print receipt</skipped></testcase><testcase classname="backend.tests.test_iter181_recent_features.TestBiometricQueuePending" name="test_pending_no_auth" time="0.211" /><testcase classname="backend.tests.test_iter181_recent_features.TestBiometricQueuePending" name="test_pending_with_branch_filter" time="0.222" /><testcase classname="backend.tests.test_iter181_recent_features.TestWasteEfficiency" name="test_default_period" time="0.054" /><testcase classname="backend.tests.test_iter181_recent_features.TestWasteEfficiency" name="test_custom_filters" time="0.052" /><testcase classname="backend.tests.test_iter181_recent_features.TestStockoutPredictions" name="test_basic" time="0.080" /></testsuite></testsuites>