<?xml version="1.0" encoding="utf-8"?><testsuites name="pytest tests"><testsuite name="pytest" errors="0" failures="1" skipped="0" tests="59" time="8.875" timestamp="2026-06-30T11:08:42.865187+00:00" hostname="agent-env-54ddd69e-a332-48b6-a0a6-134dfdcb0de7"><testcase classname="tests.test_rbac_hardening_iter255" name="test_cashier_blocked_on_sensitive[/api/employees]" time="1.837" /><testcase classname="tests.test_rbac_hardening_iter255" name="test_cashier_blocked_on_sensitive[/api/payroll/payments]" time="0.095" /><testcase classname="tests.test_rbac_hardening_iter255" name="test_cashier_blocked_on_sensitive[/api/advances]" time="0.139" /><testcase classname="tests.test_rbac_hardening_iter255" name="test_cashier_blocked_on_sensitive[/api/deductions]" time="0.096" /><testcase classname="tests.test_rbac_hardening_iter255" name="test_cashier_blocked_on_sensitive[/api/reports/products]" time="0.099" /><testcase classname="tests.test_rbac_hardening_iter255" name="test_cashier_blocked_on_sensitive[/api/reports/sales]" time="0.135" /><testcase classname="tests.test_rbac_hardening_iter255" name="test_cashier_blocked_on_sensitive[/api/smart-reports/sales]" time="0.094" /><testcase classname="tests.test_rbac_hardening_iter255" name="test_cashier_blocked_on_sensitive[/api/dashboard/stats]" time="0.148" /><testcase classname="tests.test_rbac_hardening_iter255" name="test_cashier_blocked_on_sensitive[/api/break-even/daily]" time="0.160" /><testcase classname="tests.test_rbac_hardening_iter255" name="test_cashier_blocked_on_sensitive[/api/inventory-stats]" time="0.111" /><testcase classname="tests.test_rbac_hardening_iter255" name="test_cashier_blocked_on_sensitive[/api/inventory-settings]" time="0.096" /><testcase classname="tests.test_rbac_hardening_iter255" name="test_cashier_blocked_on_sensitive[/api/suppliers]" time="0.100" /><testcase classname="tests.test_rbac_hardening_iter255" name="test_cashier_blocked_on_sensitive[/api/purchases-new]" time="0.119" /><testcase classname="tests.test_rbac_hardening_iter255" name="test_cashier_blocked_on_sensitive[/api/purchase-requests]" time="0.104" /><testcase classname="tests.test_rbac_hardening_iter255" name="test_cashier_blocked_on_sensitive[/api/manufactured-products]" time="0.099" /><testcase classname="tests.test_rbac_hardening_iter255" name="test_cashier_blocked_on_sensitive[/api/manufacturing-requests]" time="0.099" /><testcase classname="tests.test_rbac_hardening_iter255" name="test_cashier_blocked_on_sensitive[/api/manufacturing-inventory]" time="0.104" /><testcase classname="tests.test_rbac_hardening_iter255" name="test_cashier_blocked_on_sensitive[/api/warehouse-transfers]" time="0.101" /><testcase classname="tests.test_rbac_hardening_iter255" name="test_cashier_blocked_on_sensitive[/api/raw-materials]" time="0.127" /><testcase classname="tests.test_rbac_hardening_iter255" name="test_cashier_operational_ok[/api/products]" time="0.112" /><testcase classname="tests.test_rbac_hardening_iter255" name="test_cashier_operational_ok[/api/categories]" time="0.184" /><testcase classname="tests.test_rbac_hardening_iter255" name="test_cashier_operational_ok[/api/orders]" time="0.107" /><testcase classname="tests.test_rbac_hardening_iter255" name="test_cashier_operational_ok[/api/branches]" time="0.116" /><testcase classname="tests.test_rbac_hardening_iter255" name="test_cashier_operational_ok[/api/drivers]" time="0.124" /><testcase classname="tests.test_rbac_hardening_iter255" name="test_cashier_operational_ok[/api/shifts/current]" time="0.128" /><testcase classname="tests.test_rbac_hardening_iter255" name="test_admin_can_access_sensitive[/api/employees]" time="0.119" /><testcase classname="tests.test_rbac_hardening_iter255" name="test_admin_can_access_sensitive[/api/payroll/payments]" time="0.128" /><testcase classname="tests.test_rbac_hardening_iter255" name="test_admin_can_access_sensitive[/api/advances]" time="0.117" /><testcase classname="tests.test_rbac_hardening_iter255" name="test_admin_can_access_sensitive[/api/deductions]" time="0.152" /><testcase classname="tests.test_rbac_hardening_iter255" name="test_admin_can_access_sensitive[/api/reports/products]" time="0.112" /><testcase classname="tests.test_rbac_hardening_iter255" name="test_admin_can_access_sensitive[/api/reports/sales]" time="0.121" /><testcase classname="tests.test_rbac_hardening_iter255" name="test_admin_can_access_sensitive[/api/smart-reports/sales]" time="0.168" /><testcase classname="tests.test_rbac_hardening_iter255" name="test_admin_can_access_sensitive[/api/dashboard/stats]" time="0.164" /><testcase classname="tests.test_rbac_hardening_iter255" name="test_admin_can_access_sensitive[/api/break-even/daily]" time="0.123" /><testcase classname="tests.test_rbac_hardening_iter255" name="test_admin_can_access_sensitive[/api/inventory-stats]" time="0.135" /><testcase classname="tests.test_rbac_hardening_iter255" name="test_admin_can_access_sensitive[/api/inventory-settings]" time="0.103" /><testcase classname="tests.test_rbac_hardening_iter255" name="test_admin_can_access_sensitive[/api/suppliers]" time="0.107" /><testcase classname="tests.test_rbac_hardening_iter255" name="test_admin_can_access_sensitive[/api/purchases-new]" time="0.124" /><testcase classname="tests.test_rbac_hardening_iter255" name="test_admin_can_access_sensitive[/api/purchase-requests]" time="0.115" /><testcase classname="tests.test_rbac_hardening_iter255" name="test_admin_can_access_sensitive[/api/manufactured-products]" time="0.128" /><testcase classname="tests.test_rbac_hardening_iter255" name="test_admin_can_access_sensitive[/api/manufacturing-requests]" time="0.109" /><testcase classname="tests.test_rbac_hardening_iter255" name="test_admin_can_access_sensitive[/api/manufacturing-inventory]" time="0.113" /><testcase classname="tests.test_rbac_hardening_iter255" name="test_admin_can_access_sensitive[/api/warehouse-transfers]" time="0.119" /><testcase classname="tests.test_rbac_hardening_iter255" name="test_admin_can_access_sensitive[/api/raw-materials]" time="0.105" /><testcase classname="tests.test_rbac_hardening_iter255" name="test_warehouse_keeper_inventory_ok[/api/manufactured-products]" time="0.161" /><testcase classname="tests.test_rbac_hardening_iter255" name="test_warehouse_keeper_inventory_ok[/api/manufacturing-inventory]" time="0.126" /><testcase classname="tests.test_rbac_hardening_iter255" name="test_warehouse_keeper_inventory_ok[/api/warehouse-transfers]" time="0.111" /><testcase classname="tests.test_rbac_hardening_iter255" name="test_warehouse_keeper_inventory_ok[/api/inventory-stats]" time="0.127" /><testcase classname="tests.test_rbac_hardening_iter255" name="test_warehouse_keeper_inventory_ok[/api/raw-materials]" time="0.109" /><testcase classname="tests.test_rbac_hardening_iter255" name="test_buyer_can_access_suppliers" time="0.102" /><testcase classname="tests.test_rbac_hardening_iter255" name="test_buyer_can_access_purchases" time="0.115" /><testcase classname="tests.test_rbac_hardening_iter255" name="test_buyer_blocked_on_employees" time="0.103" /><testcase classname="tests.test_rbac_hardening_iter255" name="test_unauth_blocked[/api/employees]" time="0.096" /><testcase classname="tests.test_rbac_hardening_iter255" name="test_unauth_blocked[/api/manufactured-products]" time="0.115" /><testcase classname="tests.test_rbac_hardening_iter255" name="test_unauth_blocked[/api/purchases-new]" time="0.102" /><testcase classname="tests.test_rbac_hardening_iter255" name="test_unauth_blocked[/api/inventory-stats]" time="0.102" /><testcase classname="tests.test_rbac_hardening_iter255" name="test_branch_fields_masked_for_cashier" time="0.114" /><testcase classname="tests.test_rbac_hardening_iter255" name="test_branch_fields_visible_to_admin" time="0.104" /><testcase classname="tests.test_rbac_hardening_iter255" name="test_public_menu_no_cost_leak" time="0.113"><failure message="AssertionError: public menu must NOT expose substring 'cost'. Found in response. Snippet around it: ...ured_product_id&quot;:null,&quot;name_en&quot;:&quot;Classic Burger&quot;,&quot;packaging_cost&quot;:0.0,&quot;packaging_items&quot;:[],&quot;printer_ids&quot;:[],&quot;quantity&quot;:-6},{&quot;id&quot;:&quot;c4b4f19e-0...&#10;assert 'cost' not in '{&quot;restauran...atings&quot;:1}]}'&#10;  &#10;  'cost' is contained here:&#10;    {&quot;restaurant&quot;:{&quot;id&quot;:&quot;default&quot;,&quot;name&quot;:&quot;مطعم الاختبار&quot;,&quot;logo&quot;:&quot;&quot;,&quot;description&quot;:&quot;&quot;,&quot;phone&quot;:&quot;&quot;,&quot;address&quot;:&quot;&quot;,&quot;delivery_fee&quot;:0,&quot;min_order&quot;:0,&quot;payment_methods&quot;:[&quot;cash&quot;],&quot;menu_slug&quot;:&quot;default&quot;},&quot;categories&quot;:[{&quot;id&quot;:&quot;34bffd10-f420-42a7-98d7-fc9e4827da02&quot;,&quot;name&quot;:&quot;برغر&quot;,&quot;name_ar&quot;:&quot;برغر&quot;,&quot;sort_order&quot;:1,&quot;tenant_id&quot;:&quot;default&quot;,&quot;image&quot;:&quot;https://images.unsplash.com/photo-1635275650933-7b0911815a2e?w=400&quot;,&quot;created_at&quot;:&quot;2026-05-29t00:10:16.359121+00:00&quot;,&quot;name_en&quot;:&quot;burger&quot;},{&quot;id&quot;:&quot;1154ca38-1668-4bc3-a954-48a7a4a44df5&quot;,&quot;name&quot;:&quot;بيتزا&quot;,&quot;name_ar&quot;:&quot;بيتزا&quot;,&quot;sort_order&quot;:2,&quot;tenant_id&quot;:&quot;default&quot;...&#10;  &#10;  ...Full output truncated (2 lines hidden), use '-vv' to show">backend/tests/test_rbac_hardening_iter255.py:187: in test_public_menu_no_cost_leak
    assert forbidden not in body_lower, (
E   AssertionError: public menu must NOT expose substring 'cost'. Found in response. Snippet around it: ...ured_product_id":null,"name_en":"Classic Burger","packaging_cost":0.0,"packaging_items":[],"printer_ids":[],"quantity":-6},{"id":"c4b4f19e-0...
E   assert 'cost' not in '{"restauran...atings":1}]}'
E     
E     'cost' is contained here:
E       {"restaurant":{"id":"default","name":"مطعم الاختبار","logo":"","description":"","phone":"","address":"","delivery_fee":0,"min_order":0,"payment_methods":["cash"],"menu_slug":"default"},"categories":[{"id":"34bffd10-f420-42a7-98d7-fc9e4827da02","name":"برغر","name_ar":"برغر","sort_order":1,"tenant_id":"default","image":"https://images.unsplash.com/photo-1635275650933-7b0911815a2e?w=400","created_at":"2026-05-29t00:10:16.359121+00:00","name_en":"burger"},{"id":"1154ca38-1668-4bc3-a954-48a7a4a44df5","name":"بيتزا","name_ar":"بيتزا","sort_order":2,"tenant_id":"default"...
E     
E     ...Full output truncated (2 lines hidden), use '-vv' to show</failure></testcase></testsuite></testsuites>