<?xml version="1.0" encoding="utf-8"?><testsuites name="pytest tests"><testsuite name="pytest" errors="0" failures="0" skipped="0" tests="25" time="1.313" timestamp="2026-06-29T19:30:31.194763+00:00" hostname="agent-env-7f37fc90-76d2-4f70-98cb-de3450e554de"><testcase classname="tests.test_security_hardening_iter248.TestOrderNotificationsAnon" name="test_get_escalations_anon_blocked" time="0.004" /><testcase classname="tests.test_security_hardening_iter248.TestOrderNotificationsAnon" name="test_get_notifications_anon_blocked" time="0.002" /><testcase classname="tests.test_security_hardening_iter248.TestOrderNotificationsAnon" name="test_post_notification_anon_blocked" time="0.002" /><testcase classname="tests.test_security_hardening_iter248.TestOrderNotificationsAnon" name="test_put_mark_read_anon_blocked" time="0.002" /><testcase classname="tests.test_security_hardening_iter248.TestOrderNotificationsAnon" name="test_put_mark_all_read_anon_blocked" time="0.002" /><testcase classname="tests.test_security_hardening_iter248.TestOrderNotificationsAnon" name="test_put_mark_printed_anon_blocked" time="0.002" /><testcase classname="tests.test_security_hardening_iter248.TestOrderNotificationsAnon" name="test_delete_cleanup_anon_blocked" time="0.002" /><testcase classname="tests.test_security_hardening_iter248.TestOrderNotificationsAdmin" name="test_get_escalations_admin_ok" time="0.230" /><testcase classname="tests.test_security_hardening_iter248.TestOrderNotificationsAdmin" name="test_get_notifications_admin_ok" time="0.003" /><testcase classname="tests.test_security_hardening_iter248.TestOrderNotificationsAdmin" name="test_put_mark_all_read_admin_ok" time="0.003" /><testcase classname="tests.test_security_hardening_iter248.TestIter247Regression" name="test_register_anonymous_rejected" time="0.002" /><testcase classname="tests.test_security_hardening_iter248.TestIter247Regression" name="test_admin_create_super_admin_blocked" time="0.007" /><testcase classname="tests.test_security_hardening_iter248.TestIter247Regression" name="test_admin_create_cashier_ok" time="0.226" /><testcase classname="tests.test_security_hardening_iter248.TestIter247Regression" name="test_owner_no_secret_rejected" time="0.225" /><testcase classname="tests.test_security_hardening_iter248.TestIter247Regression" name="test_owner_with_secret_ok" time="0.226" /><testcase classname="tests.test_security_hardening_iter248.TestIter247Regression" name="test_admin_normal_login" time="0.226" /><testcase classname="tests.test_security_hardening_iter248.TestIter247Regression" name="test_inventory_anon_blocked[/api/purchases-new]" time="0.003" /><testcase classname="tests.test_security_hardening_iter248.TestIter247Regression" name="test_inventory_anon_blocked[/api/inventory-stats]" time="0.003" /><testcase classname="tests.test_security_hardening_iter248.TestIter247Regression" name="test_inventory_anon_blocked[/api/manufactured-products]" time="0.003" /><testcase classname="tests.test_security_hardening_iter248.TestIter247Regression" name="test_callcenter_webhook_no_secret" time="0.002" /><testcase classname="tests.test_security_hardening_iter248.TestIter247Regression" name="test_init_db_no_key" time="0.002" /><testcase classname="tests.test_security_hardening_iter248.TestIter247Regression" name="test_customer_menu_no_sensitive" time="0.006" /><testcase classname="tests.test_security_hardening_iter248.TestIter247Regression" name="test_admin_products" time="0.004" /><testcase classname="tests.test_security_hardening_iter248.TestIter247Regression" name="test_admin_categories" time="0.003" /><testcase classname="tests.test_security_hardening_iter248.TestIter247Regression" name="test_admin_orders" time="0.003" /></testsuite></testsuites>