<?xml version="1.0" encoding="utf-8"?><testsuites name="pytest tests"><testsuite name="pytest" errors="0" failures="0" skipped="0" tests="6" time="1.007" timestamp="2026-06-01T17:51:49.113594+00:00" hostname="agent-env-50793707-c885-445c-b44f-80eca9c0eae6"><testcase classname="tests.test_bulk_delete_branch_requests_iter209.TestBulkDeleteBranchRequests" name="test_empty_list_returns_400" time="0.456" /><testcase classname="tests.test_bulk_delete_branch_requests_iter209.TestBulkDeleteBranchRequests" name="test_missing_field_returns_400" time="0.063" /><testcase classname="tests.test_bulk_delete_branch_requests_iter209.TestBulkDeleteBranchRequests" name="test_invalid_type_returns_400" time="0.069" /><testcase classname="tests.test_bulk_delete_branch_requests_iter209.TestBulkDeleteBranchRequests" name="test_unknown_ids_returns_zero_deleted" time="0.063" /><testcase classname="tests.test_bulk_delete_branch_requests_iter209.TestBulkDeleteBranchRequests" name="test_bulk_delete_success_and_persistence" time="0.212" /><testcase classname="tests.test_bulk_delete_branch_requests_iter209.TestSparklineSanity" name="test_burger_has_at_least_two_batches" time="0.064" /></testsuite></testsuites>