<?xml version="1.0" encoding="utf-8"?><testsuites name="pytest tests"><testsuite name="pytest" errors="0" failures="1" skipped="0" tests="7" time="2.377" timestamp="2026-07-11T14:15:46.084544+00:00" hostname="agent-env-8bbf0a6b-d9cf-44d3-b142-b5fbcd13cf4c"><testcase classname="tests.test_bug304_sync_extras" name="test_create_tenant_syncs_phone_to_admin_user" time="0.868" /><testcase classname="tests.test_bug304_sync_extras" name="test_update_tenant_syncs_owner_phone_to_admin" time="0.457" /><testcase classname="tests.test_bug304_sync_extras" name="test_self_edit_forbids_tenant_id" time="0.433"><failure message="AssertionError: {&quot;id&quot;:&quot;d3896bff-b29f-4035-93b7-dd1765298e7d&quot;,&quot;username&quot;:&quot;admin&quot;,&quot;email&quot;:&quot;admin@maestroegp.com&quot;,&quot;full_name&quot;:&quot;المالك المُحدَّث&quot;,&quot;role&quot;:&quot;admin&quot;,&quot;branch_id&quot;:null,&quot;tenant_id&quot;:&quot;default&quot;,&quot;permissions&quot;:[&quot;all&quot;],&quot;is_active&quot;:true,&quot;created_at&quot;:&quot;2026-05-29T00:10:16.356559+00:00&quot;,&quot;phone&quot;:&quot;07700a4d22&quot;}&#10;assert 200 == 403&#10; +  where 200 = &lt;Response [200]&gt;.status_code">backend/tests/test_bug304_sync_extras.py:122: in test_self_edit_forbids_tenant_id
    assert r.status_code == 403, r.text
E   AssertionError: {"id":"d3896bff-b29f-4035-93b7-dd1765298e7d","username":"admin","email":"admin@maestroegp.com","full_name":"المالك المُحدَّث","role":"admin","branch_id":null,"tenant_id":"default","permissions":["all"],"is_active":true,"created_at":"2026-05-29T00:10:16.356559+00:00","phone":"07700a4d22"}
E   assert 200 == 403
E    +  where 200 = &lt;Response [200]&gt;.status_code</failure></testcase><testcase classname="tests.test_bug304_sync_extras" name="test_self_edit_forbids_branch_id" time="0.101" /><testcase classname="tests.test_bug304_sync_extras" name="test_self_edit_forbids_is_active" time="0.100" /><testcase classname="tests.test_bug304_sync_extras" name="test_self_edit_forbids_permissions" time="0.137" /><testcase classname="tests.test_bug304_sync_extras" name="test_Z_teardown" time="0.005" /></testsuite></testsuites>