<?xml version="1.0" encoding="utf-8"?><testsuites name="pytest tests"><testsuite name="pytest" errors="0" failures="0" skipped="0" tests="10" time="10.111" timestamp="2026-07-07T18:52:09.539980+00:00" hostname="agent-env-aa4ef5f0-1a04-432e-a4bc-5da3001c67f9"><testcase classname="tests.test_ahmed_shift_close_regression" name="test_summary_requires_shift_id_and_returns_correct_totals" time="2.119" /><testcase classname="tests.test_ahmed_shift_close_regression" name="test_summary_isolation_across_shifts" time="0.028" /><testcase classname="tests.test_lazy_shift_and_daily_isolation" name="test_A_cashier_without_shift_first_order_opens_shift" time="0.767" /><testcase classname="tests.test_lazy_shift_and_daily_isolation" name="test_B_stale_shift_auto_closes_and_new_opens" time="0.530" /><testcase classname="tests.test_lazy_shift_and_daily_isolation" name="test_C_two_orders_same_day_same_shift" time="0.831" /><testcase classname="tests.test_lazy_shift_and_daily_isolation" name="test_D_summary_matches_exact_cashier_sales" time="1.153" /><testcase classname="tests.test_expense_shift_isolation" name="test_A_lazy_shift_opens_on_first_expense" time="0.751" /><testcase classname="tests.test_expense_shift_isolation" name="test_B_no_expense_leakage_across_shifts" time="1.035" /><testcase classname="tests.test_expense_shift_isolation" name="test_C_summary_matches_expenses_exactly" time="0.829" /><testcase classname="tests.test_expense_shift_isolation" name="test_D_multiple_expenses_same_shift_sum_correctly" time="1.755" /></testsuite></testsuites>