<?xml version="1.0" encoding="utf-8"?><testsuites name="pytest tests"><testsuite name="pytest" errors="0" failures="0" skipped="0" tests="18" time="0.461" timestamp="2026-06-29T21:13:27.219024+00:00" hostname="agent-env-6a21e30b-cf73-4e2f-8673-69659c768d30"><testcase classname="tests.test_security_hardening_iter252.TestPushTestAuth" name="test_anon_blocked" time="0.006" /><testcase classname="tests.test_security_hardening_iter252.TestPushTestAuth" name="test_admin_not_blocked" time="0.231" /><testcase classname="tests.test_security_hardening_iter252.TestNotificationsByPhoneAuth" name="test_anon_blocked" time="0.003" /><testcase classname="tests.test_security_hardening_iter252.TestNotificationsByPhoneAuth" name="test_admin_passes_auth" time="0.004" /><testcase classname="tests.test_security_hardening_iter252.TestOrderChatRateLimit" name="test_fake_order_returns_404" time="0.004" /><testcase classname="tests.test_security_hardening_iter252.TestOrderChatRateLimit" name="test_rate_limit_429_after_burst" time="0.052" /><testcase classname="tests.test_security_hardening_iter252.TestCustomerOrderTenantValidation" name="test_fake_tenant_rejected" time="0.002" /><testcase classname="tests.test_security_hardening_iter252.TestCustomerOrderTenantValidation" name="test_active_tenant_does_not_404" time="0.002" /><testcase classname="tests.test_security_hardening_iter252.TestCustomerReviewsFakeOrder" name="test_fake_order_rejected" time="0.003" /><testcase classname="tests.test_security_hardening_iter252.TestCallsInitiate" name="test_bad_payload_400_or_422" time="0.003" /><testcase classname="tests.test_security_hardening_iter252.TestCallsInitiate" name="test_rate_limit_429_after_burst" time="0.022" /><testcase classname="tests.test_security_hardening_iter252.TestRegressionAnonWritesBlocked" name="test_anon_write_blocked[/api/purchases-new-payload0]" time="0.004" /><testcase classname="tests.test_security_hardening_iter252.TestRegressionAnonWritesBlocked" name="test_anon_write_blocked[/api/inventory-payload1]" time="0.003" /><testcase classname="tests.test_security_hardening_iter252.TestRegressionAnonWritesBlocked" name="test_anon_write_blocked[/api/suppliers-payload2]" time="0.003" /><testcase classname="tests.test_security_hardening_iter252.TestRegressionAnonWritesBlocked" name="test_anon_write_blocked[/api/expenses-payload3]" time="0.002" /><testcase classname="tests.test_security_hardening_iter252.TestRegressionAnonWritesBlocked" name="test_anon_write_blocked[/api/products-payload4]" time="0.002" /><testcase classname="tests.test_security_hardening_iter252.TestRegressionAdminReads" name="test_admin_can_get_products" time="0.004" /><testcase classname="tests.test_security_hardening_iter252.TestRegressionAdminReads" name="test_admin_can_get_orders" time="0.004" /></testsuite></testsuites>