<?xml version="1.0" encoding="utf-8"?><testsuites name="pytest tests"><testsuite name="pytest" errors="0" failures="0" skipped="1" tests="6" time="24.980" timestamp="2026-07-06T18:59:30.375186+00:00" hostname="agent-env-a3cba797-7aee-48c7-978a-9e0056d69a46"><testcase classname="tests.test_whatsapp_pair_and_customer_otp.TestWhatsAppPair" name="test_pair_requires_auth" time="0.321" /><testcase classname="tests.test_whatsapp_pair_and_customer_otp.TestWhatsAppPair" name="test_pair_with_super_admin" time="5.082"><skipped type="pytest.skip" message="wa_service pairing unavailable in preview: status=200 body={&quot;ok&quot;:false,&quot;error&quot;:&quot;Connection Closed&quot;}">/app/backend/tests/test_whatsapp_pair_and_customer_otp.py:77: wa_service pairing unavailable in preview: status=200 body={"ok":false,"error":"Connection Closed"}</skipped></testcase><testcase classname="tests.test_whatsapp_pair_and_customer_otp.TestCustomerOtpRequest" name="test_request_otp_returns_no_dev_code" time="0.395" /><testcase classname="tests.test_whatsapp_pair_and_customer_otp.TestCustomerOtpRequest" name="test_verify_otp_rejects_wrong_code" time="0.401" /><testcase classname="tests.test_whatsapp_pair_and_customer_otp.TestFirstOrderGate" name="test_gate_enforcement_and_verified_phone_bypass" time="0.600" /><testcase classname="tests.test_whatsapp_pair_and_customer_otp.TestRegressionNoOtpWhenDisabled" name="test_order_succeeds_without_otp" time="17.923" /></testsuite></testsuites>