<?xml version="1.0" encoding="utf-8"?><testsuites name="pytest tests"><testsuite name="pytest" errors="0" failures="0" skipped="0" tests="9" time="0.780" timestamp="2026-07-09T17:12:28.911600+00:00" hostname="agent-env-8bbf0a6b-d9cf-44d3-b142-b5fbcd13cf4c"><testcase classname="tests.test_biometric_auto_sync" name="test_A_new_device_auto_pushes_all_branch_employees" time="0.256" /><testcase classname="tests.test_biometric_auto_sync" name="test_B_new_employee_auto_pushes_to_all_branch_devices" time="0.050" /><testcase classname="tests.test_biometric_auto_sync" name="test_C_manual_push_all_users_endpoint" time="0.025" /><testcase classname="tests.test_biometric_auto_sync" name="test_D_employees_without_biometric_uid_are_skipped" time="0.017" /><testcase classname="tests.test_biometric_auto_sync" name="test_E_branch_bulk_sync_all_devices" time="0.054" /><testcase classname="tests.test_biometric_auto_sync" name="test_F_employee_update_biometric_uid_pushes_to_devices" time="0.034" /><testcase classname="tests.test_biometric_auto_sync" name="test_G_employee_delete_enqueues_delete_user_jobs" time="0.034" /><testcase classname="tests.test_biometric_auto_sync" name="test_H_queue_status_endpoint" time="0.026" /><testcase classname="tests.test_biometric_auto_sync" name="test_Z_teardown" time="0.005" /></testsuite></testsuites>