<?xml version="1.0" encoding="utf-8"?><testsuites name="pytest tests"><testsuite name="pytest" errors="0" failures="0" skipped="0" tests="4" time="3.024" timestamp="2026-06-12T19:42:07.231829+00:00" hostname="agent-env-e9498f1d-d3be-4954-a2f5-6b9044af5dc4"><testcase classname="tests.test_management_alerts_iter238" name="test_vapid_public_key_endpoint" time="0.154" /><testcase classname="tests.test_management_alerts_iter238" name="test_push_subscribe_driver" time="0.106" /><testcase classname="tests.test_management_alerts_iter238" name="test_escalation_5min_not_approved_creates_alert" time="0.525" /><testcase classname="tests.test_management_alerts_iter238" name="test_reject_order_creates_management_alert" time="2.011" /></testsuite></testsuites>