<?xml version="1.0" encoding="utf-8"?><testsuites name="pytest tests"><testsuite name="pytest" errors="0" failures="0" skipped="0" tests="9" time="16.066" timestamp="2026-07-11T11:23:31.531816+00:00" hostname="agent-env-8bbf0a6b-d9cf-44d3-b142-b5fbcd13cf4c"><testcase classname="tests.test_whatsapp_pair_reset_iter300.TestWhatsAppStatus" name="test_status_requires_auth" time="0.226" /><testcase classname="tests.test_whatsapp_pair_reset_iter300.TestWhatsAppStatus" name="test_status_returns_qr_non_null_and_no_raw_connection_closed" time="0.500" /><testcase classname="tests.test_whatsapp_pair_reset_iter300.TestWhatsAppPair" name="test_pair_requires_auth" time="0.147" /><testcase classname="tests.test_whatsapp_pair_reset_iter300.TestWhatsAppPair" name="test_pair_missing_phone_400" time="0.111" /><testcase classname="tests.test_whatsapp_pair_reset_iter300.TestWhatsAppPair" name="test_pair_with_force_phone_a" time="2.799" /><testcase classname="tests.test_whatsapp_pair_reset_iter300.TestWhatsAppPair" name="test_pair_with_force_phone_b_after_a" time="5.754" /><testcase classname="tests.test_whatsapp_pair_reset_iter300.TestWhatsAppReset" name="test_reset_requires_auth" time="0.100" /><testcase classname="tests.test_whatsapp_pair_reset_iter300.TestWhatsAppReset" name="test_reset_ok" time="0.124" /><testcase classname="tests.test_whatsapp_pair_reset_iter300.TestWhatsAppReset" name="test_status_recovers_after_reset" time="6.223" /></testsuite></testsuites>