<?xml version="1.0" encoding="utf-8"?><testsuites name="pytest tests"><testsuite name="pytest" errors="0" failures="0" skipped="0" tests="11" time="1.643" timestamp="2026-07-07T20:05:20.013184+00:00" hostname="agent-env-aa4ef5f0-1a04-432e-a4bc-5da3001c67f9"><testcase classname="tests.test_recovery_emails_iter294" name="test_get_email_settings_returns_recovery_emails_array" time="0.244" /><testcase classname="tests.test_recovery_emails_iter294" name="test_get_requires_auth" time="0.004" /><testcase classname="tests.test_recovery_emails_iter294" name="test_put_saves_recovery_emails_lowercased" time="0.011" /><testcase classname="tests.test_recovery_emails_iter294" name="test_put_deduplicates_recovery_emails" time="0.005" /><testcase classname="tests.test_recovery_emails_iter294" name="test_put_invalid_email_returns_400" time="0.004" /><testcase classname="tests.test_recovery_emails_iter294" name="test_put_empty_list_returns_400" time="0.004" /><testcase classname="tests.test_recovery_emails_iter294" name="test_put_more_than_5_returns_400" time="0.005" /><testcase classname="tests.test_recovery_emails_iter294" name="test_put_exactly_5_ok" time="0.006" /><testcase classname="tests.test_recovery_emails_iter294" name="test_put_without_recovery_emails_field_preserves_existing" time="0.053" /><testcase classname="tests.test_recovery_emails_iter294" name="test_get_owner_recovery_emails_returns_db_list" time="1.021" /><testcase classname="tests.test_recovery_emails_iter294" name="test_health_still_ok" time="0.005" /></testsuite></testsuites>