<?xml version="1.0" encoding="utf-8"?><testsuites name="pytest tests"><testsuite name="pytest" errors="0" failures="0" skipped="0" tests="3" time="0.876" timestamp="2026-05-31T10:54:06.632545+00:00" hostname="agent-env-afa98c4b-017f-488c-ad51-fe911e76faf6"><testcase classname="tests.test_addstock_piece_def_iter198" name="test_product_seed_state" time="0.005" /><testcase classname="tests.test_addstock_piece_def_iter198" name="test_add_stock_24000_grams_deducts_24000_raw" time="0.507" /><testcase classname="tests.test_addstock_piece_def_iter198" name="test_add_stock_response_payload" time="0.147" /></testsuite></testsuites>