<?xml version="1.0" encoding="utf-8"?><testsuites name="pytest tests"><testsuite name="pytest" errors="0" failures="0" skipped="0" tests="6" time="1.701" timestamp="2026-05-31T10:18:20.580279+00:00" hostname="agent-env-afa98c4b-017f-488c-ad51-fe911e76faf6"><testcase classname="tests.test_missing_piece_def_iter197.TestMissingPieceDefScan" name="test_scan_returns_demo_product" time="0.601" /><testcase classname="tests.test_missing_piece_def_iter197.TestMissingPieceDefScan" name="test_scan_excludes_already_defined" time="0.237" /><testcase classname="tests.test_missing_piece_def_iter197.TestFixPieceDefinitions" name="test_fix_updates_and_yield_becomes_half" time="0.288" /><testcase classname="tests.test_missing_piece_def_iter197.TestFixPieceDefinitions" name="test_fix_skips_invalid_value" time="0.110" /><testcase classname="tests.test_missing_piece_def_iter197.TestFixPieceDefinitions" name="test_fix_skips_non_weight_unit" time="0.110" /><testcase classname="tests.test_missing_piece_def_iter197.TestFixPieceDefinitions" name="test_fix_skips_foreign_tenant_id" time="0.120" /></testsuite></testsuites>