<?xml version="1.0" encoding="utf-8"?><testsuites name="pytest tests"><testsuite name="pytest" errors="0" failures="0" skipped="0" tests="49" time="1.485" timestamp="2026-06-29T20:05:29.870775+00:00" hostname="agent-env-7f37fc90-76d2-4f70-98cb-de3450e554de"><testcase classname="tests.test_security_hardening_iter250.TestDriverLogin" name="test_driver_login_returns_token" time="0.007" /><testcase classname="tests.test_security_hardening_iter250.TestDriverLogin" name="test_driver_login_wrong_pin" time="0.004" /><testcase classname="tests.test_security_hardening_iter250.TestDriverEndpointsAuth" name="test_orders_no_auth_blocked" time="0.003" /><testcase classname="tests.test_security_hardening_iter250.TestDriverEndpointsAuth" name="test_orders_with_driver_token_ok" time="0.011" /><testcase classname="tests.test_security_hardening_iter250.TestDriverEndpointsAuth" name="test_orders_query_driver_id_ignored_idor" time="0.005" /><testcase classname="tests.test_security_hardening_iter250.TestDriverEndpointsAuth" name="test_update_location_no_auth_blocked" time="0.003" /><testcase classname="tests.test_security_hardening_iter250.TestDriverEndpointsAuth" name="test_update_location_with_token_ok" time="0.005" /><testcase classname="tests.test_security_hardening_iter250.TestDriverEndpointsAuth" name="test_status_update_no_auth_blocked" time="0.003" /><testcase classname="tests.test_security_hardening_iter250.TestDriverEndpointsAuth" name="test_status_update_with_token_no_403" time="0.007" /><testcase classname="tests.test_security_hardening_iter250.TestOrderNotificationsSplit" name="test_get_with_driver_token" time="0.004" /><testcase classname="tests.test_security_hardening_iter250.TestOrderNotificationsSplit" name="test_get_with_staff_token" time="0.230" /><testcase classname="tests.test_security_hardening_iter250.TestOrderNotificationsSplit" name="test_get_anon_blocked" time="0.002" /><testcase classname="tests.test_security_hardening_iter250.TestOrderNotificationsSplit" name="test_escalations_driver_rejected" time="0.003" /><testcase classname="tests.test_security_hardening_iter250.TestOrderNotificationsSplit" name="test_escalations_staff_ok" time="0.005" /><testcase classname="tests.test_security_hardening_iter250.TestOrderNotificationsSplit" name="test_create_driver_rejected" time="0.003" /><testcase classname="tests.test_security_hardening_iter250.TestOrderNotificationsSplit" name="test_read_all_driver_rejected" time="0.003" /><testcase classname="tests.test_security_hardening_iter250.TestOrderNotificationsSplit" name="test_printed_driver_rejected" time="0.003" /><testcase classname="tests.test_security_hardening_iter250.TestOrderNotificationsSplit" name="test_cleanup_driver_rejected" time="0.003" /><testcase classname="tests.test_security_hardening_iter250.TestDriversRouterAuth" name="test_stats_no_auth_blocked" time="0.002" /><testcase classname="tests.test_security_hardening_iter250.TestDriversRouterAuth" name="test_orders_no_auth_blocked" time="0.002" /><testcase classname="tests.test_security_hardening_iter250.TestDriversRouterAuth" name="test_stats_admin_ok" time="0.004" /><testcase classname="tests.test_security_hardening_iter250.TestDriversRouterAuth" name="test_orders_admin_ok" time="0.003" /><testcase classname="tests.test_security_hardening_iter250.TestDriversRouterAuth" name="test_create_driver_token_rejected" time="0.003" /><testcase classname="tests.test_security_hardening_iter250.TestDriversRouterAuth" name="test_update_driver_token_rejected" time="0.003" /><testcase classname="tests.test_security_hardening_iter250.TestDriversRouterAuth" name="test_delete_driver_token_rejected" time="0.003" /><testcase classname="tests.test_security_hardening_iter250.TestRegression" name="test_register_anon_rejected" time="0.002" /><testcase classname="tests.test_security_hardening_iter250.TestRegression" name="test_admin_super_admin_register_blocked" time="0.054" /><testcase classname="tests.test_security_hardening_iter250.TestRegression" name="test_admin_cashier_register_ok" time="0.227" /><testcase classname="tests.test_security_hardening_iter250.TestRegression" name="test_owner_no_secret_blocked" time="0.225" /><testcase classname="tests.test_security_hardening_iter250.TestRegression" name="test_owner_with_secret_ok" time="0.226" /><testcase classname="tests.test_security_hardening_iter250.TestRegression" name="test_admin_login_ok" time="0.227" /><testcase classname="tests.test_security_hardening_iter250.TestRegression" name="test_anon_blocked_endpoints[/api/purchases-new]" time="0.003" /><testcase classname="tests.test_security_hardening_iter250.TestRegression" name="test_anon_blocked_endpoints[/api/inventory-stats]" time="0.003" /><testcase classname="tests.test_security_hardening_iter250.TestRegression" name="test_anon_blocked_endpoints[/api/manufactured-products]" time="0.003" /><testcase classname="tests.test_security_hardening_iter250.TestRegression" name="test_callcenter_webhook_no_secret" time="0.003" /><testcase classname="tests.test_security_hardening_iter250.TestRegression" name="test_init_db_no_key" time="0.002" /><testcase classname="tests.test_security_hardening_iter250.TestRegression" name="test_customer_menu_no_sensitive" time="0.006" /><testcase classname="tests.test_security_hardening_iter250.TestRegression" name="test_print_queue_pending_no_key" time="0.002" /><testcase classname="tests.test_security_hardening_iter250.TestRegression" name="test_print_queue_pending_with_key" time="0.003" /><testcase classname="tests.test_security_hardening_iter250.TestRegression" name="test_invoice_settings_anon_blocked" time="0.002" /><testcase classname="tests.test_security_hardening_iter250.TestRegression" name="test_invoice_settings_admin_ok" time="0.004" /><testcase classname="tests.test_security_hardening_iter250.TestRegression" name="test_security_headers_present" time="0.003" /><testcase classname="tests.test_security_hardening_iter250.TestRegression" name="test_admin_can_read[/api/products]" time="0.004" /><testcase classname="tests.test_security_hardening_iter250.TestRegression" name="test_admin_can_read[/api/categories]" time="0.004" /><testcase classname="tests.test_security_hardening_iter250.TestRegression" name="test_admin_can_read[/api/orders]" time="0.004" /><testcase classname="tests.test_security_hardening_iter250.TestRegression" name="test_admin_can_read[/api/employees]" time="0.005" /><testcase classname="tests.test_security_hardening_iter250.TestRegression" name="test_admin_can_read[/api/drivers]" time="0.004" /><testcase classname="tests.test_security_hardening_iter250.TestRegression" name="test_admin_can_read[/api/branches]" time="0.003" /><testcase classname="tests.test_security_hardening_iter250.TestRegression" name="test_admin_can_read[/api/dashboard/stats]" time="0.008" /></testsuite></testsuites>