<?xml version="1.0" encoding="utf-8"?><testsuites name="pytest tests"><testsuite name="pytest" errors="0" failures="0" skipped="4" tests="9" time="2.199" timestamp="2026-06-30T16:29:12.295316+00:00" hostname="agent-env-54ddd69e-a332-48b6-a0a6-134dfdcb0de7"><testcase classname="tests.test_supplier_payments_iter257.TestSupplierAccount" name="test_account_initial_shape" time="0.636" /><testcase classname="tests.test_supplier_payments_iter257.TestSupplierPayRBACAndFlow" name="test_cashier_pay_forbidden" time="0.450" /><testcase classname="tests.test_supplier_payments_iter257.TestSupplierPayRBACAndFlow" name="test_admin_partial_pay_distributes_and_updates_account" time="0.111"><skipped type="pytest.skip" message="Supplier already fully paid by prior run — skipping partial-pay test">/app/backend/tests/test_supplier_payments_iter257.py:91: Supplier already fully paid by prior run — skipping partial-pay test</skipped></testcase><testcase classname="tests.test_supplier_payments_iter257.TestSupplierPayRBACAndFlow" name="test_owner_withdrawal_recorded_for_pay" time="0.118"><skipped type="pytest.skip" message="owner-withdrawals endpoint not 200 (404) — treasury record check skipped">/app/backend/tests/test_supplier_payments_iter257.py:123: owner-withdrawals endpoint not 200 (404) — treasury record check skipped</skipped></testcase><testcase classname="tests.test_supplier_payments_iter257.TestSettleDues" name="test_cashier_settle_forbidden" time="0.101" /><testcase classname="tests.test_supplier_payments_iter257.TestSettleDues" name="test_admin_settle_no_treasury_withdrawal" time="0.113"><skipped type="pytest.skip" message="nothing left to settle">/app/backend/tests/test_supplier_payments_iter257.py:141: nothing left to settle</skipped></testcase><testcase classname="tests.test_supplier_payments_iter257.TestHRSettlementPayout" name="test_cashier_forbidden" time="0.108" /><testcase classname="tests.test_supplier_payments_iter257.TestHRSettlementPayout" name="test_admin_accepts_body_shape" time="0.117" /><testcase classname="tests.test_supplier_payments_iter257.TestOwnerWalletBranchName" name="test_owner_wallet_transactions_have_branch_when_available" time="0.328"><skipped type="pytest.skip" message="No owner-wallet transactions endpoint found at expected paths">/app/backend/tests/test_supplier_payments_iter257.py:198: No owner-wallet transactions endpoint found at expected paths</skipped></testcase></testsuite></testsuites>