<?xml version="1.0" encoding="utf-8"?><testsuites name="pytest tests"><testsuite name="pytest" errors="0" failures="0" skipped="0" tests="6" time="6.318" timestamp="2026-05-06T18:43:59.067436+00:00" hostname="agent-env-fc058c68-717c-4edb-ba35-939ffd5a025a"><testcase classname="backend.tests.test_iter175_send_to_warehouse" name="test_health" time="1.661" /><testcase classname="backend.tests.test_iter175_send_to_warehouse" name="test_purchase_invoices_list_works" time="0.723" /><testcase classname="backend.tests.test_iter175_send_to_warehouse" name="test_send_to_warehouse_against_purchase_invoice_id" time="2.616" /><testcase classname="backend.tests.test_iter175_send_to_warehouse" name="test_raw_materials_endpoint" time="0.679" /><testcase classname="backend.tests.test_iter175_send_to_warehouse" name="test_manufacturing_requests_endpoint" time="0.316" /><testcase classname="backend.tests.test_iter175_send_to_warehouse" name="test_price_alerts_endpoint" time="0.252" /></testsuite></testsuites>