<?xml version="1.0" encoding="utf-8"?><testsuites name="pytest tests"><testsuite name="pytest" errors="0" failures="0" skipped="0" tests="4" time="1.057" timestamp="2026-06-11T13:47:31.507323+00:00" hostname="agent-env-734af308-c309-45aa-8322-a6f63d2d136d"><testcase classname="tests.test_iter227_incoming_call_zones" name="test_customer_order_creates_notification" time="0.241" /><testcase classname="tests.test_iter227_incoming_call_zones" name="test_pending_alerts_accepts_branch_id" time="0.234" /><testcase classname="tests.test_iter227_incoming_call_zones" name="test_payment_settings_fee_zones_and_distance_fee" time="0.243" /><testcase classname="tests.test_iter227_incoming_call_zones" name="test_delivery_fee_suggest_for_app_order" time="0.245" /></testsuite></testsuites>