<?xml version="1.0" encoding="utf-8"?><testsuites name="pytest tests"><testsuite name="pytest" errors="0" failures="0" skipped="0" tests="6" time="4.744" timestamp="2026-05-06T18:50:27.756483+00:00" hostname="agent-env-fc058c68-717c-4edb-ba35-939ffd5a025a"><testcase classname="backend.tests.test_iter175_send_to_warehouse" name="test_health" time="2.282" /><testcase classname="backend.tests.test_iter175_send_to_warehouse" name="test_auth_required_for_send_to_warehouse" time="0.167" /><testcase classname="backend.tests.test_iter175_send_to_warehouse" name="test_nonexistent_invoice_returns_404" time="0.183" /><testcase classname="backend.tests.test_iter175_send_to_warehouse" name="test_send_to_warehouse_happy_path" time="1.726" /><testcase classname="backend.tests.test_iter175_send_to_warehouse" name="test_price_alerts_endpoint" time="0.158" /><testcase classname="backend.tests.test_iter175_send_to_warehouse" name="test_raw_materials_endpoint" time="0.159" /></testsuite></testsuites>