<?xml version="1.0" encoding="utf-8"?><testsuites name="pytest tests"><testsuite name="pytest" errors="0" failures="0" skipped="0" tests="4" time="1.223" timestamp="2026-06-15T10:00:26.911790+00:00" hostname="agent-env-13a1969c-4741-43c0-ad98-439ba7464c71"><testcase classname="tests.test_iter240_dues_and_security.TestPurchasesReport" name="test_purchases_report_aggregates_from_purchases_new" time="0.495" /><testcase classname="tests.test_iter240_dues_and_security.TestSupplierPaymentDues" name="test_dues_excludes_paid" time="0.110" /><testcase classname="tests.test_iter240_dues_and_security.TestSecurityLog" name="test_security_log_shape" time="0.429" /><testcase classname="tests.test_iter240_dues_and_security.TestSecurityLog" name="test_security_log_forbidden_for_admin" time="0.096" /></testsuite></testsuites>