<?xml version="1.0" encoding="utf-8"?><testsuites name="pytest tests"><testsuite name="pytest" errors="0" failures="0" skipped="1" tests="8" time="8.630" timestamp="2026-07-06T23:39:03.819408+00:00" hostname="agent-env-a3cba797-7aee-48c7-978a-9e0056d69a46"><testcase classname="tests.test_integrity_check.TestIntegrityAuth" name="test_admin_gets_results" time="0.594" /><testcase classname="tests.test_integrity_check.TestIntegrityAuth" name="test_row_structure" time="0.139" /><testcase classname="tests.test_integrity_check.TestIntegrityAuth" name="test_cashier_forbidden" time="6.783"><skipped type="pytest.skip" message="no cashier account available">/app/backend/tests/test_integrity_check.py:101: no cashier account available</skipped></testcase><testcase classname="tests.test_integrity_check.TestIntegrityCorrectness" name="test_ok_shift_totals_match_orders" time="0.122" /><testcase classname="tests.test_integrity_check.TestIntegrityCorrectness" name="test_inject_mismatch_and_cleanup" time="0.354" /><testcase classname="tests.test_integrity_check.TestNotifyDedup" name="test_notify_creates_and_dedups" time="0.238" /><testcase classname="tests.test_integrity_check.TestClosingsBusinessDate" name="test_all_closings_have_matching_business_date" time="0.003" /><testcase classname="tests.test_integrity_check.TestClosingsBusinessDate" name="test_closings_report_filters_by_business_date" time="0.115" /></testsuite></testsuites>