<?xml version="1.0" encoding="utf-8"?><testsuites name="pytest tests"><testsuite name="pytest" errors="0" failures="0" skipped="0" tests="17" time="6.985" timestamp="2026-01-19T01:09:59.983035+00:00" hostname="agent-env-a7517923-6366-4a63-a8d6-2ee265aac93e"><testcase classname="tests.test_iteration19_branch_orders_recipe_deduction.TestBranchOrdersRecipeDeduction" name="test_01_health_check" time="0.392" /><testcase classname="tests.test_iteration19_branch_orders_recipe_deduction.TestBranchOrdersRecipeDeduction" name="test_02_branch_orders_requires_auth" time="0.348" /><testcase classname="tests.test_iteration19_branch_orders_recipe_deduction.TestBranchOrdersRecipeDeduction" name="test_03_get_raw_materials" time="0.280" /><testcase classname="tests.test_iteration19_branch_orders_recipe_deduction.TestBranchOrdersRecipeDeduction" name="test_04_get_finished_products" time="0.319" /><testcase classname="tests.test_iteration19_branch_orders_recipe_deduction.TestBranchOrdersRecipeDeduction" name="test_05_finished_products_show_recipe_status" time="0.420" /><testcase classname="tests.test_iteration19_branch_orders_recipe_deduction.TestBranchOrdersRecipeDeduction" name="test_06_create_branch_order_with_recipe_deduction" time="0.633" /><testcase classname="tests.test_iteration19_branch_orders_recipe_deduction.TestBranchOrdersRecipeDeduction" name="test_07_prevent_order_for_product_without_recipe" time="0.330" /><testcase classname="tests.test_iteration19_branch_orders_recipe_deduction.TestBranchOrdersRecipeDeduction" name="test_08_prevent_order_when_raw_materials_insufficient" time="0.490" /><testcase classname="tests.test_iteration19_branch_orders_recipe_deduction.TestBranchOrdersRecipeDeduction" name="test_09_reject_empty_items_order" time="0.282" /><testcase classname="tests.test_iteration19_branch_orders_recipe_deduction.TestBranchOrdersRecipeDeduction" name="test_10_get_branch_orders" time="0.325" /><testcase classname="tests.test_iteration19_branch_orders_recipe_deduction.TestBranchOrdersRecipeDeduction" name="test_11_get_outgoing_orders" time="0.278" /><testcase classname="tests.test_iteration19_branch_orders_recipe_deduction.TestBranchOrdersRecipeDeduction" name="test_12_get_incoming_orders" time="0.316" /><testcase classname="tests.test_iteration19_branch_orders_recipe_deduction.TestBranchOrdersRecipeDeduction" name="test_13_order_details_show_deducted_materials" time="0.498" /><testcase classname="tests.test_iteration19_branch_orders_recipe_deduction.TestBranchOrdersRecipeDeduction" name="test_14_update_order_status" time="0.589" /><testcase classname="tests.test_iteration19_branch_orders_recipe_deduction.TestBranchOrdersRecipeDeduction" name="test_15_order_with_multiple_products" time="0.744" /><testcase classname="tests.test_iteration19_branch_orders_recipe_deduction.TestBranchOrdersEdgeCases" name="test_order_with_zero_quantity" time="0.336" /><testcase classname="tests.test_iteration19_branch_orders_recipe_deduction.TestBranchOrdersEdgeCases" name="test_order_with_nonexistent_product" time="0.314" /></testsuite></testsuites>