<?xml version="1.0" encoding="utf-8"?><testsuites name="pytest tests"><testsuite name="pytest" errors="0" failures="0" skipped="0" tests="8" time="3.809" timestamp="2026-03-29T20:46:41.382700+00:00" hostname="agent-env-58967c17-a3b1-4f21-bcca-d36f74792543"><testcase classname="backend.tests.test_user_permissions.TestAuthentication" name="test_admin_login" time="0.364" /><testcase classname="backend.tests.test_user_permissions.TestUserPermissions" name="test_get_users_list" time="0.390" /><testcase classname="backend.tests.test_user_permissions.TestUserPermissions" name="test_get_test_cashier_user" time="0.373" /><testcase classname="backend.tests.test_user_permissions.TestUserPermissions" name="test_update_user_permissions_clear_all" time="0.479" /><testcase classname="backend.tests.test_user_permissions.TestUserPermissions" name="test_update_user_permissions_add_hide_cash_expected" time="0.477" /><testcase classname="backend.tests.test_user_permissions.TestUserPermissions" name="test_update_user_permissions_add_multiple" time="0.481" /><testcase classname="backend.tests.test_user_permissions.TestUserPermissions" name="test_rapid_permission_toggle" time="0.748" /><testcase classname="backend.tests.test_user_permissions.TestUserPermissions" name="test_restore_original_permissions" time="0.425" /></testsuite></testsuites>