<?xml version="1.0" encoding="utf-8"?><testsuites name="pytest tests"><testsuite name="pytest" errors="0" failures="0" skipped="0" tests="20" time="2.523" timestamp="2026-01-23T01:02:11.433426+00:00" hostname="agent-env-2a4f401b-e91b-4ec4-9ff5-e9d5da25ceb0"><testcase classname="tests.test_iteration_25.TestAuthentication" name="test_admin_login" time="0.307" /><testcase classname="tests.test_iteration_25.TestReportsAPIs" name="test_sales_report" time="0.312" /><testcase classname="tests.test_iteration_25.TestReportsAPIs" name="test_inventory_report" time="0.041" /><testcase classname="tests.test_iteration_25.TestReportsAPIs" name="test_profit_loss_report" time="0.043" /><testcase classname="tests.test_iteration_25.TestDriversAPIs" name="test_get_drivers" time="0.303" /><testcase classname="tests.test_iteration_25.TestDriversAPIs" name="test_get_drivers_locations" time="0.036" /><testcase classname="tests.test_iteration_25.TestPayrollAPIs" name="test_get_deductions" time="0.336" /><testcase classname="tests.test_iteration_25.TestPayrollAPIs" name="test_get_bonuses" time="0.040" /><testcase classname="tests.test_iteration_25.TestPayrollAPIs" name="test_get_payroll" time="0.038" /><testcase classname="tests.test_iteration_25.TestShiftsAPIs" name="test_get_shifts" time="0.300" /><testcase classname="tests.test_iteration_25.TestShiftsAPIs" name="test_get_current_shift" time="0.041" /><testcase classname="tests.test_iteration_25.TestShiftsAPIs" name="test_cash_register_summary" time="0.042" /><testcase classname="tests.test_iteration_25.TestOriginalAPIs" name="test_get_products" time="0.298" /><testcase classname="tests.test_iteration_25.TestOriginalAPIs" name="test_get_categories" time="0.082" /><testcase classname="tests.test_iteration_25.TestOriginalAPIs" name="test_get_employees" time="0.042" /><testcase classname="tests.test_iteration_25.TestOriginalAPIs" name="test_get_orders" time="0.036" /><testcase classname="tests.test_iteration_25.TestAuthenticationRequired" name="test_reports_require_auth" time="0.035" /><testcase classname="tests.test_iteration_25.TestAuthenticationRequired" name="test_drivers_require_auth" time="0.032" /><testcase classname="tests.test_iteration_25.TestAuthenticationRequired" name="test_payroll_require_auth" time="0.035" /><testcase classname="tests.test_iteration_25.TestAuthenticationRequired" name="test_shifts_require_auth" time="0.036" /></testsuite></testsuites>