<?xml version="1.0" encoding="utf-8"?><testsuites name="pytest tests"><testsuite name="pytest" errors="0" failures="0" skipped="0" tests="21" time="9.056" timestamp="2026-03-05T23:40:43.784729+00:00" hostname="agent-env-c94c2dda-d6ac-48ad-8175-13f7184a4247"><testcase classname="backend.tests.test_multi_device_offline_sync_iter110.TestMultiDeviceOfflineSync" name="test_01_device1_create_offline_order_takeaway" time="0.555" /><testcase classname="backend.tests.test_multi_device_offline_sync_iter110.TestMultiDeviceOfflineSync" name="test_02_device1_create_offline_order_delivery" time="0.450" /><testcase classname="backend.tests.test_multi_device_offline_sync_iter110.TestMultiDeviceOfflineSync" name="test_03_device2_create_offline_order_dine_in" time="0.393" /><testcase classname="backend.tests.test_multi_device_offline_sync_iter110.TestMultiDeviceOfflineSync" name="test_04_device2_create_offline_order_takeaway" time="0.443" /><testcase classname="backend.tests.test_multi_device_offline_sync_iter110.TestMultiDeviceOfflineSync" name="test_05_verify_device1_orders_exist" time="0.457" /><testcase classname="backend.tests.test_multi_device_offline_sync_iter110.TestMultiDeviceOfflineSync" name="test_06_verify_device2_orders_exist" time="0.464" /><testcase classname="backend.tests.test_multi_device_offline_sync_iter110.TestMultiDeviceOfflineSync" name="test_07_prevent_duplicate_sync_same_offline_id" time="0.468" /><testcase classname="backend.tests.test_multi_device_offline_sync_iter110.TestMultiDeviceOfflineSync" name="test_08_batch_sync_multiple_orders" time="0.501" /><testcase classname="backend.tests.test_multi_device_offline_sync_iter110.TestMultiDeviceOfflineSync" name="test_09_sync_offline_expense" time="0.443" /><testcase classname="backend.tests.test_multi_device_offline_sync_iter110.TestMultiDeviceOfflineSync" name="test_10_get_sync_status" time="0.384" /><testcase classname="backend.tests.test_multi_device_offline_sync_iter110.TestMultiDeviceOfflineSync" name="test_11_verify_dashboard_stats_include_synced_orders" time="0.428" /><testcase classname="backend.tests.test_multi_device_offline_sync_iter110.TestMultiDeviceOfflineSync" name="test_12_sync_offline_customer" time="0.399" /><testcase classname="backend.tests.test_multi_device_offline_sync_iter110.TestMultiDeviceOfflineSync" name="test_13_prevent_duplicate_customer_by_phone" time="0.404" /><testcase classname="backend.tests.test_multi_device_offline_sync_iter110.TestOfflineBannerBehavior" name="test_01_sync_status_endpoint_available" time="0.441" /><testcase classname="backend.tests.test_multi_device_offline_sync_iter110.TestOfflineBannerBehavior" name="test_02_verify_offline_orders_count_in_status" time="0.382" /><testcase classname="backend.tests.test_multi_device_offline_sync_iter110.TestCoreDataAPIsForOffline" name="test_01_get_categories_for_offline_cache" time="0.386" /><testcase classname="backend.tests.test_multi_device_offline_sync_iter110.TestCoreDataAPIsForOffline" name="test_02_get_products_for_offline_cache" time="0.409" /><testcase classname="backend.tests.test_multi_device_offline_sync_iter110.TestCoreDataAPIsForOffline" name="test_03_get_tables_for_offline_cache" time="0.390" /><testcase classname="backend.tests.test_multi_device_offline_sync_iter110.TestCoreDataAPIsForOffline" name="test_04_get_branches_for_offline_cache" time="0.378" /><testcase classname="backend.tests.test_multi_device_offline_sync_iter110.TestCoreDataAPIsForOffline" name="test_05_get_customers_for_offline_cache" time="0.391" /><testcase classname="backend.tests.test_multi_device_offline_sync_iter110.TestCoreDataAPIsForOffline" name="test_06_get_drivers_for_offline_cache" time="0.397" /></testsuite></testsuites>