<?xml version="1.0" encoding="utf-8"?><testsuites name="pytest tests"><testsuite name="pytest" errors="0" failures="0" skipped="0" tests="9" time="2.207" timestamp="2026-04-10T22:19:19.075479+00:00" hostname="agent-env-9de5dca7-69f0-4c20-8d48-a6cddbd3b73f"><testcase classname="backend.tests.test_closing_report_fixes_iter155.TestClosingReportFixes" name="test_01_cash_register_summary_returns_delivery_app_sales" time="0.434" /><testcase classname="backend.tests.test_closing_report_fixes_iter155.TestClosingReportFixes" name="test_02_cash_register_close_returns_closing_cash" time="0.488" /><testcase classname="backend.tests.test_closing_report_fixes_iter155.TestClosingReportFixes" name="test_03_delivery_app_sales_uses_app_name_as_key" time="0.426" /><testcase classname="backend.tests.test_closing_report_fixes_iter155.TestClosingReportFixes" name="test_04_verify_backend_aggregation_logic" time="0.390" /><testcase classname="backend.tests.test_closing_report_fixes_iter155.TestClosingReportFixes" name="test_05_reopen_shift_after_close" time="0.413" /><testcase classname="backend.tests.test_closing_report_fixes_iter155.TestFrontendCodeReview" name="test_06_verify_frontend_uses_closing_cash" time="0.001" /><testcase classname="backend.tests.test_closing_report_fixes_iter155.TestFrontendCodeReview" name="test_07_verify_receipt_css_dimensions" time="0.001" /><testcase classname="backend.tests.test_closing_report_fixes_iter155.TestFrontendCodeReview" name="test_08_verify_delivery_app_html_section" time="0.001" /><testcase classname="backend.tests.test_closing_report_fixes_iter155.TestFrontendCodeReview" name="test_09_verify_usb_receipt_delivery_section" time="0.001" /></testsuite></testsuites>