<?xml version="1.0" encoding="utf-8"?><testsuites name="pytest tests"><testsuite name="pytest" errors="0" failures="0" skipped="0" tests="20" time="5.679" timestamp="2026-01-19T00:40:16.231266+00:00" hostname="agent-env-a7517923-6366-4a63-a8d6-2ee265aac93e"><testcase classname="tests.test_iteration18_branch_orders_recipes.TestBranchOrdersRecipeSystem" name="test_01_health_check" time="0.059" /><testcase classname="tests.test_iteration18_branch_orders_recipes.TestBranchOrdersRecipeSystem" name="test_02_login" time="0.258" /><testcase classname="tests.test_iteration18_branch_orders_recipes.TestBranchOrdersRecipeSystem" name="test_03_get_branches" time="0.266" /><testcase classname="tests.test_iteration18_branch_orders_recipes.TestBranchOrdersRecipeSystem" name="test_04_get_raw_materials" time="0.273" /><testcase classname="tests.test_iteration18_branch_orders_recipes.TestBranchOrdersRecipeSystem" name="test_05_get_finished_products" time="0.292" /><testcase classname="tests.test_iteration18_branch_orders_recipes.TestBranchOrdersRecipeSystem" name="test_06_get_finished_products_requires_auth" time="0.040" /><testcase classname="tests.test_iteration18_branch_orders_recipes.TestBranchOrdersRecipeSystem" name="test_07_get_raw_materials_requires_auth" time="0.033" /><testcase classname="tests.test_iteration18_branch_orders_recipes.TestBranchOrdersRecipeSystem" name="test_08_get_branch_orders" time="0.316" /><testcase classname="tests.test_iteration18_branch_orders_recipes.TestBranchOrdersRecipeSystem" name="test_09_get_branch_orders_outgoing" time="0.272" /><testcase classname="tests.test_iteration18_branch_orders_recipes.TestBranchOrdersRecipeSystem" name="test_10_get_branch_orders_incoming" time="0.316" /><testcase classname="tests.test_iteration18_branch_orders_recipes.TestBranchOrdersRecipeSystem" name="test_11_create_raw_material_for_testing" time="0.370" /><testcase classname="tests.test_iteration18_branch_orders_recipes.TestBranchOrdersRecipeSystem" name="test_12_create_finished_product_with_recipe" time="0.347" /><testcase classname="tests.test_iteration18_branch_orders_recipes.TestBranchOrdersRecipeSystem" name="test_13_create_branch_order_with_auto_deduction" time="0.479" /><testcase classname="tests.test_iteration18_branch_orders_recipes.TestBranchOrdersRecipeSystem" name="test_14_create_branch_order_insufficient_products" time="0.321" /><testcase classname="tests.test_iteration18_branch_orders_recipes.TestBranchOrdersRecipeSystem" name="test_15_create_branch_order_empty_items" time="0.330" /><testcase classname="tests.test_iteration18_branch_orders_recipes.TestBranchOrdersRecipeSystem" name="test_16_update_branch_order_status" time="0.351" /><testcase classname="tests.test_iteration18_branch_orders_recipes.TestBranchOrdersRecipeSystem" name="test_17_get_finished_product_by_id" time="0.416" /><testcase classname="tests.test_iteration18_branch_orders_recipes.TestBranchOrdersRecipeSystem" name="test_18_get_nonexistent_finished_product" time="0.277" /><testcase classname="tests.test_iteration18_branch_orders_recipes.TestBranchOrdersRecipeSystem" name="test_19_branch_orders_requires_auth" time="0.054" /><testcase classname="tests.test_iteration18_branch_orders_recipes.TestBranchOrdersRecipeSystem" name="test_20_cleanup_test_data" time="0.538" /></testsuite></testsuites>