<?xml version="1.0" encoding="utf-8"?><testsuites name="pytest tests"><testsuite name="pytest" errors="0" failures="0" skipped="0" tests="7" time="4.079" timestamp="2026-02-17T17:36:54.756425+00:00" hostname="agent-env-53b69a0b-b553-4131-bf54-4a1156f05b23"><testcase classname="backend.tests.test_iter86_break_even_alerts.TestBreakEvenAlerts" name="test_break_even_alerts_admin_access" time="0.555" /><testcase classname="backend.tests.test_iter86_break_even_alerts.TestBreakEvenAlerts" name="test_break_even_alerts_cashier_no_access" time="0.921" /><testcase classname="backend.tests.test_iter86_break_even_alerts.TestBreakEvenAlerts" name="test_break_even_alerts_unauthenticated" time="0.124" /><testcase classname="backend.tests.test_iter86_break_even_alerts.TestDashboardBreakEvenAlerts" name="test_dashboard_stats_api" time="0.579" /><testcase classname="backend.tests.test_iter86_break_even_alerts.TestTranslations" name="test_api_health" time="0.696" /><testcase classname="backend.tests.test_iter86_break_even_alerts.TestProductsAPI" name="test_products_list" time="0.658" /><testcase classname="backend.tests.test_iter86_break_even_alerts.TestProductsAPI" name="test_product_structure" time="0.495" /></testsuite></testsuites>