<?xml version="1.0" encoding="utf-8"?><testsuites name="pytest tests"><testsuite name="pytest" errors="0" failures="0" skipped="0" tests="10" time="6.198" timestamp="2026-02-19T18:31:12.064980+00:00" hostname="agent-env-a809bb95-d0c6-4e78-8c6c-8ef3df3df5e3"><testcase classname="backend.tests.test_new_features_iter88.TestCashRegisterSummaryWithBranchId" name="test_cash_register_summary_with_aljadreia_branch" time="0.694" /><testcase classname="backend.tests.test_new_features_iter88.TestCashRegisterSummaryWithBranchId" name="test_cash_register_summary_with_alsaydaia_branch" time="0.539" /><testcase classname="backend.tests.test_new_features_iter88.TestCashRegisterSummaryWithBranchId" name="test_cash_register_summary_without_branch_id" time="0.746" /><testcase classname="backend.tests.test_new_features_iter88.TestReportsAPI" name="test_sales_report_with_branch_id" time="0.586" /><testcase classname="backend.tests.test_new_features_iter88.TestReportsAPI" name="test_profit_loss_report" time="0.683" /><testcase classname="backend.tests.test_new_features_iter88.TestReportsAPI" name="test_products_report" time="0.660" /><testcase classname="backend.tests.test_new_features_iter88.TestReportsAPI" name="test_delivery_credits_report" time="0.616" /><testcase classname="backend.tests.test_new_features_iter88.TestReportsAPI" name="test_cancellations_report" time="0.613" /><testcase classname="backend.tests.test_new_features_iter88.TestReportsAPI" name="test_discounts_report" time="0.497" /><testcase classname="backend.tests.test_new_features_iter88.TestReportsAPI" name="test_credit_report" time="0.498" /></testsuite></testsuites>