<?xml version="1.0" encoding="utf-8"?><testsuites name="pytest tests"><testsuite name="pytest" errors="0" failures="0" skipped="0" tests="10" time="2.483" timestamp="2026-03-25T04:19:36.356093+00:00" hostname="agent-env-472eae2d-ba0d-4abd-b368-e744d97c0484"><testcase classname="backend.tests.test_manufactured_products_stock_iter120.TestManufacturedProductsStock" name="test_01_api_health_check" time="0.156" /><testcase classname="backend.tests.test_manufactured_products_stock_iter120.TestManufacturedProductsStock" name="test_02_get_manufactured_products_returns_stats_fields" time="0.106" /><testcase classname="backend.tests.test_manufactured_products_stock_iter120.TestManufacturedProductsStock" name="test_03_add_stock_endpoint_works" time="0.170" /><testcase classname="backend.tests.test_manufactured_products_stock_iter120.TestManufacturedProductsStock" name="test_04_verify_stock_and_total_produced_updated" time="0.270" /><testcase classname="backend.tests.test_manufactured_products_stock_iter120.TestManufacturedProductsStock" name="test_05_add_stock_validation_negative_quantity" time="0.221" /><testcase classname="backend.tests.test_manufactured_products_stock_iter120.TestManufacturedProductsStock" name="test_06_add_stock_invalid_product_id" time="0.112" /><testcase classname="backend.tests.test_manufactured_products_stock_iter120.TestManufacturedProductsStock" name="test_07_get_branches_for_transfer_test" time="0.438" /><testcase classname="backend.tests.test_manufactured_products_stock_iter120.TestManufacturedProductsStock" name="test_08_transferred_quantity_increases_on_transfer" time="0.632" /><testcase classname="backend.tests.test_manufactured_products_stock_iter120.TestManufacturedProductsStock" name="test_09_remaining_quantity_reflects_current_stock" time="0.099" /><testcase classname="backend.tests.test_manufactured_products_stock_iter120.TestAddStockMovementTracking" name="test_add_stock_creates_movement_record" time="0.212" /></testsuite></testsuites>