<?xml version="1.0" encoding="utf-8"?><testsuites name="pytest tests"><testsuite name="pytest" errors="0" failures="0" skipped="0" tests="18" time="4.495" timestamp="2026-01-13T00:05:19.354851+00:00" hostname="agent-env-5fa8e3ab-a1ef-4df6-a6c3-e183424d3077"><testcase classname="tests.test_new_features.TestAuth" name="test_admin_login" time="0.311" /><testcase classname="tests.test_new_features.TestAuth" name="test_cashier_login" time="0.270" /><testcase classname="tests.test_new_features.TestCustomerManagement" name="test_get_customers_empty" time="0.311" /><testcase classname="tests.test_new_features.TestCustomerManagement" name="test_create_customer" time="0.110" /><testcase classname="tests.test_new_features.TestCustomerManagement" name="test_create_and_search_customer_by_phone" time="0.135" /><testcase classname="tests.test_new_features.TestCustomerManagement" name="test_search_nonexistent_customer" time="0.039" /><testcase classname="tests.test_new_features.TestCustomerManagement" name="test_update_customer" time="0.131" /><testcase classname="tests.test_new_features.TestCustomerManagement" name="test_block_customer" time="0.126" /><testcase classname="tests.test_new_features.TestCustomerManagement" name="test_delete_customer" time="0.120" /><testcase classname="tests.test_new_features.TestPendingOrders" name="test_get_pending_orders" time="0.307" /><testcase classname="tests.test_new_features.TestPendingOrders" name="test_get_single_order" time="0.080" /><testcase classname="tests.test_new_features.TestPendingOrders" name="test_create_pending_order" time="0.253" /><testcase classname="tests.test_new_features.TestAddItemsToOrder" name="test_add_items_to_existing_order" time="0.416" /><testcase classname="tests.test_new_features.TestOrderPaymentFlow" name="test_update_order_payment" time="0.346" /><testcase classname="tests.test_new_features.TestOrderPaymentFlow" name="test_update_order_status" time="0.085" /><testcase classname="tests.test_new_features.TestDeliveryOrders" name="test_create_delivery_order" time="0.398" /><testcase classname="tests.test_new_features.TestDineInOrders" name="test_create_dine_in_order" time="0.471" /><testcase classname="tests.test_new_features.TestCustomerOrderHistory" name="test_customer_auto_creation_on_order" time="0.433" /></testsuite></testsuites>