<?xml version="1.0" encoding="utf-8"?><testsuites name="pytest tests"><testsuite name="pytest" errors="0" failures="0" skipped="0" tests="16" time="5.531" timestamp="2026-01-16T16:03:23.294689+00:00" hostname="agent-env-e5959777-f215-4167-a5dc-509788ba4516"><testcase classname="tests.test_iteration10_purchasing.TestPurchasingAPIs" name="test_get_suppliers_empty" time="0.397" /><testcase classname="tests.test_iteration10_purchasing.TestPurchasingAPIs" name="test_create_supplier" time="0.306" /><testcase classname="tests.test_iteration10_purchasing.TestPurchasingAPIs" name="test_get_suppliers_after_create" time="0.375" /><testcase classname="tests.test_iteration10_purchasing.TestPurchasingAPIs" name="test_get_purchase_orders_empty" time="0.288" /><testcase classname="tests.test_iteration10_purchasing.TestPurchasingAPIs" name="test_create_purchase_order" time="0.397" /><testcase classname="tests.test_iteration10_purchasing.TestPurchasingAPIs" name="test_get_raw_materials" time="0.293" /><testcase classname="tests.test_iteration10_purchasing.TestPurchasingAPIs" name="test_get_low_stock_alerts" time="0.291" /><testcase classname="tests.test_iteration10_purchasing.TestBranchOrdersAPIs" name="test_get_branch_orders_empty" time="0.288" /><testcase classname="tests.test_iteration10_purchasing.TestBranchOrdersAPIs" name="test_get_branch_orders_outgoing" time="0.292" /><testcase classname="tests.test_iteration10_purchasing.TestBranchOrdersAPIs" name="test_get_branch_orders_incoming" time="0.375" /><testcase classname="tests.test_iteration10_purchasing.TestBranchOrdersAPIs" name="test_create_branch_order" time="0.384" /><testcase classname="tests.test_iteration10_purchasing.TestDashboardBackgroundsAPIs" name="test_get_dashboard_backgrounds" time="0.301" /><testcase classname="tests.test_iteration10_purchasing.TestDashboardBackgroundsAPIs" name="test_select_dashboard_background" time="0.337" /><testcase classname="tests.test_iteration10_purchasing.TestSuperAdminFeatures" name="test_get_tenants" time="0.293" /><testcase classname="tests.test_iteration10_purchasing.TestSuperAdminFeatures" name="test_get_tenant_features" time="0.330" /><testcase classname="tests.test_iteration10_purchasing.TestCleanup" name="test_cleanup_test_suppliers" time="0.462" /></testsuite></testsuites>