<?xml version="1.0" encoding="utf-8"?><testsuites name="pytest tests"><testsuite name="pytest" errors="0" failures="0" skipped="0" tests="16" time="10.961" timestamp="2026-03-25T07:34:31.426825+00:00" hostname="agent-env-2cd128ff-7efb-4798-b00f-2636f0e50472"><testcase classname="backend.tests.test_packaging_system_iter126.TestPackagingSystem" name="test_01_api_health" time="0.126" /><testcase classname="backend.tests.test_packaging_system_iter126.TestPackagingSystem" name="test_02_login_demo_user" time="0.320" /><testcase classname="backend.tests.test_packaging_system_iter126.TestPackagingSystem" name="test_03_login_super_admin" time="0.386" /><testcase classname="backend.tests.test_packaging_system_iter126.TestPackagingSystem" name="test_04_get_packaging_materials" time="0.368" /><testcase classname="backend.tests.test_packaging_system_iter126.TestPackagingSystem" name="test_05_create_test_branch" time="0.360" /><testcase classname="backend.tests.test_packaging_system_iter126.TestPackagingSystem" name="test_06_create_packaging_material" time="0.372" /><testcase classname="backend.tests.test_packaging_system_iter126.TestPackagingSystem" name="test_07_create_packaging_request_with_branch_id" time="0.993" /><testcase classname="backend.tests.test_packaging_system_iter126.TestPackagingSystem" name="test_08_get_packaging_requests" time="0.402" /><testcase classname="backend.tests.test_packaging_system_iter126.TestPackagingSystem" name="test_09_approve_packaging_request" time="1.301" /><testcase classname="backend.tests.test_packaging_system_iter126.TestPackagingSystem" name="test_10_transfer_packaging_request" time="1.420" /><testcase classname="backend.tests.test_packaging_system_iter126.TestPackagingSystem" name="test_11_get_branch_packaging_inventory" time="0.393" /><testcase classname="backend.tests.test_packaging_system_iter126.TestPackagingSystem" name="test_12_get_branch_packaging_inventory_with_branch_id" time="1.811" /><testcase classname="backend.tests.test_packaging_system_iter126.TestPackagingSystem" name="test_13_cancel_packaging_request" time="1.308" /><testcase classname="backend.tests.test_packaging_system_iter126.TestPackagingSystem" name="test_14_full_packaging_flow" time="0.599" /><testcase classname="backend.tests.test_packaging_system_iter126.TestPackagingRequestValidation" name="test_transfer_nonexistent_request" time="0.359" /><testcase classname="backend.tests.test_packaging_system_iter126.TestPackagingRequestValidation" name="test_approve_nonexistent_request" time="0.362" /></testsuite></testsuites>