<?xml version="1.0" encoding="utf-8"?><testsuites name="pytest tests"><testsuite name="pytest" errors="0" failures="3" skipped="0" tests="21" time="11.721" timestamp="2026-03-05T23:39:42.987710+00:00" hostname="agent-env-c94c2dda-d6ac-48ad-8175-13f7184a4247"><testcase classname="backend.tests.test_multi_device_offline_sync_iter110.TestMultiDeviceOfflineSync" name="test_01_device1_create_offline_order_takeaway" time="0.681" /><testcase classname="backend.tests.test_multi_device_offline_sync_iter110.TestMultiDeviceOfflineSync" name="test_02_device1_create_offline_order_delivery" time="0.438" /><testcase classname="backend.tests.test_multi_device_offline_sync_iter110.TestMultiDeviceOfflineSync" name="test_03_device2_create_offline_order_dine_in" time="0.464" /><testcase classname="backend.tests.test_multi_device_offline_sync_iter110.TestMultiDeviceOfflineSync" name="test_04_device2_create_offline_order_takeaway" time="0.432" /><testcase classname="backend.tests.test_multi_device_offline_sync_iter110.TestMultiDeviceOfflineSync" name="test_05_verify_device1_orders_exist" time="0.396"><failure message="KeyError: 'is_offline_order'">backend/tests/test_multi_device_offline_sync_iter110.py:215: in test_05_verify_device1_orders_exist
    assert order["is_offline_order"] == True
           ^^^^^^^^^^^^^^^^^^^^^^^^^
E   KeyError: 'is_offline_order'</failure></testcase><testcase classname="backend.tests.test_multi_device_offline_sync_iter110.TestMultiDeviceOfflineSync" name="test_06_verify_device2_orders_exist" time="0.396"><failure message="KeyError: 'is_offline_order'">backend/tests/test_multi_device_offline_sync_iter110.py:239: in test_06_verify_device2_orders_exist
    assert order["is_offline_order"] == True
           ^^^^^^^^^^^^^^^^^^^^^^^^^
E   KeyError: 'is_offline_order'</failure></testcase><testcase classname="backend.tests.test_multi_device_offline_sync_iter110.TestMultiDeviceOfflineSync" name="test_07_prevent_duplicate_sync_same_offline_id" time="0.490" /><testcase classname="backend.tests.test_multi_device_offline_sync_iter110.TestMultiDeviceOfflineSync" name="test_08_batch_sync_multiple_orders" time="0.423" /><testcase classname="backend.tests.test_multi_device_offline_sync_iter110.TestMultiDeviceOfflineSync" name="test_09_sync_offline_expense" time="2.543" /><testcase classname="backend.tests.test_multi_device_offline_sync_iter110.TestMultiDeviceOfflineSync" name="test_10_get_sync_status" time="0.432" /><testcase classname="backend.tests.test_multi_device_offline_sync_iter110.TestMultiDeviceOfflineSync" name="test_11_verify_dashboard_stats_include_synced_orders" time="0.462"><failure message="AssertionError: assert ('total_orders' in {'all_time': {'average_order_value': 45711.6976744186, 'by_payment_method': {'card': 10698.0, 'cash': 1801785.0, 'credit': 144000.0, 'pending': 9120.0}, 'gross_profit': 1059300.0, 'operating_costs': 5350000.0, ...}, 'current_date': '2026-03-05', 'current_shift': {'branch_id': 'b45125b7-b7d3-48c6-9386-a95fcf773132', 'card_sales': 0.0, 'cash_difference': None, 'cash_sales': 0.0, ...}, 'month': {'average_order_value': 45711.6976744186, 'by_payment_method': {'card': 10698.0, 'cash': 1801785.0, 'credit': 144000.0, 'pending': 9120.0}, 'gross_profit': 1059300.0, 'operating_costs': 5350000.0, ...}, ...} or 'orders_count' in {'all_time': {'average_order_value': 45711.6976744186, 'by_payment_method': {'card': 10698.0, 'cash': 1801785.0, 'credit': 144000.0, 'pending': 9120.0}, 'gross_profit': 1059300.0, 'operating_costs': 5350000.0, ...}, 'current_date': '2026-03-05', 'current_shift': {'branch_id': 'b45125b7-b7d3-48c6-9386-a95fcf773132', 'card_sales': 0.0, 'cash_difference': None, 'cash_sales': 0.0, ...}, 'month': {'average_order_value': 45711.6976744186, 'by_payment_method': {'card': 10698.0, 'cash': 1801785.0, 'credit': 144000.0, 'pending': 9120.0}, 'gross_profit': 1059300.0, 'operating_costs': 5350000.0, ...}, ...} or 'today_orders' in {'all_time': {'average_order_value': 45711.6976744186, 'by_payment_method': {'card': 10698.0, 'cash': 1801785.0, 'credit': 144000.0, 'pending': 9120.0}, 'gross_profit': 1059300.0, 'operating_costs': 5350000.0, ...}, 'current_date': '2026-03-05', 'current_shift': {'branch_id': 'b45125b7-b7d3-48c6-9386-a95fcf773132', 'card_sales': 0.0, 'cash_difference': None, 'cash_sales': 0.0, ...}, 'month': {'average_order_value': 45711.6976744186, 'by_payment_method': {'card': 10698.0, 'cash': 1801785.0, 'credit': 144000.0, 'pending': 9120.0}, 'gross_profit': 1059300.0, 'operating_costs': 5350000.0, ...}, ...})">backend/tests/test_multi_device_offline_sync_iter110.py:372: in test_11_verify_dashboard_stats_include_synced_orders
    assert "total_orders" in data or "orders_count" in data or "today_orders" in data
E   AssertionError: assert ('total_orders' in {'all_time': {'average_order_value': 45711.6976744186, 'by_payment_method': {'card': 10698.0, 'cash': 1801785.0, 'credit': 144000.0, 'pending': 9120.0}, 'gross_profit': 1059300.0, 'operating_costs': 5350000.0, ...}, 'current_date': '2026-03-05', 'current_shift': {'branch_id': 'b45125b7-b7d3-48c6-9386-a95fcf773132', 'card_sales': 0.0, 'cash_difference': None, 'cash_sales': 0.0, ...}, 'month': {'average_order_value': 45711.6976744186, 'by_payment_method': {'card': 10698.0, 'cash': 1801785.0, 'credit': 144000.0, 'pending': 9120.0}, 'gross_profit': 1059300.0, 'operating_costs': 5350000.0, ...}, ...} or 'orders_count' in {'all_time': {'average_order_value': 45711.6976744186, 'by_payment_method': {'card': 10698.0, 'cash': 1801785.0, 'credit': 144000.0, 'pending': 9120.0}, 'gross_profit': 1059300.0, 'operating_costs': 5350000.0, ...}, 'current_date': '2026-03-05', 'current_shift': {'branch_id': 'b45125b7-b7d3-48c6-9386-a95fcf773132', 'card_sales': 0.0, 'cash_difference': None, 'cash_sales': 0.0, ...}, 'month': {'average_order_value': 45711.6976744186, 'by_payment_method': {'card': 10698.0, 'cash': 1801785.0, 'credit': 144000.0, 'pending': 9120.0}, 'gross_profit': 1059300.0, 'operating_costs': 5350000.0, ...}, ...} or 'today_orders' in {'all_time': {'average_order_value': 45711.6976744186, 'by_payment_method': {'card': 10698.0, 'cash': 1801785.0, 'credit': 144000.0, 'pending': 9120.0}, 'gross_profit': 1059300.0, 'operating_costs': 5350000.0, ...}, 'current_date': '2026-03-05', 'current_shift': {'branch_id': 'b45125b7-b7d3-48c6-9386-a95fcf773132', 'card_sales': 0.0, 'cash_difference': None, 'cash_sales': 0.0, ...}, 'month': {'average_order_value': 45711.6976744186, 'by_payment_method': {'card': 10698.0, 'cash': 1801785.0, 'credit': 144000.0, 'pending': 9120.0}, 'gross_profit': 1059300.0, 'operating_costs': 5350000.0, ...}, ...})</failure></testcase><testcase classname="backend.tests.test_multi_device_offline_sync_iter110.TestMultiDeviceOfflineSync" name="test_12_sync_offline_customer" time="0.395" /><testcase classname="backend.tests.test_multi_device_offline_sync_iter110.TestMultiDeviceOfflineSync" name="test_13_prevent_duplicate_customer_by_phone" time="0.692" /><testcase classname="backend.tests.test_multi_device_offline_sync_iter110.TestOfflineBannerBehavior" name="test_01_sync_status_endpoint_available" time="0.455" /><testcase classname="backend.tests.test_multi_device_offline_sync_iter110.TestOfflineBannerBehavior" name="test_02_verify_offline_orders_count_in_status" time="0.387" /><testcase classname="backend.tests.test_multi_device_offline_sync_iter110.TestCoreDataAPIsForOffline" name="test_01_get_categories_for_offline_cache" time="0.383" /><testcase classname="backend.tests.test_multi_device_offline_sync_iter110.TestCoreDataAPIsForOffline" name="test_02_get_products_for_offline_cache" time="0.428" /><testcase classname="backend.tests.test_multi_device_offline_sync_iter110.TestCoreDataAPIsForOffline" name="test_03_get_tables_for_offline_cache" time="0.409" /><testcase classname="backend.tests.test_multi_device_offline_sync_iter110.TestCoreDataAPIsForOffline" name="test_04_get_branches_for_offline_cache" time="0.427" /><testcase classname="backend.tests.test_multi_device_offline_sync_iter110.TestCoreDataAPIsForOffline" name="test_05_get_customers_for_offline_cache" time="0.406" /><testcase classname="backend.tests.test_multi_device_offline_sync_iter110.TestCoreDataAPIsForOffline" name="test_06_get_drivers_for_offline_cache" time="0.449" /></testsuite></testsuites>