<?xml version="1.0" encoding="utf-8"?><testsuites name="pytest tests"><testsuite name="pytest" errors="0" failures="1" skipped="0" tests="11" time="4.236" timestamp="2026-07-06T15:24:49.437626+00:00" hostname="agent-env-cc750dda-d326-4448-91ad-dda57632bb83"><testcase classname="tests.test_2fa_master_toggle.Test2FAMasterToggle" name="test_01_default_state_admin_direct_login" time="0.938" /><testcase classname="tests.test_2fa_master_toggle.Test2FAMasterToggle" name="test_02_enable_2fa_via_owner" time="0.526" /><testcase classname="tests.test_2fa_master_toggle.Test2FAMasterToggle" name="test_03_owner_token_invalidated_after_enable" time="0.151" /><testcase classname="tests.test_2fa_master_toggle.Test2FAMasterToggle" name="test_04_admin_login_requires_2fa_with_masked_email" time="0.331" /><testcase classname="tests.test_2fa_master_toggle.Test2FAMasterToggle" name="test_05_complete_admin_2fa" time="0.149" /><testcase classname="tests.test_2fa_master_toggle.Test2FAMasterToggle" name="test_06_2fa_readiness_endpoint" time="0.572" /><testcase classname="tests.test_2fa_master_toggle.Test2FAMasterToggle" name="test_07_disable_2fa" time="0.124" /><testcase classname="tests.test_2fa_master_toggle.Test2FAMasterToggle" name="test_08_admin_direct_login_restored" time="0.337" /><testcase classname="tests.test_2fa_master_toggle.Test2FAMasterToggle" name="test_09_user_phone_create_and_persist" time="0.561"><failure message="AssertionError: phone not persisted: None&#10;assert None == '+9647801234567'&#10; +  where None = &lt;built-in method get of dict object at 0xf99ad4fe0440&gt;('phone')&#10; +    where &lt;built-in method get of dict object at 0xf99ad4fe0440&gt; = {'id': '750a7081-fb3a-4b0a-9839-27d0ea3fd227', 'username': 'testcashier_1783351492', 'email': 'TEST_cashier_1783351492@maestroegp.com', 'full_name': 'Test Cashier', ...}.get">backend/tests/test_2fa_master_toggle.py:244: in test_09_user_phone_create_and_persist
    assert found.get("phone") == "+9647801234567", f"phone not persisted: {found.get('phone')}"
E   AssertionError: phone not persisted: None
E   assert None == '+9647801234567'
E    +  where None = &lt;built-in method get of dict object at 0xf99ad4fe0440&gt;('phone')
E    +    where &lt;built-in method get of dict object at 0xf99ad4fe0440&gt; = {'id': '750a7081-fb3a-4b0a-9839-27d0ea3fd227', 'username': 'testcashier_1783351492', 'email': 'TEST_cashier_1783351492@maestroegp.com', 'full_name': 'Test Cashier', ...}.get</failure></testcase><testcase classname="tests.test_2fa_master_toggle.Test2FAMasterToggle" name="test_10_cleanup_test_user" time="0.102" /><testcase classname="tests.test_2fa_master_toggle.Test2FAMasterToggle" name="test_11_final_state_2fa_disabled" time="0.321" /></testsuite></testsuites>