<?xml version="1.0" encoding="utf-8"?><testsuites name="pytest tests"><testsuite name="pytest" errors="0" failures="0" skipped="0" tests="10" time="2.156" timestamp="2026-04-11T02:10:52.394535+00:00" hostname="agent-env-985e8cf3-3575-40f2-8625-055b279f7281"><testcase classname="tests.test_biometric_face_photo_iter158.TestBiometricFacePhotoFeatures" name="test_01_login_with_admin_credentials" time="0.940" /><testcase classname="tests.test_biometric_face_photo_iter158.TestBiometricFacePhotoFeatures" name="test_02_health_check_endpoint" time="0.160" /><testcase classname="tests.test_biometric_face_photo_iter158.TestBiometricFacePhotoFeatures" name="test_03_biometric_devices_api" time="0.153" /><testcase classname="tests.test_biometric_face_photo_iter158.TestBiometricFacePhotoFeatures" name="test_04_biometric_auto_sync_get" time="0.135" /><testcase classname="tests.test_biometric_face_photo_iter158.TestBiometricFacePhotoFeatures" name="test_05_biometric_auto_sync_post_enable" time="0.130" /><testcase classname="tests.test_biometric_face_photo_iter158.TestBiometricFacePhotoFeatures" name="test_06_verify_auto_sync_enabled" time="0.108" /><testcase classname="tests.test_biometric_face_photo_iter158.TestBiometricFacePhotoFeatures" name="test_07_biometric_auto_sync_post_disable" time="0.118" /><testcase classname="tests.test_biometric_face_photo_iter158.TestBiometricFacePhotoFeatures" name="test_08_get_employees_list" time="0.114" /><testcase classname="tests.test_biometric_face_photo_iter158.TestBiometricFacePhotoFeatures" name="test_09_employee_face_photo_api" time="0.124" /><testcase classname="tests.test_biometric_face_photo_iter158.TestBiometricFacePhotoFeatures" name="test_10_verify_face_photo_saved" time="0.109" /></testsuite></testsuites>