<?xml version="1.0" encoding="utf-8"?><testsuites name="pytest tests"><testsuite name="pytest" errors="0" failures="0" skipped="0" tests="12" time="6.493" timestamp="2026-03-29T20:26:17.022456+00:00" hostname="agent-env-da1c6b0d-1abe-439e-b1e6-97d53efa6519"><testcase classname="backend.tests.test_iteration_134.TestAuthentication" name="test_admin_login" time="0.392" /><testcase classname="backend.tests.test_iteration_134.TestCashRegisterSummary" name="test_cash_register_summary_returns_valid_data" time="0.452" /><testcase classname="backend.tests.test_iteration_134.TestAcceptRejectOrders" name="test_accept_order_sets_status_confirmed" time="1.020" /><testcase classname="backend.tests.test_iteration_134.TestAcceptRejectOrders" name="test_reject_order_sets_status_cancelled" time="0.991" /><testcase classname="backend.tests.test_iteration_134.TestOrderNotifications" name="test_get_order_notifications_returns_proper_structure" time="0.463" /><testcase classname="backend.tests.test_iteration_134.TestOrderNotifications" name="test_notifications_60_minute_cutoff" time="0.448" /><testcase classname="backend.tests.test_iteration_134.TestDriverAssignment" name="test_assign_driver_includes_name_and_phone" time="1.025" /><testcase classname="backend.tests.test_iteration_134.TestRawMaterialsWithTenantId" name="test_create_raw_material_with_tenant_id" time="0.467" /><testcase classname="backend.tests.test_iteration_134.TestSalesReportExcludesRefunded" name="test_sales_report_endpoint_works" time="0.471" /><testcase classname="backend.tests.test_iteration_134.TestSalesReportExcludesRefunded" name="test_sales_report_has_payment_breakdown" time="0.468" /><testcase classname="backend.tests.test_iteration_134.TestCustomerOrderStatusTimeline" name="test_customer_menu_endpoint_exists" time="0.117" /><testcase classname="backend.tests.test_iteration_134.TestHealthCheck" name="test_api_health" time="0.117" /></testsuite></testsuites>