<?xml version="1.0" encoding="utf-8"?><testsuites name="pytest tests"><testsuite name="pytest" errors="0" failures="3" skipped="0" tests="12" time="5.628" timestamp="2026-03-29T23:51:13.361186+00:00" hostname="agent-env-58967c17-a3b1-4f21-bcca-d36f74792543"><testcase classname="backend.tests.test_sales_leaderboard_iter138.TestAuthentication" name="test_admin_login" time="0.484" /><testcase classname="backend.tests.test_sales_leaderboard_iter138.TestAuthentication" name="test_cashier_login" time="0.336" /><testcase classname="backend.tests.test_sales_leaderboard_iter138.TestSalesLeaderboard" name="test_leaderboard_today" time="0.620" /><testcase classname="backend.tests.test_sales_leaderboard_iter138.TestSalesLeaderboard" name="test_leaderboard_week" time="0.432" /><testcase classname="backend.tests.test_sales_leaderboard_iter138.TestSalesLeaderboard" name="test_leaderboard_month" time="0.468" /><testcase classname="backend.tests.test_sales_leaderboard_iter138.TestSalesLeaderboard" name="test_leaderboard_entry_structure" time="0.464" /><testcase classname="backend.tests.test_sales_leaderboard_iter138.TestSalesLeaderboard" name="test_leaderboard_ranking_order" time="0.455" /><testcase classname="backend.tests.test_sales_leaderboard_iter138.TestCashierPermissions" name="test_cashier_can_access_leaderboard" time="0.465" /><testcase classname="backend.tests.test_sales_leaderboard_iter138.TestCashierPermissions" name="test_cashier_permissions_structure" time="0.328" /><testcase classname="backend.tests.test_sales_leaderboard_iter138.TestUserPermissionsAPI" name="test_get_cashier_user" time="0.531"><failure message="AssertionError: Get user failed: {&quot;detail&quot;:&quot;Method Not Allowed&quot;}&#10;assert 405 == 200&#10; +  where 405 = &lt;Response [405]&gt;.status_code">backend/tests/test_sales_leaderboard_iter138.py:232: in test_get_cashier_user
    assert response.status_code == 200, f"Get user failed: {response.text}"
E   AssertionError: Get user failed: {"detail":"Method Not Allowed"}
E   assert 405 == 200
E    +  where 405 = &lt;Response [405]&gt;.status_code</failure></testcase><testcase classname="backend.tests.test_sales_leaderboard_iter138.TestUserPermissionsAPI" name="test_update_cashier_permissions_add_hide_cash_expected" time="0.473"><failure message="assert 405 == 200&#10; +  where 405 = &lt;Response [405]&gt;.status_code">backend/tests/test_sales_leaderboard_iter138.py:245: in test_update_cashier_permissions_add_hide_cash_expected
    assert response.status_code == 200
E   assert 405 == 200
E    +  where 405 = &lt;Response [405]&gt;.status_code</failure></testcase><testcase classname="backend.tests.test_sales_leaderboard_iter138.TestUserPermissionsAPI" name="test_update_cashier_permissions_remove_hide_cash_expected" time="0.473"><failure message="assert 405 == 200&#10; +  where 405 = &lt;Response [405]&gt;.status_code">backend/tests/test_sales_leaderboard_iter138.py:279: in test_update_cashier_permissions_remove_hide_cash_expected
    assert response.status_code == 200
E   assert 405 == 200
E    +  where 405 = &lt;Response [405]&gt;.status_code</failure></testcase></testsuite></testsuites>