<?xml version="1.0" encoding="utf-8"?><testsuites name="pytest tests"><testsuite name="pytest" errors="0" failures="0" skipped="0" tests="8" time="1.475" timestamp="2026-02-09T17:09:24.453537+00:00" hostname="agent-env-f41d14e4-471e-4de4-9fd5-93681769b936"><testcase classname="backend.tests.test_menu_pwa_iter52.TestMenuPWA" name="test_menu_html_accessible" time="0.059" /><testcase classname="backend.tests.test_menu_pwa_iter52.TestMenuPWA" name="test_manifest_menu_json_accessible" time="0.035" /><testcase classname="backend.tests.test_menu_pwa_iter52.TestCustomerMenuAPI" name="test_customer_menu_endpoint" time="0.049" /><testcase classname="backend.tests.test_menu_pwa_iter52.TestAdminDashboard" name="test_admin_login" time="0.261" /><testcase classname="backend.tests.test_menu_pwa_iter52.TestAdminDashboard" name="test_menu_link_api" time="0.298" /><testcase classname="backend.tests.test_menu_pwa_iter52.TestAdminDashboard" name="test_dashboard_settings_show_customer_menu" time="0.293" /><testcase classname="backend.tests.test_menu_pwa_iter52.TestOrdersWithProductNames" name="test_orders_contain_product_names" time="0.302" /><testcase classname="backend.tests.test_menu_pwa_iter52.TestHealthCheck" name="test_api_health" time="0.073" /></testsuite></testsuites>