<?xml version="1.0" encoding="utf-8"?><testsuites name="pytest tests"><testsuite name="pytest" errors="0" failures="0" skipped="0" tests="14" time="2.587" timestamp="2026-04-05T16:18:52.769368+00:00" hostname="agent-env-a0dcda00-aaff-43a2-aafc-7ad00cf68314"><testcase classname="backend.tests.test_attendance_autoprocess_iter148.TestAttendanceAutoProcess" name="test_01_get_employee_with_shift_fields" time="0.556" /><testcase classname="backend.tests.test_attendance_autoprocess_iter148.TestAttendanceAutoProcess" name="test_02_update_employee_shift_fields" time="0.124" /><testcase classname="backend.tests.test_attendance_autoprocess_iter148.TestAttendanceAutoProcess" name="test_03_restore_employee_shift_fields" time="0.099" /><testcase classname="backend.tests.test_attendance_autoprocess_iter148.TestAttendanceAutoProcess" name="test_04_auto_process_no_new_records" time="0.122" /><testcase classname="backend.tests.test_attendance_autoprocess_iter148.TestAttendanceAutoProcess" name="test_05_sync_biometric_records_for_testing" time="0.142" /><testcase classname="backend.tests.test_attendance_autoprocess_iter148.TestAttendanceAutoProcess" name="test_06_auto_process_creates_attendance" time="0.112" /><testcase classname="backend.tests.test_attendance_autoprocess_iter148.TestAttendanceAutoProcess" name="test_07_verify_attendance_record_fields" time="0.150" /><testcase classname="backend.tests.test_attendance_autoprocess_iter148.TestAttendanceAutoProcess" name="test_08_verify_deductions_created" time="0.113" /><testcase classname="backend.tests.test_attendance_autoprocess_iter148.TestAttendanceAutoProcess" name="test_09_auto_process_skips_duplicates" time="0.242" /><testcase classname="backend.tests.test_attendance_autoprocess_iter148.TestAttendanceAutoProcess" name="test_10_verify_worked_hours_calculation" time="0.105" /><testcase classname="backend.tests.test_attendance_autoprocess_iter148.TestAttendanceAutoProcess" name="test_11_verify_late_minutes_calculation" time="0.121" /><testcase classname="backend.tests.test_attendance_autoprocess_iter148.TestAttendanceAutoProcess" name="test_12_verify_early_leave_calculation" time="0.100" /><testcase classname="backend.tests.test_attendance_autoprocess_iter148.TestBiometricDeviceEndpoints" name="test_01_list_biometric_devices" time="0.426" /><testcase classname="backend.tests.test_attendance_autoprocess_iter148.TestBiometricDeviceEndpoints" name="test_02_sync_from_agent_endpoint_exists" time="0.101" /></testsuite></testsuites>