<?xml version="1.0" encoding="utf-8"?><testsuites name="pytest tests"><testsuite name="pytest" errors="0" failures="0" skipped="0" tests="13" time="6.894" timestamp="2026-03-29T23:01:52.540667+00:00" hostname="agent-env-58967c17-a3b1-4f21-bcca-d36f74792543"><testcase classname="backend.tests.test_iteration_136.TestAuthentication" name="test_admin_login" time="0.530" /><testcase classname="backend.tests.test_iteration_136.TestAuthentication" name="test_cashier_login" time="0.363" /><testcase classname="backend.tests.test_iteration_136.TestCashRegisterSummary" name="test_get_cash_register_summary" time="0.459" /><testcase classname="backend.tests.test_iteration_136.TestCashRegisterSummary" name="test_cash_register_summary_has_shift_id" time="0.466" /><testcase classname="backend.tests.test_iteration_136.TestUserPermissions" name="test_get_users_list" time="0.431" /><testcase classname="backend.tests.test_iteration_136.TestUserPermissions" name="test_get_test_cashier_user" time="0.453" /><testcase classname="backend.tests.test_iteration_136.TestUserPermissions" name="test_update_user_permissions_add_hide_cash_expected" time="0.705" /><testcase classname="backend.tests.test_iteration_136.TestUserPermissions" name="test_update_user_permissions_add_hide_recent_orders" time="0.672" /><testcase classname="backend.tests.test_iteration_136.TestUserPermissions" name="test_update_user_permissions_remove_both" time="0.671" /><testcase classname="backend.tests.test_iteration_136.TestUserPermissions" name="test_restore_permissions_for_ui_testing" time="0.665" /><testcase classname="backend.tests.test_iteration_136.TestDashboardStats" name="test_get_dashboard_stats" time="0.499" /><testcase classname="backend.tests.test_iteration_136.TestShiftsAPI" name="test_get_current_shift" time="0.464" /><testcase classname="backend.tests.test_iteration_136.TestShiftsAPI" name="test_auto_open_shift" time="0.436" /></testsuite></testsuites>