<?xml version="1.0" encoding="utf-8"?><testsuites name="pytest tests"><testsuite name="pytest" errors="0" failures="1" skipped="0" tests="13" time="0.904" timestamp="2026-02-08T17:15:40.453879+00:00" hostname="agent-env-374a7824-d499-4058-a748-57dec8982822"><testcase classname="backend.tests.test_customer_pwa_iter51.TestCustomerRestaurants" name="test_get_restaurants_list" time="0.067" /><testcase classname="backend.tests.test_customer_pwa_iter51.TestCustomerMenu" name="test_get_menu_by_tenant_slug" time="0.045" /><testcase classname="backend.tests.test_customer_pwa_iter51.TestCustomerMenu" name="test_get_menu_branches" time="0.048" /><testcase classname="backend.tests.test_customer_pwa_iter51.TestCustomerMenu" name="test_get_menu_invalid_tenant" time="0.044"><failure message="assert 200 == 404&#10; +  where 200 = &lt;Response [200]&gt;.status_code">backend/tests/test_customer_pwa_iter51.py:76: in test_get_menu_invalid_tenant
    assert response.status_code == 404
E   assert 200 == 404
E    +  where 200 = &lt;Response [200]&gt;.status_code</failure></testcase><testcase classname="backend.tests.test_customer_pwa_iter51.TestCustomerOrderHistory" name="test_order_history_with_valid_phone" time="0.039" /><testcase classname="backend.tests.test_customer_pwa_iter51.TestCustomerOrderHistory" name="test_order_history_with_nonexistent_phone" time="0.044" /><testcase classname="backend.tests.test_customer_pwa_iter51.TestCustomerOrderHistory" name="test_order_history_without_phone" time="0.039" /><testcase classname="backend.tests.test_customer_pwa_iter51.TestManifestCustomer" name="test_manifest_customer_exists" time="0.041" /><testcase classname="backend.tests.test_customer_pwa_iter51.TestManifestCustomer" name="test_manifest_customer_start_url" time="0.041" /><testcase classname="backend.tests.test_customer_pwa_iter51.TestManifestCustomer" name="test_manifest_customer_scope" time="0.036" /><testcase classname="backend.tests.test_customer_pwa_iter51.TestManifestCustomer" name="test_manifest_customer_theme_color" time="0.039" /><testcase classname="backend.tests.test_customer_pwa_iter51.TestAuthentication" name="test_login_with_valid_credentials" time="0.259" /><testcase classname="backend.tests.test_customer_pwa_iter51.TestAuthentication" name="test_login_with_invalid_credentials" time="0.037" /></testsuite></testsuites>