<?xml version="1.0" encoding="utf-8"?><testsuites name="pytest tests"><testsuite name="pytest" errors="0" failures="0" skipped="0" tests="8" time="2.109" timestamp="2026-03-30T14:49:52.421497+00:00" hostname="agent-env-83e29f90-9f57-484c-aaa3-f3ed130b1373"><testcase classname="backend.tests.test_iter142_print_agent.TestAuthentication" name="test_admin_login" time="0.502" /><testcase classname="backend.tests.test_iter142_print_agent.TestDownloadPrintAgent" name="test_download_print_agent_returns_200" time="0.116" /><testcase classname="backend.tests.test_iter142_print_agent.TestDownloadPrintAgent" name="test_download_print_agent_returns_python_file" time="0.101" /><testcase classname="backend.tests.test_iter142_print_agent.TestDownloadPrintAgent" name="test_download_print_agent_content_is_valid_python" time="0.142" /><testcase classname="backend.tests.test_iter142_print_agent.TestPrintersEndpoint" name="test_get_printers_returns_200" time="0.501" /><testcase classname="backend.tests.test_iter142_print_agent.TestPrintersEndpoint" name="test_get_printers_returns_list" time="0.112" /><testcase classname="backend.tests.test_iter142_print_agent.TestPackagingMaterialsRegression" name="test_get_packaging_materials_returns_200" time="0.458" /><testcase classname="backend.tests.test_iter142_print_agent.TestHealthCheck" name="test_api_health" time="0.111" /></testsuite></testsuites>