<?xml version="1.0" encoding="utf-8"?><testsuites name="pytest tests"><testsuite name="pytest" errors="0" failures="3" skipped="0" tests="18" time="8.548" timestamp="2026-02-09T20:12:32.386460+00:00" hostname="agent-env-f41d14e4-471e-4de4-9fd5-93681769b936"><testcase classname="backend.tests.test_drivers_geocode_ratings_iter56.TestAuthentication" name="test_login_success" time="0.288" /><testcase classname="backend.tests.test_drivers_geocode_ratings_iter56.TestDriversAPI" name="test_get_drivers_list" time="0.353" /><testcase classname="backend.tests.test_drivers_geocode_ratings_iter56.TestDriversAPI" name="test_create_driver" time="0.081" /><testcase classname="backend.tests.test_drivers_geocode_ratings_iter56.TestDriversAPI" name="test_update_driver" time="0.115"><failure message="AssertionError: Failed to update driver: {&quot;detail&quot;:[{&quot;type&quot;:&quot;missing&quot;,&quot;loc&quot;:[&quot;body&quot;,&quot;phone&quot;],&quot;msg&quot;:&quot;Field required&quot;,&quot;input&quot;:{&quot;name&quot;:&quot;TEST_سائق_محدث&quot;,&quot;is_available&quot;:false},&quot;url&quot;:&quot;https://errors.pydantic.dev/2.12/v/missing&quot;},{&quot;type&quot;:&quot;missing&quot;,&quot;loc&quot;:[&quot;body&quot;,&quot;branch_id&quot;],&quot;msg&quot;:&quot;Field required&quot;,&quot;input&quot;:{&quot;name&quot;:&quot;TEST_سائق_محدث&quot;,&quot;is_available&quot;:false},&quot;url&quot;:&quot;https://errors.pydantic.dev/2.12/v/missing&quot;}]}&#10;assert 422 == 200&#10; +  where 422 = &lt;Response [422]&gt;.status_code">backend/tests/test_drivers_geocode_ratings_iter56.py:123: in test_update_driver
    assert update_response.status_code == 200, f"Failed to update driver: {update_response.text}"
E   AssertionError: Failed to update driver: {"detail":[{"type":"missing","loc":["body","phone"],"msg":"Field required","input":{"name":"TEST_سائق_محدث","is_available":false},"url":"https://errors.pydantic.dev/2.12/v/missing"},{"type":"missing","loc":["body","branch_id"],"msg":"Field required","input":{"name":"TEST_سائق_محدث","is_available":false},"url":"https://errors.pydantic.dev/2.12/v/missing"}]}
E   assert 422 == 200
E    +  where 422 = &lt;Response [422]&gt;.status_code</failure></testcase><testcase classname="backend.tests.test_drivers_geocode_ratings_iter56.TestDriversAPI" name="test_delete_driver" time="0.115" /><testcase classname="backend.tests.test_drivers_geocode_ratings_iter56.TestDriversAPI" name="test_get_drivers_unauthorized" time="0.037" /><testcase classname="backend.tests.test_drivers_geocode_ratings_iter56.TestGeocodeAPI" name="test_reverse_geocode" time="0.757" /><testcase classname="backend.tests.test_drivers_geocode_ratings_iter56.TestGeocodeAPI" name="test_reverse_geocode_cairo" time="1.243" /><testcase classname="backend.tests.test_drivers_geocode_ratings_iter56.TestGeocodeAPI" name="test_search_address" time="2.275" /><testcase classname="backend.tests.test_drivers_geocode_ratings_iter56.TestGeocodeAPI" name="test_search_address_cairo" time="0.487" /><testcase classname="backend.tests.test_drivers_geocode_ratings_iter56.TestGeocodeAPI" name="test_search_address_with_location_bias" time="1.113" /><testcase classname="backend.tests.test_drivers_geocode_ratings_iter56.TestRatingsAPI" name="test_get_ratings_tenant_summary" time="0.301" /><testcase classname="backend.tests.test_drivers_geocode_ratings_iter56.TestRatingsAPI" name="test_get_branches" time="0.038" /><testcase classname="backend.tests.test_drivers_geocode_ratings_iter56.TestRatingsAPI" name="test_get_branch_ratings" time="0.115" /><testcase classname="backend.tests.test_drivers_geocode_ratings_iter56.TestDriverAssignment" name="test_assign_driver_to_order_invalid_order" time="0.299"><failure message="AssertionError: Expected 404/400/500/520, got 422&#10;assert 422 in [404, 400, 500, 520]&#10; +  where 422 = &lt;Response [422]&gt;.status_code">backend/tests/test_drivers_geocode_ratings_iter56.py:309: in test_assign_driver_to_order_invalid_order
    assert response.status_code in [404, 400, 500, 520], f"Expected 404/400/500/520, got {response.status_code}"
E   AssertionError: Expected 404/400/500/520, got 422
E   assert 422 in [404, 400, 500, 520]
E    +  where 422 = &lt;Response [422]&gt;.status_code</failure></testcase><testcase classname="backend.tests.test_drivers_geocode_ratings_iter56.TestDriverAssignment" name="test_get_customer_order_driver_invalid" time="0.037" /><testcase classname="backend.tests.test_drivers_geocode_ratings_iter56.TestDriverLocationUpdate" name="test_update_driver_location" time="0.367"><failure message="AssertionError: Failed to update location: {&quot;detail&quot;:&quot;Method Not Allowed&quot;}&#10;assert 405 == 200&#10; +  where 405 = &lt;Response [405]&gt;.status_code">backend/tests/test_drivers_geocode_ratings_iter56.py:376: in test_update_driver_location
    assert response.status_code == 200, f"Failed to update location: {response.text}"
E   AssertionError: Failed to update location: {"detail":"Method Not Allowed"}
E   assert 405 == 200
E    +  where 405 = &lt;Response [405]&gt;.status_code</failure></testcase><testcase classname="backend.tests.test_drivers_geocode_ratings_iter56.TestCleanup" name="test_cleanup_test_drivers" time="0.409" /></testsuite></testsuites>