<?xml version="1.0" encoding="utf-8"?><testsuites name="pytest tests"><testsuite name="pytest" errors="0" failures="0" skipped="0" tests="20" time="5.414" timestamp="2026-03-25T04:47:19.784904+00:00" hostname="agent-env-472eae2d-ba0d-4abd-b368-e744d97c0484"><testcase classname="backend.tests.test_purchase_requests_iter123.TestPurchaseRequestsAPI" name="test_api_health" time="0.424" /><testcase classname="backend.tests.test_purchase_requests_iter123.TestPurchaseRequestsAPI" name="test_authentication_successful" time="0.324" /><testcase classname="backend.tests.test_purchase_requests_iter123.TestPurchaseRequestsAPI" name="test_get_purchase_requests_returns_list" time="0.369" /><testcase classname="backend.tests.test_purchase_requests_iter123.TestPurchaseRequestsAPI" name="test_get_purchase_requests_with_status_filter" time="0.370" /><testcase classname="backend.tests.test_purchase_requests_iter123.TestPurchaseRequestsAPI" name="test_get_purchase_requests_with_priority_filter" time="0.365" /><testcase classname="backend.tests.test_purchase_requests_iter123.TestPurchaseRequestsReceiveEndpoint" name="test_receive_nonexistent_request_fails" time="0.439" /><testcase classname="backend.tests.test_purchase_requests_iter123.TestPurchaseRequestsReceiveEndpoint" name="test_receive_endpoint_exists" time="0.357" /><testcase classname="backend.tests.test_purchase_requests_iter123.TestInventorySystemPurchaseRequests" name="test_inventory_system_routes_exist" time="0.377" /><testcase classname="backend.tests.test_purchase_requests_iter123.TestInventorySystemPurchaseRequests" name="test_manufacturing_requests_endpoint" time="0.372" /><testcase classname="backend.tests.test_purchase_requests_iter123.TestInventorySystemPurchaseRequests" name="test_suppliers_endpoint_with_auth" time="0.370" /><testcase classname="backend.tests.test_purchase_requests_iter123.TestInventorySystemPurchaseRequests" name="test_manufactured_products_endpoint" time="0.387" /><testcase classname="backend.tests.test_purchase_requests_iter123.TestInventorySystemPurchaseRequests" name="test_manufacturing_inventory_endpoint" time="0.383" /><testcase classname="backend.tests.test_purchase_requests_iter123.TestRoleBasedAccessCodeReview" name="test_warehouse_keeper_role_permissions_defined" time="0.000" /><testcase classname="backend.tests.test_purchase_requests_iter123.TestRoleBasedAccessCodeReview" name="test_manufacturer_role_permissions_defined" time="0.000" /><testcase classname="backend.tests.test_purchase_requests_iter123.TestRoleBasedAccessCodeReview" name="test_purchaser_role_permissions_defined" time="0.000" /><testcase classname="backend.tests.test_purchase_requests_iter123.TestRoleBasedAccessCodeReview" name="test_public_route_role_redirects_defined" time="0.000" /><testcase classname="backend.tests.test_purchase_requests_iter123.TestRoleBasedAccessCodeReview" name="test_warehouse_manufacturing_page_role_variables" time="0.000" /><testcase classname="backend.tests.test_purchase_requests_iter123.TestRoleBasedAccessCodeReview" name="test_tabs_visibility_by_role" time="0.000" /><testcase classname="backend.tests.test_purchase_requests_iter123.TestReceiveEndpointIntegration" name="test_receive_endpoint_validates_request_status" time="0.443" /><testcase classname="backend.tests.test_purchase_requests_iter123.TestReceiveEndpointIntegration" name="test_receive_endpoint_response_structure" time="0.360" /></testsuite></testsuites>