<?xml version="1.0" encoding="utf-8"?><testsuites name="pytest tests"><testsuite name="pytest" errors="0" failures="0" skipped="0" tests="11" time="8.906" timestamp="2026-07-06T15:00:23.049382+00:00" hostname="agent-env-cc750dda-d326-4448-91ad-dda57632bb83"><testcase classname="tests.test_2fa_security.TestStaff2FA" name="test_login_new_device_requires_2fa_no_destination" time="0.499" /><testcase classname="tests.test_2fa_security.TestStaff2FA" name="test_verify_success_then_reuse_fails" time="0.559" /><testcase classname="tests.test_2fa_security.TestStaff2FA" name="test_verify_wrong_code_fails" time="0.471" /><testcase classname="tests.test_2fa_security.TestStaff2FA" name="test_trusted_device_bypasses_2fa" time="0.785" /><testcase classname="tests.test_2fa_security.TestOwner2FA" name="test_owner_login_and_me" time="0.535" /><testcase classname="tests.test_2fa_security.TestDriver2FA" name="test_driver_login_and_verify" time="0.222" /><testcase classname="tests.test_2fa_security.TestPermanentIPBan" name="test_five_fails_ban_then_owner_unblock" time="3.302" /><testcase classname="tests.test_2fa_security.TestOwnerSecurityEndpoints" name="test_security_status" time="0.587" /><testcase classname="tests.test_2fa_security.TestOwnerSecurityEndpoints" name="test_pending_2fa_codes" time="0.461" /><testcase classname="tests.test_2fa_security.TestOwnerSecurityEndpoints" name="test_trusted_devices_and_revoke" time="0.692" /><testcase classname="tests.test_2fa_security.TestPurgeDummyData" name="test_dry_run_then_delete" time="0.679" /></testsuite></testsuites>