<?xml version="1.0" encoding="utf-8"?><testsuites name="pytest tests"><testsuite name="pytest" errors="0" failures="0" skipped="0" tests="11" time="3.049" timestamp="2026-01-21T03:18:33.684795+00:00" hostname="agent-env-9ba0129d-43a5-4c9b-97f4-f437e612debe"><testcase classname="tests.test_iteration20_new_features.TestHealthAndAuth" name="test_health_check" time="0.072" /><testcase classname="tests.test_iteration20_new_features.TestHealthAndAuth" name="test_admin_login" time="0.265" /><testcase classname="tests.test_iteration20_new_features.TestCustomerReviewsAPI" name="test_get_customer_reviews" time="0.301" /><testcase classname="tests.test_iteration20_new_features.TestCustomerReviewsAPI" name="test_create_customer_review" time="0.327" /><testcase classname="tests.test_iteration20_new_features.TestRestaurantSettingsAPI" name="test_get_restaurant_settings" time="0.292" /><testcase classname="tests.test_iteration20_new_features.TestRestaurantSettingsAPI" name="test_update_restaurant_settings" time="0.406" /><testcase classname="tests.test_iteration20_new_features.TestExpensesGasCategory" name="test_create_gas_expense" time="0.366" /><testcase classname="tests.test_iteration20_new_features.TestUploadRestaurantLogo" name="test_upload_logo_endpoint_exists" time="0.294" /><testcase classname="tests.test_iteration20_new_features.TestInstallAppPage" name="test_install_app_page_loads" time="0.033" /><testcase classname="tests.test_iteration20_new_features.TestLoyaltyPage" name="test_loyalty_members_api" time="0.292" /><testcase classname="tests.test_iteration20_new_features.TestLoyaltyPage" name="test_loyalty_settings_api" time="0.289" /></testsuite></testsuites>