<?xml version="1.0" encoding="utf-8"?><testsuites name="pytest tests"><testsuite name="pytest" errors="0" failures="0" skipped="0" tests="13" time="2.054" timestamp="2026-01-17T21:28:31.952258+00:00" hostname="agent-env-edb5abb9-c984-44fa-9399-d758f5491bad"><testcase classname="tests.test_iteration14_staff_management.TestStaffManagement" name="test_01_get_staff_roles" time="0.398" /><testcase classname="tests.test_iteration14_staff_management.TestStaffManagement" name="test_02_admin_sees_all_branches" time="0.045" /><testcase classname="tests.test_iteration14_staff_management.TestStaffManagement" name="test_03_create_staff_member" time="0.342" /><testcase classname="tests.test_iteration14_staff_management.TestStaffManagement" name="test_04_get_staff_list" time="0.045" /><testcase classname="tests.test_iteration14_staff_management.TestStaffManagement" name="test_05_update_staff_member" time="0.038" /><testcase classname="tests.test_iteration14_staff_management.TestStaffManagement" name="test_06_login_as_cashier" time="0.262" /><testcase classname="tests.test_iteration14_staff_management.TestStaffManagement" name="test_07_cashier_sees_only_their_branch" time="0.044" /><testcase classname="tests.test_iteration14_staff_management.TestStaffManagement" name="test_08_cashier_sees_only_their_branch_orders" time="0.115" /><testcase classname="tests.test_iteration14_staff_management.TestStaffManagement" name="test_09_compare_admin_vs_cashier_access" time="0.082" /><testcase classname="tests.test_iteration14_staff_management.TestStaffManagement" name="test_10_unauthorized_access" time="0.077" /><testcase classname="tests.test_iteration14_staff_management.TestStaffManagement" name="test_11_invalid_role_rejected" time="0.084" /><testcase classname="tests.test_iteration14_staff_management.TestStaffManagement" name="test_12_cleanup_deactivate_staff" time="0.097" /><testcase classname="tests.test_iteration14_staff_management.TestBranchRestrictionWithExistingCashier" name="test_existing_cashier_branch_restriction" time="0.339" /></testsuite></testsuites>