<?xml version="1.0" encoding="utf-8"?><testsuites name="pytest tests"><testsuite name="pytest" errors="0" failures="0" skipped="0" tests="14" time="3.845" timestamp="2026-01-26T21:05:00.210255+00:00" hostname="agent-env-e1a6403d-255f-4b53-b4c2-6e93c8b14c7d"><testcase classname="backend.tests.test_iter35_features.TestSuperAdminAuth" name="test_super_admin_login" time="0.309" /><testcase classname="backend.tests.test_iter35_features.TestBackgroundUpload" name="test_get_login_backgrounds" time="0.305" /><testcase classname="backend.tests.test_iter35_features.TestBackgroundUpload" name="test_add_background_via_url" time="0.042" /><testcase classname="backend.tests.test_iter35_features.TestBackgroundUpload" name="test_delete_test_background" time="0.084" /><testcase classname="backend.tests.test_iter35_features.TestTenantFeatures" name="test_get_tenant_features" time="0.305" /><testcase classname="backend.tests.test_iter35_features.TestTenantFeatures" name="test_update_tenant_features_enable_all" time="0.034" /><testcase classname="backend.tests.test_iter35_features.TestTenantFeatures" name="test_update_tenant_features_disable_all" time="0.038" /><testcase classname="backend.tests.test_iter35_features.TestTenantFeatures" name="test_save_tenant_features" time="0.080" /><testcase classname="backend.tests.test_iter35_features.TestTransitionDuration" name="test_update_transition_duration" time="1.334" /><testcase classname="backend.tests.test_iter35_features.TestDemoAccountExclusion" name="test_stats_exclude_demo_accounts" time="0.342" /><testcase classname="backend.tests.test_iter35_features.TestPackagingCost" name="test_get_products_with_packaging_cost" time="0.293" /><testcase classname="backend.tests.test_iter35_features.TestPackagingCost" name="test_create_product_with_packaging_cost" time="0.142" /><testcase classname="backend.tests.test_iter35_features.TestBackgroundSettings" name="test_get_background_settings" time="0.293" /><testcase classname="backend.tests.test_iter35_features.TestBackgroundSettings" name="test_save_background_settings" time="0.108" /></testsuite></testsuites>