<?xml version="1.0" encoding="utf-8"?><testsuites name="pytest tests"><testsuite name="pytest" errors="0" failures="0" skipped="0" tests="13" time="3.033" timestamp="2026-01-26T23:47:47.188453+00:00" hostname="agent-env-1229ef21-e5c5-430e-b6ee-8693a64034b1"><testcase classname="backend.tests.test_upload_apis_iter40.TestSuperAdminLogin" name="test_super_admin_login_success" time="0.322" /><testcase classname="backend.tests.test_upload_apis_iter40.TestUploadLogoAPI" name="test_upload_logo_without_auth" time="0.050" /><testcase classname="backend.tests.test_upload_apis_iter40.TestUploadLogoAPI" name="test_upload_logo_with_auth" time="0.338" /><testcase classname="backend.tests.test_upload_apis_iter40.TestUploadLogoAPI" name="test_upload_logo_with_tenant_id" time="0.296" /><testcase classname="backend.tests.test_upload_apis_iter40.TestUploadBackgroundAPI" name="test_upload_background_without_auth" time="0.039" /><testcase classname="backend.tests.test_upload_apis_iter40.TestUploadBackgroundAPI" name="test_upload_background_with_auth" time="0.322" /><testcase classname="backend.tests.test_upload_apis_iter40.TestUploadLoginLogoAPI" name="test_upload_login_logo_without_auth" time="0.036" /><testcase classname="backend.tests.test_upload_apis_iter40.TestUploadLoginLogoAPI" name="test_upload_login_logo_with_auth" time="0.291" /><testcase classname="backend.tests.test_upload_apis_iter40.TestUploadImageAPI" name="test_upload_image_without_auth" time="0.033" /><testcase classname="backend.tests.test_upload_apis_iter40.TestUploadImageAPI" name="test_upload_product_image_with_auth" time="0.301" /><testcase classname="backend.tests.test_upload_apis_iter40.TestUploadImageAPI" name="test_upload_category_image_with_auth" time="0.294" /><testcase classname="backend.tests.test_upload_apis_iter40.TestUploadedFilesAccessible" name="test_uploaded_logo_accessible" time="0.335" /><testcase classname="backend.tests.test_upload_apis_iter40.TestInvalidFileTypes" name="test_reject_non_image_file" time="0.303" /></testsuite></testsuites>