<?xml version="1.0" encoding="utf-8"?><testsuites name="pytest tests"><testsuite name="pytest" errors="0" failures="0" skipped="0" tests="11" time="4.926" timestamp="2026-04-05T15:56:32.450649+00:00" hostname="agent-env-a0dcda00-aaff-43a2-aafc-7ad00cf68314"><testcase classname="backend.tests.test_biometric_iter147.TestBiometricDeviceAPIs" name="test_01_login_success" time="0.737" /><testcase classname="backend.tests.test_biometric_iter147.TestBiometricDeviceAPIs" name="test_02_list_biometric_devices" time="0.391" /><testcase classname="backend.tests.test_biometric_iter147.TestBiometricDeviceAPIs" name="test_03_create_biometric_device" time="0.458" /><testcase classname="backend.tests.test_biometric_iter147.TestBiometricDeviceAPIs" name="test_04_sync_from_agent_with_records" time="0.385" /><testcase classname="backend.tests.test_biometric_iter147.TestBiometricDeviceAPIs" name="test_05_sync_from_agent_deduplication" time="0.396" /><testcase classname="backend.tests.test_biometric_iter147.TestBiometricDeviceAPIs" name="test_06_sync_from_agent_empty_records" time="0.381" /><testcase classname="backend.tests.test_biometric_iter147.TestBiometricDeviceAPIs" name="test_07_sync_from_agent_invalid_device" time="0.398" /><testcase classname="backend.tests.test_biometric_iter147.TestBiometricDeviceAPIs" name="test_08_update_employee_biometric_uid" time="0.468" /><testcase classname="backend.tests.test_biometric_iter147.TestBiometricDeviceAPIs" name="test_09_get_employees_with_biometric_uid" time="0.399" /><testcase classname="backend.tests.test_biometric_iter147.TestBiometricDeviceValidation" name="test_10_create_device_missing_fields" time="0.466" /><testcase classname="backend.tests.test_biometric_iter147.TestBiometricDeviceValidation" name="test_11_sync_records_with_missing_fields" time="0.376" /></testsuite></testsuites>