<?xml version="1.0" encoding="utf-8"?><testsuites name="pytest tests"><testsuite name="pytest" errors="0" failures="1" skipped="0" tests="12" time="4.361" timestamp="2026-04-10T16:57:59.529708+00:00" hostname="agent-env-37410188-8941-4824-a3c4-d95e2bb1e8c2"><testcase classname="backend.tests.test_pos_refund_cancel_iter153.TestPOSRefundCancelFlow" name="test_01_cash_register_close_includes_refund_fields" time="0.755" /><testcase classname="backend.tests.test_pos_refund_cancel_iter153.TestPOSRefundCancelFlow" name="test_02_daily_closing_report_includes_refund_and_cancel_fields" time="0.540" /><testcase classname="backend.tests.test_pos_refund_cancel_iter153.TestPOSRefundCancelFlow" name="test_03_create_order_and_refund_excludes_from_sales" time="0.823" /><testcase classname="backend.tests.test_pos_refund_cancel_iter153.TestPOSRefundCancelFlow" name="test_04_create_order_and_cancel_excludes_from_sales" time="0.781"><failure message="AssertionError: Cancellation total (0) should include order total (5000.0)&#10;assert 0 &gt;= 5000.0">backend/tests/test_pos_refund_cancel_iter153.py:241: in test_04_create_order_and_cancel_excludes_from_sales
    assert cancellations &gt;= order_total, f"Cancellation total ({cancellations}) should include order total ({order_total})"
E   AssertionError: Cancellation total (0) should include order total (5000.0)
E   assert 0 &gt;= 5000.0</failure></testcase><testcase classname="backend.tests.test_pos_refund_cancel_iter153.TestPOSRefundCancelFlow" name="test_05_refund_status_endpoint" time="0.707" /><testcase classname="backend.tests.test_pos_refund_cancel_iter153.TestPOSRefundCancelFlow" name="test_06_shifts_routes_close_includes_refund_fields" time="0.649" /><testcase classname="backend.tests.test_pos_refund_cancel_iter153.TestReportsRefundLabel" name="test_07_reports_js_uses_correct_arabic_label" time="0.006" /><testcase classname="backend.tests.test_pos_refund_cancel_iter153.TestDashboardCloseReceipt" name="test_08_dashboard_close_receipt_has_refund_section" time="0.003" /><testcase classname="backend.tests.test_pos_refund_cancel_iter153.TestDashboardCloseReceipt" name="test_09_dashboard_close_receipt_has_cancellation_section" time="0.002" /><testcase classname="backend.tests.test_pos_refund_cancel_iter153.TestPOSKitchenPrintLogic" name="test_10_pos_cancel_prints_with_deleted_prefix" time="0.002" /><testcase classname="backend.tests.test_pos_refund_cancel_iter153.TestPOSKitchenPrintLogic" name="test_11_pos_refund_prints_with_refund_prefix" time="0.002" /><testcase classname="backend.tests.test_pos_refund_cancel_iter153.TestPOSKitchenPrintLogic" name="test_12_pos_payment_skips_kitchen_for_editing_order" time="0.005" /></testsuite></testsuites>