<?xml version="1.0" encoding="utf-8"?><testsuites name="pytest tests"><testsuite name="pytest" errors="0" failures="0" skipped="0" tests="14" time="7.165" timestamp="2026-03-25T04:38:02.687884+00:00" hostname="agent-env-472eae2d-ba0d-4abd-b368-e744d97c0484"><testcase classname="backend.tests.test_manufacturing_requests_iter122.TestManufacturingRequests" name="test_01_api_health_check" time="0.338" /><testcase classname="backend.tests.test_manufacturing_requests_iter122.TestManufacturingRequests" name="test_02_create_test_raw_material" time="0.391" /><testcase classname="backend.tests.test_manufacturing_requests_iter122.TestManufacturingRequests" name="test_03_create_manufacturing_request" time="0.133" /><testcase classname="backend.tests.test_manufacturing_requests_iter122.TestManufacturingRequests" name="test_04_get_manufacturing_requests" time="0.095" /><testcase classname="backend.tests.test_manufacturing_requests_iter122.TestManufacturingRequests" name="test_05_get_manufacturing_requests_with_status_filter" time="0.097" /><testcase classname="backend.tests.test_manufacturing_requests_iter122.TestManufacturingRequests" name="test_06_create_request_empty_items_validation" time="0.503" /><testcase classname="backend.tests.test_manufacturing_requests_iter122.TestManufacturingRequests" name="test_07_fulfill_manufacturing_request" time="0.786" /><testcase classname="backend.tests.test_manufacturing_requests_iter122.TestManufacturingRequests" name="test_08_fulfill_already_fulfilled_request" time="0.114" /><testcase classname="backend.tests.test_manufacturing_requests_iter122.TestManufacturingRequests" name="test_09_create_and_reject_request" time="0.806" /><testcase classname="backend.tests.test_manufacturing_requests_iter122.TestManufacturingRequests" name="test_10_update_status_invalid_status" time="1.775" /><testcase classname="backend.tests.test_manufacturing_requests_iter122.TestManufacturingRequests" name="test_11_fulfill_nonexistent_request" time="1.397" /><testcase classname="backend.tests.test_manufacturing_requests_iter122.TestManufacturingRequests" name="test_12_update_status_nonexistent_request" time="0.101" /><testcase classname="backend.tests.test_manufacturing_requests_iter122.TestManufacturingRequests" name="test_13_fulfill_with_insufficient_materials" time="0.274" /><testcase classname="backend.tests.test_manufacturing_requests_iter122.TestManufacturingRequests" name="test_14_verify_existing_request" time="0.276" /></testsuite></testsuites>