<?xml version="1.0" encoding="utf-8"?><testsuites name="pytest tests"><testsuite name="pytest" errors="0" failures="1" skipped="2" tests="10" time="1.220" timestamp="2026-02-09T20:56:51.702061+00:00" hostname="agent-env-82147e9a-d89e-40f2-b4da-9e6790a99e55"><testcase classname="backend.tests.test_driver_pin_auth_iter58.TestDriverPINAuthentication" name="test_01_driver_login_with_correct_pin" time="0.072" /><testcase classname="backend.tests.test_driver_pin_auth_iter58.TestDriverPINAuthentication" name="test_02_driver_login_with_wrong_pin" time="0.035" /><testcase classname="backend.tests.test_driver_pin_auth_iter58.TestDriverPINAuthentication" name="test_03_driver_login_without_pin" time="0.039" /><testcase classname="backend.tests.test_driver_pin_auth_iter58.TestDriverPINAuthentication" name="test_04_create_driver_with_pin" time="0.275"><failure message="Failed: Failed to create driver: 422">backend/tests/test_driver_pin_auth_iter58.py:171: in test_04_create_driver_with_pin
    pytest.fail(f"Failed to create driver: {response.status_code}")
E   Failed: Failed to create driver: 422</failure></testcase><testcase classname="backend.tests.test_driver_pin_auth_iter58.TestDriverPINAuthentication" name="test_05_update_driver_pin" time="0.268"><skipped type="pytest.skip" message="Could not create test driver">/app/backend/tests/test_driver_pin_auth_iter58.py:197: Could not create test driver</skipped></testcase><testcase classname="backend.tests.test_driver_pin_auth_iter58.TestDriverPINAuthentication" name="test_06_driver_location_update_after_login" time="0.044" /><testcase classname="backend.tests.test_driver_pin_auth_iter58.TestDriverPINAuthentication" name="test_07_driver_login_inactive_driver" time="0.313"><skipped type="pytest.skip" message="Could not create test driver">/app/backend/tests/test_driver_pin_auth_iter58.py:304: Could not create test driver</skipped></testcase><testcase classname="backend.tests.test_driver_pin_auth_iter58.TestDriverPINEdgeCases" name="test_empty_pin" time="0.035" /><testcase classname="backend.tests.test_driver_pin_auth_iter58.TestDriverPINEdgeCases" name="test_invalid_phone_format" time="0.032" /><testcase classname="backend.tests.test_driver_pin_auth_iter58.TestDriverPINEdgeCases" name="test_special_characters_in_pin" time="0.035" /></testsuite></testsuites>