<?xml version="1.0" encoding="utf-8"?><testsuites name="pytest tests"><testsuite name="pytest" errors="0" failures="0" skipped="0" tests="11" time="5.927" timestamp="2026-03-29T23:16:40.565683+00:00" hostname="agent-env-58967c17-a3b1-4f21-bcca-d36f74792543"><testcase classname="backend.tests.test_data_isolation_iter137.TestAuthentication" name="test_admin_login" time="0.418" /><testcase classname="backend.tests.test_data_isolation_iter137.TestAuthentication" name="test_cashier_login" time="0.344" /><testcase classname="backend.tests.test_data_isolation_iter137.TestOrdersDataIsolation" name="test_admin_sees_all_orders" time="0.499" /><testcase classname="backend.tests.test_data_isolation_iter137.TestOrdersDataIsolation" name="test_cashier_sees_only_own_orders" time="0.470" /><testcase classname="backend.tests.test_data_isolation_iter137.TestOrdersDataIsolation" name="test_admin_vs_cashier_order_count" time="0.869" /><testcase classname="backend.tests.test_data_isolation_iter137.TestDashboardStatsDataIsolation" name="test_admin_dashboard_stats" time="0.458" /><testcase classname="backend.tests.test_data_isolation_iter137.TestDashboardStatsDataIsolation" name="test_cashier_dashboard_stats" time="0.497" /><testcase classname="backend.tests.test_data_isolation_iter137.TestDashboardStatsDataIsolation" name="test_admin_vs_cashier_stats_comparison" time="0.934" /><testcase classname="backend.tests.test_data_isolation_iter137.TestRoleBasedAccess" name="test_verify_admin_role" time="0.444" /><testcase classname="backend.tests.test_data_isolation_iter137.TestRoleBasedAccess" name="test_verify_cashier_role" time="0.459" /><testcase classname="backend.tests.test_data_isolation_iter137.TestTodayFilterForNonAdmin" name="test_cashier_orders_default_to_today" time="0.467" /></testsuite></testsuites>