<?xml version="1.0" encoding="utf-8"?><testsuites name="pytest tests"><testsuite name="pytest" errors="0" failures="0" skipped="0" tests="22" time="6.190" timestamp="2026-01-23T00:12:30.423719+00:00" hostname="agent-env-2a4f401b-e91b-4ec4-9ff5-e9d5da25ceb0"><testcase classname="tests.test_iteration22_comprehensive.TestAuthentication" name="test_health_check" time="0.061" /><testcase classname="tests.test_iteration22_comprehensive.TestAuthentication" name="test_admin_login" time="0.262" /><testcase classname="tests.test_iteration22_comprehensive.TestAuthentication" name="test_owner_login" time="0.259" /><testcase classname="tests.test_iteration22_comprehensive.TestAuthentication" name="test_invalid_login" time="0.040" /><testcase classname="tests.test_iteration22_comprehensive.TestDashboardAPIs" name="test_dashboard_stats" time="0.308" /><testcase classname="tests.test_iteration22_comprehensive.TestDashboardAPIs" name="test_branches_list" time="0.291" /><testcase classname="tests.test_iteration22_comprehensive.TestPOSAPIs" name="test_get_categories" time="0.335" /><testcase classname="tests.test_iteration22_comprehensive.TestPOSAPIs" name="test_get_products" time="0.293" /><testcase classname="tests.test_iteration22_comprehensive.TestPOSAPIs" name="test_get_tables" time="0.294" /><testcase classname="tests.test_iteration22_comprehensive.TestSettingsAPIs" name="test_get_delivery_apps" time="0.301" /><testcase classname="tests.test_iteration22_comprehensive.TestSettingsAPIs" name="test_get_printers" time="0.298" /><testcase classname="tests.test_iteration22_comprehensive.TestSettingsAPIs" name="test_get_users" time="0.294" /><testcase classname="tests.test_iteration22_comprehensive.TestDriversAPIs" name="test_get_drivers" time="0.296" /><testcase classname="tests.test_iteration22_comprehensive.TestEmployeesAPIs" name="test_get_employees" time="0.306" /><testcase classname="tests.test_iteration22_comprehensive.TestCouponsAPIs" name="test_get_coupons" time="0.292" /><testcase classname="tests.test_iteration22_comprehensive.TestCouponsAPIs" name="test_get_promotions" time="0.293" /><testcase classname="tests.test_iteration22_comprehensive.TestCouponsAPIs" name="test_create_coupon" time="0.297" /><testcase classname="tests.test_iteration22_comprehensive.TestReportsAPIs" name="test_get_sales_report" time="0.337" /><testcase classname="tests.test_iteration22_comprehensive.TestReportsAPIs" name="test_get_orders" time="0.315" /><testcase classname="tests.test_iteration22_comprehensive.TestOrdersAPIs" name="test_get_orders_list" time="0.340" /><testcase classname="tests.test_iteration22_comprehensive.TestInventoryAPIs" name="test_get_inventory" time="0.294" /><testcase classname="tests.test_iteration22_comprehensive.TestExpensesAPIs" name="test_get_expenses" time="0.291" /></testsuite></testsuites>