<?xml version="1.0" encoding="utf-8"?><testsuites name="pytest tests"><testsuite name="pytest" errors="0" failures="1" skipped="0" tests="13" time="1.689" timestamp="2026-01-18T22:40:05.606903+00:00" hostname="agent-env-a9305253-88b6-4302-bea4-2ff33611e0ab"><testcase classname="tests.test_iteration16_customer_menu.TestCustomerMenuAPI" name="test_get_customer_menu_returns_branches" time="0.062" /><testcase classname="tests.test_iteration16_customer_menu.TestCustomerMenuAPI" name="test_get_customer_menu_returns_categories" time="0.038" /><testcase classname="tests.test_iteration16_customer_menu.TestCustomerMenuAPI" name="test_get_customer_menu_returns_products" time="0.045" /><testcase classname="tests.test_iteration16_customer_menu.TestCustomerOrderAPI" name="test_create_order_with_cash_payment" time="0.112" /><testcase classname="tests.test_iteration16_customer_menu.TestCustomerOrderAPI" name="test_create_order_with_card_payment" time="0.118" /><testcase classname="tests.test_iteration16_customer_menu.TestCustomerOrderAPI" name="test_create_order_without_customer_info_fails" time="0.076" /><testcase classname="tests.test_iteration16_customer_menu.TestCustomerOrderAPI" name="test_create_order_with_invalid_product_fails" time="0.035" /><testcase classname="tests.test_iteration16_customer_menu.TestOrderTrackingAPI" name="test_track_order_by_id" time="0.108" /><testcase classname="tests.test_iteration16_customer_menu.TestOrderTrackingAPI" name="test_track_nonexistent_order_returns_404" time="0.034" /><testcase classname="tests.test_iteration16_customer_menu.TestPaymentAPI" name="test_create_checkout_session" time="0.646" /><testcase classname="tests.test_iteration16_customer_menu.TestPaymentAPI" name="test_get_payment_status_invalid_session" time="0.223"><failure message="assert 520 in [404, 500]&#10; +  where 520 = &lt;Response [520]&gt;.status_code">tests/test_iteration16_customer_menu.py:356: in test_get_payment_status_invalid_session
    assert response.status_code in [404, 500]
E   assert 520 in [404, 500]
E    +  where 520 = &lt;Response [520]&gt;.status_code</failure></testcase><testcase classname="tests.test_iteration16_customer_menu.TestBranchSelection" name="test_menu_returns_multiple_branches" time="0.036" /><testcase classname="tests.test_iteration16_customer_menu.TestBranchSelection" name="test_order_with_specific_branch" time="0.082" /></testsuite></testsuites>