<?xml version="1.0" encoding="utf-8"?><testsuites name="pytest tests"><testsuite name="pytest" errors="0" failures="0" skipped="0" tests="17" time="3.908" timestamp="2026-01-18T23:33:07.054186+00:00" hostname="agent-env-a9305253-88b6-4302-bea4-2ff33611e0ab"><testcase classname="tests.test_iteration17_payment_notifications.TestPaymentSettingsAPI" name="test_get_payment_settings" time="0.288" /><testcase classname="tests.test_iteration17_payment_notifications.TestPaymentSettingsAPI" name="test_update_stripe_settings" time="0.317" /><testcase classname="tests.test_iteration17_payment_notifications.TestPaymentSettingsAPI" name="test_update_zaincash_settings" time="0.279" /><testcase classname="tests.test_iteration17_payment_notifications.TestPaymentSettingsAPI" name="test_update_delivery_settings" time="0.321" /><testcase classname="tests.test_iteration17_payment_notifications.TestPaymentSettingsAPI" name="test_payment_settings_unauthorized" time="0.295" /><testcase classname="tests.test_iteration17_payment_notifications.TestNotificationsAPI" name="test_sound_alert_api" time="0.273" /><testcase classname="tests.test_iteration17_payment_notifications.TestNotificationsAPI" name="test_sound_alert_with_last_check" time="0.365" /><testcase classname="tests.test_iteration17_payment_notifications.TestNotificationsAPI" name="test_sound_alert_with_branch_id" time="0.312" /><testcase classname="tests.test_iteration17_payment_notifications.TestNotificationsAPI" name="test_pending_orders_api" time="0.283" /><testcase classname="tests.test_iteration17_payment_notifications.TestNotificationsAPI" name="test_pending_orders_with_branch_filter" time="0.319" /><testcase classname="tests.test_iteration17_payment_notifications.TestNotificationsAPI" name="test_mark_orders_as_seen" time="0.302" /><testcase classname="tests.test_iteration17_payment_notifications.TestNotificationsAPI" name="test_mark_seen_empty_list" time="0.302" /><testcase classname="tests.test_iteration17_payment_notifications.TestNotificationsUnauthorized" name="test_sound_alert_unauthorized" time="0.032" /><testcase classname="tests.test_iteration17_payment_notifications.TestNotificationsUnauthorized" name="test_pending_orders_unauthorized" time="0.033" /><testcase classname="tests.test_iteration17_payment_notifications.TestNotificationsUnauthorized" name="test_mark_seen_unauthorized" time="0.034" /><testcase classname="tests.test_iteration17_payment_notifications.TestHealthCheck" name="test_api_health" time="0.034" /><testcase classname="tests.test_iteration17_payment_notifications.TestHealthCheck" name="test_root_endpoint" time="0.033" /></testsuite></testsuites>