<?xml version="1.0" encoding="utf-8"?><testsuites name="pytest tests"><testsuite name="pytest" errors="0" failures="1" skipped="2" tests="14" time="2.322" timestamp="2026-02-09T20:31:21.162290+00:00" hostname="agent-env-f41d14e4-471e-4de4-9fd5-93681769b936"><testcase classname="backend.tests.test_driver_app_push_iter57.TestDriverAppLogin" name="test_driver_login_with_valid_phone" time="0.106" /><testcase classname="backend.tests.test_driver_app_push_iter57.TestDriverAppLogin" name="test_driver_login_with_invalid_phone" time="0.042" /><testcase classname="backend.tests.test_driver_app_push_iter57.TestDriverOrders" name="test_get_driver_orders_with_valid_id" time="0.088" /><testcase classname="backend.tests.test_driver_app_push_iter57.TestDriverOrders" name="test_get_driver_orders_with_invalid_id" time="0.035" /><testcase classname="backend.tests.test_driver_app_push_iter57.TestOrderStatusUpdate" name="test_update_order_status_requires_auth" time="0.037" /><testcase classname="backend.tests.test_driver_app_push_iter57.TestOrderStatusUpdate" name="test_update_order_status_invalid_order_with_auth" time="0.295" /><testcase classname="backend.tests.test_driver_app_push_iter57.TestPushNotifications" name="test_push_subscribe" time="0.081" /><testcase classname="backend.tests.test_driver_app_push_iter57.TestPushNotifications" name="test_push_unsubscribe" time="0.078" /><testcase classname="backend.tests.test_driver_app_push_iter57.TestPushNotifications" name="test_push_subscribe_driver" time="0.079" /><testcase classname="backend.tests.test_driver_app_push_iter57.TestDriverLocationTracking" name="test_update_driver_location" time="0.408"><skipped type="pytest.skip" message="No auth token or driver available">/app/backend/tests/test_driver_app_push_iter57.py:289: No auth token or driver available</skipped></testcase><testcase classname="backend.tests.test_driver_app_push_iter57.TestDriverLocationTracking" name="test_get_driver_location" time="0.375"><skipped type="pytest.skip" message="No auth token or driver available">/app/backend/tests/test_driver_app_push_iter57.py:316: No auth token or driver available</skipped></testcase><testcase classname="backend.tests.test_driver_app_push_iter57.TestCustomerOrderDriverInfo" name="test_get_order_driver_info_invalid_order" time="0.041" /><testcase classname="backend.tests.test_driver_app_push_iter57.TestDriverAppIntegration" name="test_full_driver_flow" time="0.523"><failure message="assert 404 == 200&#10; +  where 404 = &lt;Response [404]&gt;.status_code">backend/tests/test_driver_app_push_iter57.py:436: in test_full_driver_flow
    assert location_response.status_code == 200
E   assert 404 == 200
E    +  where 404 = &lt;Response [404]&gt;.status_code</failure></testcase><testcase classname="backend.tests.test_driver_app_push_iter57.TestServiceWorkerEndpoints" name="test_sw_push_file_exists" time="0.037" /></testsuite></testsuites>