<?xml version="1.0" encoding="utf-8"?><testsuites name="pytest tests"><testsuite name="pytest" errors="0" failures="0" skipped="0" tests="15" time="2.084" timestamp="2026-04-10T23:16:47.590163+00:00" hostname="agent-env-9de5dca7-69f0-4c20-8d48-a6cddbd3b73f"><testcase classname="backend.tests.test_delivery_app_credit_iter156.TestDeliveryAppCreditTracking" name="test_01_get_delivery_apps_list" time="0.531" /><testcase classname="backend.tests.test_delivery_app_credit_iter156.TestDeliveryAppCreditTracking" name="test_02_create_order_with_toters_delivery_app" time="0.235" /><testcase classname="backend.tests.test_delivery_app_credit_iter156.TestDeliveryAppCreditTracking" name="test_03_create_order_with_talabat_delivery_app" time="0.201" /><testcase classname="backend.tests.test_delivery_app_credit_iter156.TestDeliveryAppCreditTracking" name="test_04_create_order_with_baly_delivery_app" time="0.155" /><testcase classname="backend.tests.test_delivery_app_credit_iter156.TestDeliveryAppCreditTracking" name="test_05_create_regular_credit_order_without_delivery_app" time="0.186" /><testcase classname="backend.tests.test_delivery_app_credit_iter156.TestDeliveryAppCreditTracking" name="test_06_verify_order_retrieval_has_delivery_app" time="0.148" /><testcase classname="backend.tests.test_delivery_app_credit_iter156.TestDeliveryAppCreditTracking" name="test_07_verify_cash_register_summary_excludes_delivery_from_credit" time="0.105" /><testcase classname="backend.tests.test_delivery_app_credit_iter156.TestDeliveryAppCreditTracking" name="test_08_verify_pending_orders_include_delivery_app" time="0.131" /><testcase classname="backend.tests.test_delivery_app_credit_iter156.TestDeliveryAppCreditTracking" name="test_09_cleanup_test_orders" time="0.305" /><testcase classname="backend.tests.test_delivery_app_credit_iter156.TestCodeReviewVerification" name="test_10_verify_pos_js_delivery_app_name_in_payloads" time="0.001" /><testcase classname="backend.tests.test_delivery_app_credit_iter156.TestCodeReviewVerification" name="test_11_verify_shifts_routes_credit_excludes_delivery" time="0.000" /><testcase classname="backend.tests.test_delivery_app_credit_iter156.TestCodeReviewVerification" name="test_12_verify_print_server_delivery_company_display" time="0.000" /><testcase classname="backend.tests.test_delivery_app_credit_iter156.TestCodeReviewVerification" name="test_13_verify_print_service_delivery_company_field" time="0.000" /><testcase classname="backend.tests.test_delivery_app_credit_iter156.TestCodeReviewVerification" name="test_14_verify_build_print_order_data_delivery_company" time="0.001" /><testcase classname="backend.tests.test_delivery_app_credit_iter156.TestCodeReviewVerification" name="test_15_verify_order_loading_restores_delivery_app" time="0.001" /></testsuite></testsuites>