<?xml version="1.0" encoding="utf-8"?><testsuites name="pytest tests"><testsuite name="pytest" errors="0" failures="0" skipped="0" tests="7" time="4.652" timestamp="2026-07-02T22:48:11.964932+00:00" hostname="agent-env-9f0e2dc9-e06a-4184-99c0-6cd08d1c7538"><testcase classname="tests.test_shift_guard_and_close.TestOpenForCashierGuard" name="test_full_flow_block_own_diff" time="0.923" /><testcase classname="tests.test_shift_guard_and_close.TestOpenShift400" name="test_open_shift_returns_400_for_same_name" time="0.458" /><testcase classname="tests.test_shift_guard_and_close.TestQuickOpenBlocked" name="test_quick_open_returns_blocked" time="0.686" /><testcase classname="tests.test_shift_guard_and_close.TestCloseShiftTotals" name="test_close_totals_match_shift_orders_only" time="0.468" /><testcase classname="tests.test_shift_autocreate_dedup.TestSummaryReusesExistingShift" name="test_summary_reuses_same_name_open_shift_no_duplicate" time="0.688" /><testcase classname="tests.test_shift_autocreate_dedup.TestSummaryCreatesWhenNoShift" name="test_summary_creates_single_shift_when_no_existing" time="0.463" /><testcase classname="tests.test_shift_autocreate_dedup.TestOrderCreateReusesShift" name="test_order_creation_attaches_to_existing_same_name_shift" time="0.687" /></testsuite></testsuites>