<?xml version="1.0" encoding="utf-8"?><testsuites name="pytest tests"><testsuite name="pytest" errors="0" failures="0" skipped="1" tests="10" time="4.520" timestamp="2026-04-05T13:30:33.451970+00:00" hostname="agent-env-a0dcda00-aaff-43a2-aafc-7ad00cf68314"><testcase classname="backend.tests.test_order_notes_iter145.TestOrderNotes" name="test_01_health_check" time="0.191" /><testcase classname="backend.tests.test_order_notes_iter145.TestOrderNotes" name="test_02_login" time="0.388" /><testcase classname="backend.tests.test_order_notes_iter145.TestOrderNotes" name="test_03_get_products" time="0.363" /><testcase classname="backend.tests.test_order_notes_iter145.TestOrderNotes" name="test_04_get_branches" time="0.427" /><testcase classname="backend.tests.test_order_notes_iter145.TestOrderNotes" name="test_05_create_order_with_notes" time="0.520" /><testcase classname="backend.tests.test_order_notes_iter145.TestOrderNotes" name="test_06_fetch_order_verify_notes_preserved" time="0.534" /><testcase classname="backend.tests.test_order_notes_iter145.TestOrderNotes" name="test_07_update_items_endpoint" time="0.529" /><testcase classname="backend.tests.test_order_notes_iter145.TestOrderNotes" name="test_08_add_items_endpoint_with_extras_and_notes" time="0.562" /><testcase classname="backend.tests.test_order_notes_iter145.TestOrderNotes" name="test_09_create_order_with_multiple_items_different_notes" time="0.361"><skipped type="pytest.skip" message="Need at least 2 products for this test">/app/backend/tests/test_order_notes_iter145.py:314: Need at least 2 products for this test</skipped></testcase><testcase classname="backend.tests.test_order_notes_iter145.TestOrderNotes" name="test_10_verify_notes_in_order_list" time="0.560" /></testsuite></testsuites>