<?xml version="1.0" encoding="utf-8"?><testsuites name="pytest tests"><testsuite name="pytest" errors="0" failures="0" skipped="0" tests="18" time="11.926" timestamp="2026-02-09T20:15:10.566330+00:00" hostname="agent-env-f41d14e4-471e-4de4-9fd5-93681769b936"><testcase classname="backend.tests.test_drivers_geocode_ratings_iter56.TestAuthentication" name="test_login_success" time="0.287" /><testcase classname="backend.tests.test_drivers_geocode_ratings_iter56.TestDriversAPI" name="test_get_drivers_list" time="0.312" /><testcase classname="backend.tests.test_drivers_geocode_ratings_iter56.TestDriversAPI" name="test_create_driver" time="0.079" /><testcase classname="backend.tests.test_drivers_geocode_ratings_iter56.TestDriversAPI" name="test_update_driver" time="0.114" /><testcase classname="backend.tests.test_drivers_geocode_ratings_iter56.TestDriversAPI" name="test_delete_driver" time="0.114" /><testcase classname="backend.tests.test_drivers_geocode_ratings_iter56.TestDriversAPI" name="test_get_drivers_unauthorized" time="0.035" /><testcase classname="backend.tests.test_drivers_geocode_ratings_iter56.TestGeocodeAPI" name="test_reverse_geocode" time="3.495" /><testcase classname="backend.tests.test_drivers_geocode_ratings_iter56.TestGeocodeAPI" name="test_reverse_geocode_cairo" time="0.663" /><testcase classname="backend.tests.test_drivers_geocode_ratings_iter56.TestGeocodeAPI" name="test_search_address" time="0.800" /><testcase classname="backend.tests.test_drivers_geocode_ratings_iter56.TestGeocodeAPI" name="test_search_address_cairo" time="1.103" /><testcase classname="backend.tests.test_drivers_geocode_ratings_iter56.TestGeocodeAPI" name="test_search_address_with_location_bias" time="3.238" /><testcase classname="backend.tests.test_drivers_geocode_ratings_iter56.TestRatingsAPI" name="test_get_ratings_tenant_summary" time="0.317" /><testcase classname="backend.tests.test_drivers_geocode_ratings_iter56.TestRatingsAPI" name="test_get_branches" time="0.042" /><testcase classname="backend.tests.test_drivers_geocode_ratings_iter56.TestRatingsAPI" name="test_get_branch_ratings" time="0.077" /><testcase classname="backend.tests.test_drivers_geocode_ratings_iter56.TestDriverAssignment" name="test_assign_driver_to_order_invalid_order" time="0.339" /><testcase classname="backend.tests.test_drivers_geocode_ratings_iter56.TestDriverAssignment" name="test_get_customer_order_driver_invalid" time="0.039" /><testcase classname="backend.tests.test_drivers_geocode_ratings_iter56.TestDriverLocationUpdate" name="test_update_driver_location" time="0.408" /><testcase classname="backend.tests.test_drivers_geocode_ratings_iter56.TestCleanup" name="test_cleanup_test_drivers" time="0.369" /></testsuite></testsuites>