<?xml version="1.0" encoding="utf-8"?><testsuites name="pytest tests"><testsuite name="pytest" errors="0" failures="0" skipped="0" tests="6" time="2.730" timestamp="2026-03-27T19:51:46.332113+00:00" hostname="agent-env-de3a6a4c-74bc-4b72-860f-38a7904b2a01"><testcase classname="backend.tests.test_impersonation.TestImpersonation" name="test_01_admin_login" time="0.417" /><testcase classname="backend.tests.test_impersonation.TestImpersonation" name="test_02_impersonate_cashier_api" time="0.416" /><testcase classname="backend.tests.test_impersonation.TestImpersonation" name="test_03_impersonated_user_has_correct_permissions" time="0.434" /><testcase classname="backend.tests.test_impersonation.TestImpersonation" name="test_04_impersonated_token_works" time="0.577" /><testcase classname="backend.tests.test_impersonation.TestImpersonation" name="test_05_cannot_impersonate_admin" time="0.398" /><testcase classname="backend.tests.test_impersonation.TestDashboardQuickActions" name="test_dashboard_settings_api" time="0.429" /></testsuite></testsuites>