<?xml version="1.0" encoding="utf-8"?><testsuites name="pytest tests"><testsuite name="pytest" errors="0" failures="0" skipped="0" tests="5" time="2.350" timestamp="2026-03-27T21:55:21.967986+00:00" hostname="agent-env-de3a6a4c-74bc-4b72-860f-38a7904b2a01"><testcase classname="backend.tests.test_cash_register.TestCashRegister" name="test_01_get_cash_register_summary" time="0.490" /><testcase classname="backend.tests.test_cash_register.TestCashRegister" name="test_02_close_cash_register_with_denominations" time="0.519" /><testcase classname="backend.tests.test_cash_register.TestCashRegister" name="test_03_close_when_no_open_shift_returns_404" time="0.397" /><testcase classname="backend.tests.test_cash_register.TestCashRegister" name="test_04_summary_creates_new_shift_after_close" time="0.400" /><testcase classname="backend.tests.test_cash_register.TestCashRegister" name="test_05_close_with_empty_denominations" time="0.482" /></testsuite></testsuites>