<?xml version="1.0" encoding="utf-8"?><testsuites name="pytest tests"><testsuite name="pytest" errors="0" failures="0" skipped="0" tests="10" time="3.308" timestamp="2026-04-10T21:28:12.286113+00:00" hostname="agent-env-37410188-8941-4824-a3c4-d95e2bb1e8c2"><testcase classname="backend.tests.test_pos_refund_flow_iter154.TestRefundFlowComplete" name="test_01_create_credit_order_refund_verify_summary" time="0.737" /><testcase classname="backend.tests.test_pos_refund_flow_iter154.TestRefundFlowComplete" name="test_02_cash_register_summary_has_refund_fields" time="0.438" /><testcase classname="backend.tests.test_pos_refund_flow_iter154.TestRefundFlowComplete" name="test_03_refunded_orders_excluded_from_all_sales_types" time="0.633" /><testcase classname="backend.tests.test_pos_refund_flow_iter154.TestRefundFlowComplete" name="test_04_credit_report_excludes_refunded_orders" time="0.394" /><testcase classname="backend.tests.test_pos_refund_flow_iter154.TestRefundFlowComplete" name="test_05_cash_register_close_includes_refund_fields" time="0.443" /><testcase classname="backend.tests.test_pos_refund_flow_iter154.TestCodeStructureVerification" name="test_06_pos_payment_skips_kitchen_for_editing_order" time="0.003" /><testcase classname="backend.tests.test_pos_refund_flow_iter154.TestCodeStructureVerification" name="test_07_reports_page_uses_arabic_refunds_label" time="0.002" /><testcase classname="backend.tests.test_pos_refund_flow_iter154.TestCodeStructureVerification" name="test_08_pos_refund_prints_with_refund_prefix" time="0.002" /><testcase classname="backend.tests.test_pos_refund_flow_iter154.TestCodeStructureVerification" name="test_09_pos_cancel_prints_with_deleted_prefix" time="0.002" /><testcase classname="backend.tests.test_pos_refund_flow_iter154.TestShiftsRoutesRefundExclusion" name="test_10_summary_uses_nin_filter_for_refunded" time="0.599" /></testsuite></testsuites>