<?xml version="1.0" encoding="utf-8"?><testsuites name="pytest tests"><testsuite name="pytest" errors="0" failures="0" skipped="0" tests="12" time="3.667" timestamp="2026-01-25T20:09:40.360074+00:00" hostname="agent-env-36f888d1-0f8c-4193-a917-bb85fd3e01eb"><testcase classname="backend.tests.test_invoice_settings_iter27.TestAuth" name="test_customer_admin_login" time="0.292" /><testcase classname="backend.tests.test_invoice_settings_iter27.TestAuth" name="test_super_admin_login" time="0.259" /><testcase classname="backend.tests.test_invoice_settings_iter27.TestTenantInvoiceSettings" name="test_get_tenant_invoice_settings" time="0.295" /><testcase classname="backend.tests.test_invoice_settings_iter27.TestTenantInvoiceSettings" name="test_update_tenant_invoice_settings" time="0.334" /><testcase classname="backend.tests.test_invoice_settings_iter27.TestPrintInvoiceWithPermissions" name="test_print_invoice_basic" time="0.422" /><testcase classname="backend.tests.test_invoice_settings_iter27.TestPrintInvoiceWithPermissions" name="test_print_invoice_with_printer_id" time="0.455" /><testcase classname="backend.tests.test_invoice_settings_iter27.TestAutoPrintData" name="test_auto_print_data" time="0.374" /><testcase classname="backend.tests.test_invoice_settings_iter27.TestPrinterPermissions" name="test_create_printer_with_no_prices" time="0.334" /><testcase classname="backend.tests.test_invoice_settings_iter27.TestPrinterPermissions" name="test_create_printer_with_individual_items" time="0.330" /><testcase classname="backend.tests.test_invoice_settings_iter27.TestPrinterPermissions" name="test_update_printer_permissions" time="0.372" /><testcase classname="backend.tests.test_invoice_settings_iter27.TestHealthCheck" name="test_server_health" time="0.035" /><testcase classname="backend.tests.test_invoice_settings_iter27.TestHealthCheck" name="test_api_health" time="0.037" /></testsuite></testsuites>