<?xml version="1.0" encoding="utf-8"?><testsuites name="pytest tests"><testsuite name="pytest" errors="0" failures="0" skipped="0" tests="8" time="4.778" timestamp="2026-04-10T14:48:31.022875+00:00" hostname="agent-env-37410188-8941-4824-a3c4-d95e2bb1e8c2"><testcase classname="backend.tests.test_hr_features_iter151.TestEmployeeBreakFields" name="test_01_login_success" time="0.873" /><testcase classname="backend.tests.test_hr_features_iter151.TestEmployeeBreakFields" name="test_02_get_employees_returns_break_fields" time="0.521" /><testcase classname="backend.tests.test_hr_features_iter151.TestEmployeeBreakFields" name="test_03_get_branches_for_employee_creation" time="0.455" /><testcase classname="backend.tests.test_hr_features_iter151.TestEmployeeBreakFields" name="test_04_create_employee_with_break_fields" time="0.751" /><testcase classname="backend.tests.test_hr_features_iter151.TestEmployeeBreakFields" name="test_05_update_employee_break_fields" time="0.555" /><testcase classname="backend.tests.test_hr_features_iter151.TestEmployeeBreakFields" name="test_06_employee_ahmed_has_break_fields" time="0.438" /><testcase classname="backend.tests.test_hr_features_iter151.TestAttendanceAutoProcess" name="test_07_attendance_auto_process_endpoint_exists" time="0.532" /><testcase classname="backend.tests.test_hr_features_iter151.TestEmployeeResponseModel" name="test_08_employee_response_has_all_fields" time="0.510" /></testsuite></testsuites>