<?xml version="1.0" encoding="utf-8"?><testsuites name="pytest tests"><testsuite name="pytest" errors="0" failures="0" skipped="0" tests="10" time="1.321" timestamp="2026-03-25T04:28:41.708362+00:00" hostname="agent-env-472eae2d-ba0d-4abd-b368-e744d97c0484"><testcase classname="backend.tests.test_raw_materials_stock_iter121.TestRawMaterialsStock" name="test_01_api_health" time="0.183" /><testcase classname="backend.tests.test_raw_materials_stock_iter121.TestRawMaterialsStock" name="test_02_get_raw_materials_returns_stats_fields" time="0.111" /><testcase classname="backend.tests.test_raw_materials_stock_iter121.TestRawMaterialsStock" name="test_03_create_test_raw_material" time="0.120" /><testcase classname="backend.tests.test_raw_materials_stock_iter121.TestRawMaterialsStock" name="test_04_add_stock_endpoint_works" time="0.112" /><testcase classname="backend.tests.test_raw_materials_stock_iter121.TestRawMaterialsStock" name="test_05_verify_stock_and_total_received_updated" time="0.110" /><testcase classname="backend.tests.test_raw_materials_stock_iter121.TestRawMaterialsStock" name="test_06_add_stock_validation_zero_quantity" time="0.097" /><testcase classname="backend.tests.test_raw_materials_stock_iter121.TestRawMaterialsStock" name="test_07_add_stock_validation_negative_quantity" time="0.107" /><testcase classname="backend.tests.test_raw_materials_stock_iter121.TestRawMaterialsStock" name="test_08_add_stock_validation_invalid_material_id" time="0.106" /><testcase classname="backend.tests.test_raw_materials_stock_iter121.TestRawMaterialsStock" name="test_09_transfer_to_manufacturing_increases_transferred_field" time="0.219" /><testcase classname="backend.tests.test_raw_materials_stock_iter121.TestRawMaterialsStock" name="test_10_remaining_quantity_reflects_current_stock" time="0.093" /></testsuite></testsuites>