<?xml version="1.0" encoding="utf-8"?><testsuites name="pytest tests"><testsuite name="pytest" errors="0" failures="0" skipped="0" tests="7" time="3.570" timestamp="2026-04-10T16:28:15.142696+00:00" hostname="agent-env-37410188-8941-4824-a3c4-d95e2bb1e8c2"><testcase classname="backend.tests.test_audit_logs_iter152.TestAuditLogs" name="test_01_login_creates_audit_log" time="0.498" /><testcase classname="backend.tests.test_audit_logs_iter152.TestAuditLogs" name="test_02_logout_creates_audit_log" time="0.920" /><testcase classname="backend.tests.test_audit_logs_iter152.TestAuditLogs" name="test_03_get_audit_logs_returns_all_events" time="0.456" /><testcase classname="backend.tests.test_audit_logs_iter152.TestAuditLogs" name="test_04_clear_audit_logs" time="0.693" /><testcase classname="backend.tests.test_audit_logs_iter152.TestByCashierNameResolution" name="test_05_cash_register_closing_report_by_cashier_has_names" time="0.454" /><testcase classname="backend.tests.test_audit_logs_iter152.TestByCashierNameResolution" name="test_06_sales_report_by_cashier_structure" time="0.491" /><testcase classname="backend.tests.test_audit_logs_iter152.TestCloseReceiptDimensions" name="test_07_receipt_dimensions_in_code" time="0.003" /></testsuite></testsuites>