<?xml version="1.0" encoding="utf-8"?><testsuites name="pytest tests"><testsuite name="pytest" errors="0" failures="0" skipped="0" tests="8" time="3.694" timestamp="2026-04-05T14:06:45.233533+00:00" hostname="agent-env-a0dcda00-aaff-43a2-aafc-7ad00cf68314"><testcase classname="backend.tests.test_extras_quantity_iter146.TestExtrasQuantity" name="test_01_login_success" time="0.373" /><testcase classname="backend.tests.test_extras_quantity_iter146.TestExtrasQuantity" name="test_02_create_order_with_extras_quantity" time="0.427" /><testcase classname="backend.tests.test_extras_quantity_iter146.TestExtrasQuantity" name="test_03_create_order_multiple_items_with_extras" time="0.426" /><testcase classname="backend.tests.test_extras_quantity_iter146.TestExtrasQuantity" name="test_04_update_order_items_with_extras_quantity" time="0.494" /><testcase classname="backend.tests.test_extras_quantity_iter146.TestExtrasQuantity" name="test_05_add_items_with_extras_quantity" time="0.505" /><testcase classname="backend.tests.test_extras_quantity_iter146.TestExtrasQuantity" name="test_06_extras_with_default_quantity" time="0.442" /><testcase classname="backend.tests.test_extras_quantity_iter146.TestExtrasQuantity" name="test_07_fetch_order_preserves_extras_quantity" time="0.517" /><testcase classname="backend.tests.test_extras_quantity_iter146.TestExtrasQuantity" name="test_08_zero_quantity_extras" time="0.439" /></testsuite></testsuites>