<?xml version="1.0" encoding="utf-8"?><testsuites name="pytest tests"><testsuite name="pytest" errors="0" failures="0" skipped="0" tests="12" time="1.204" timestamp="2026-04-11T01:12:32.425430+00:00" hostname="agent-env-9de5dca7-69f0-4c20-8d48-a6cddbd3b73f"><testcase classname="backend.tests.test_biometric_autosync_iter157.TestBiometricAutoSync" name="test_01_get_auto_sync_status_initial" time="0.611" /><testcase classname="backend.tests.test_biometric_autosync_iter157.TestBiometricAutoSync" name="test_02_enable_auto_sync" time="0.164" /><testcase classname="backend.tests.test_biometric_autosync_iter157.TestBiometricAutoSync" name="test_03_verify_auto_sync_enabled" time="0.118" /><testcase classname="backend.tests.test_biometric_autosync_iter157.TestBiometricAutoSync" name="test_04_disable_auto_sync" time="0.128" /><testcase classname="backend.tests.test_biometric_autosync_iter157.TestBiometricAutoSync" name="test_05_verify_auto_sync_disabled" time="0.114" /><testcase classname="backend.tests.test_biometric_autosync_iter157.TestReceiptBitmapCodeReview" name="test_06_delivery_company_no_label" time="0.000" /><testcase classname="backend.tests.test_biometric_autosync_iter157.TestReceiptBitmapCodeReview" name="test_07_dashed_lines_linewidth_2" time="0.000" /><testcase classname="backend.tests.test_biometric_autosync_iter157.TestReceiptBitmapCodeReview" name="test_08_dbl_function_linewidth_2" time="0.000" /><testcase classname="backend.tests.test_biometric_autosync_iter157.TestAutoSyncHookCodeReview" name="test_09_app_imports_autosync" time="0.000" /><testcase classname="backend.tests.test_biometric_autosync_iter157.TestAutoSyncHookCodeReview" name="test_10_app_uses_autosync_runner" time="0.000" /><testcase classname="backend.tests.test_biometric_autosync_iter157.TestAutoSyncHookCodeReview" name="test_11_useautosync_checks_backend" time="0.000" /><testcase classname="backend.tests.test_biometric_autosync_iter157.TestAutoSyncHookCodeReview" name="test_12_biometric_devices_loads_from_backend" time="0.000" /></testsuite></testsuites>