<?xml version="1.0" encoding="utf-8"?><testsuites name="pytest tests"><testsuite name="pytest" errors="0" failures="0" skipped="0" tests="8" time="4.707" timestamp="2026-04-09T17:12:56.762657+00:00" hostname="agent-env-37410188-8941-4824-a3c4-d95e2bb1e8c2"><testcase classname="backend.tests.test_face_photo_iter150.TestFacePhotoFeature" name="test_01_get_employees_returns_face_photo_fields" time="0.550" /><testcase classname="backend.tests.test_face_photo_iter150.TestFacePhotoFeature" name="test_02_find_employee_with_biometric_uid" time="0.495" /><testcase classname="backend.tests.test_face_photo_iter150.TestFacePhotoFeature" name="test_03_save_face_photo_endpoint" time="0.584" /><testcase classname="backend.tests.test_face_photo_iter150.TestFacePhotoFeature" name="test_04_verify_face_photo_saved" time="0.743" /><testcase classname="backend.tests.test_face_photo_iter150.TestFacePhotoFeature" name="test_05_save_face_photo_empty_returns_400" time="0.647" /><testcase classname="backend.tests.test_face_photo_iter150.TestFacePhotoFeature" name="test_06_save_face_photo_nonexistent_employee_returns_404" time="0.516" /><testcase classname="backend.tests.test_face_photo_iter150.TestFacePhotoFeature" name="test_07_save_face_photo_unauthorized" time="0.652" /><testcase classname="backend.tests.test_face_photo_iter150.TestEmployeeAvatarData" name="test_08_employee_response_includes_face_photo" time="0.456" /></testsuite></testsuites>