<?xml version="1.0" encoding="utf-8"?><testsuites name="pytest tests"><testsuite name="pytest" errors="0" failures="0" skipped="0" tests="8" time="3.480" timestamp="2026-04-03T14:38:31.034374+00:00" hostname="agent-env-0d2d5ea2-a6e0-4c57-8891-59bc90515c2d"><testcase classname="backend.tests.test_iter143_print_service.TestAuthentication" name="test_admin_login" time="0.468" /><testcase classname="backend.tests.test_iter143_print_service.TestRenderReceiptEndpoint" name="test_render_receipt_customer_with_prices" time="0.498" /><testcase classname="backend.tests.test_iter143_print_service.TestRenderReceiptEndpoint" name="test_render_receipt_kitchen_without_prices" time="0.491" /><testcase classname="backend.tests.test_iter143_print_service.TestRenderReceiptEndpoint" name="test_render_receipt_delivery_order" time="0.577" /><testcase classname="backend.tests.test_iter143_print_service.TestRenderReceiptEndpoint" name="test_render_receipt_with_extras" time="0.612" /><testcase classname="backend.tests.test_iter143_print_service.TestRenderReceiptEndpoint" name="test_render_receipt_without_auth_still_works" time="0.161" /><testcase classname="backend.tests.test_iter143_print_service.TestHealthCheck" name="test_api_health" time="0.098" /><testcase classname="backend.tests.test_iter143_print_service.TestPrintersEndpoint" name="test_get_printers" time="0.502" /></testsuite></testsuites>