<?xml version="1.0" encoding="utf-8"?><testsuites name="pytest tests"><testsuite name="pytest" errors="0" failures="0" skipped="0" tests="7" time="2.657" timestamp="2026-04-13T21:25:49.759739+00:00" hostname="agent-env-3de1bba2-50fb-4641-a416-eead1f6395e0"><testcase classname="backend.tests.test_shift_closing_iter161.TestShiftClosingFeatures" name="test_01_login_success" time="0.484" /><testcase classname="backend.tests.test_shift_closing_iter161.TestShiftClosingFeatures" name="test_02_get_current_shift" time="0.453" /><testcase classname="backend.tests.test_shift_closing_iter161.TestShiftClosingFeatures" name="test_03_get_cash_register_summary" time="0.446" /><testcase classname="backend.tests.test_shift_closing_iter161.TestShiftClosingFeatures" name="test_04_cash_register_close_endpoint_structure" time="0.405" /><testcase classname="backend.tests.test_shift_closing_iter161.TestShiftClosingFeatures" name="test_05_verify_admin_sees_expected_cash" time="0.427" /><testcase classname="backend.tests.test_shift_closing_iter161.TestShiftClosingFeatures" name="test_06_shifts_list_endpoint" time="0.383" /><testcase classname="backend.tests.test_shift_closing_iter161.TestCashierPermissions" name="test_01_cashier_role_check" time="0.000" /></testsuite></testsuites>