<?xml version="1.0" encoding="utf-8"?><testsuites name="pytest tests"><testsuite name="pytest" errors="0" failures="0" skipped="0" tests="10" time="5.040" timestamp="2026-03-30T00:25:20.807025+00:00" hostname="agent-env-58967c17-a3b1-4f21-bcca-d36f74792543"><testcase classname="backend.tests.test_iter140_sales_target.TestAuthentication" name="test_admin_login" time="0.519" /><testcase classname="backend.tests.test_iter140_sales_target.TestAuthentication" name="test_cashier_login" time="0.366" /><testcase classname="backend.tests.test_iter140_sales_target.TestSalesTargetAPI" name="test_admin_can_set_sales_target" time="0.498" /><testcase classname="backend.tests.test_iter140_sales_target.TestSalesTargetAPI" name="test_cashier_cannot_set_sales_target" time="0.601" /><testcase classname="backend.tests.test_iter140_sales_target.TestSalesTargetAPI" name="test_get_sales_target_returns_progress" time="0.446" /><testcase classname="backend.tests.test_iter140_sales_target.TestSalesTargetAPI" name="test_cashier_can_view_sales_target" time="0.450" /><testcase classname="backend.tests.test_iter140_sales_target.TestCashRegisterSummary" name="test_cash_register_summary_structure" time="0.524" /><testcase classname="backend.tests.test_iter140_sales_target.TestSalesLeaderboard" name="test_leaderboard_today" time="0.441" /><testcase classname="backend.tests.test_iter140_sales_target.TestSalesLeaderboard" name="test_leaderboard_week" time="0.456" /><testcase classname="backend.tests.test_iter140_sales_target.TestTargetCelebration" name="test_achieved_flag_logic" time="0.672" /></testsuite></testsuites>