<?xml version="1.0" encoding="utf-8"?><testsuites name="pytest tests"><testsuite name="pytest" errors="0" failures="0" skipped="0" tests="10" time="3.486" timestamp="2026-01-26T21:54:04.790373+00:00" hostname="agent-env-e1a6403d-255f-4b53-b4c2-6e93c8b14c7d"><testcase classname="backend.tests.test_subscription_prices_iter38.TestSubscriptionPricesAPI" name="test_01_super_admin_login_success" time="0.557" /><testcase classname="backend.tests.test_subscription_prices_iter38.TestSubscriptionPricesAPI" name="test_02_get_subscription_prices" time="0.280" /><testcase classname="backend.tests.test_subscription_prices_iter38.TestSubscriptionPricesAPI" name="test_03_update_subscription_prices" time="0.315" /><testcase classname="backend.tests.test_subscription_prices_iter38.TestSubscriptionPricesAPI" name="test_04_verify_prices_persisted" time="0.343" /><testcase classname="backend.tests.test_subscription_prices_iter38.TestSubscriptionPricesAPI" name="test_05_prices_in_subscriptions_dashboard" time="0.317" /><testcase classname="backend.tests.test_subscription_prices_iter38.TestSubscriptionPricesAPI" name="test_06_unauthorized_access_rejected" time="0.346" /><testcase classname="backend.tests.test_subscription_prices_iter38.TestSubscriptionPricesAPI" name="test_07_non_super_admin_rejected" time="0.308" /><testcase classname="backend.tests.test_subscription_prices_iter38.TestSubscriptionPricesAPI" name="test_08_reset_to_default_prices" time="0.298" /><testcase classname="backend.tests.test_subscription_prices_iter38.TestSubscriptionPricesValidation" name="test_09_decimal_prices_accepted" time="0.324" /><testcase classname="backend.tests.test_subscription_prices_iter38.TestSubscriptionPricesValidation" name="test_10_zero_prices_accepted" time="0.331" /></testsuite></testsuites>