<?xml version="1.0" encoding="utf-8"?><testsuites name="pytest tests"><testsuite name="pytest" errors="0" failures="0" skipped="0" tests="13" time="4.738" timestamp="2026-02-24T22:48:52.903416+00:00" hostname="agent-env-b94b57f4-5c40-4b47-8bc1-12e4cc086f1e"><testcase classname="backend.tests.test_permissions_iter102.TestSuperAdminLogin" name="test_super_admin_login" time="0.494" /><testcase classname="backend.tests.test_permissions_iter102.TestTenantFeatures" name="test_get_tenants_list" time="0.499" /><testcase classname="backend.tests.test_permissions_iter102.TestTenantFeatures" name="test_get_tenant_features" time="0.466" /><testcase classname="backend.tests.test_permissions_iter102.TestTenantFeatures" name="test_update_tenant_features_disable_ratings" time="0.853" /><testcase classname="backend.tests.test_permissions_iter102.TestTenantFeatures" name="test_update_tenant_features_disable_break_even" time="0.916" /><testcase classname="backend.tests.test_permissions_iter102.TestCallCenterRole" name="test_call_center_role_exists_in_backend" time="0.000" /><testcase classname="backend.tests.test_permissions_iter102.TestCallCenterRole" name="test_create_call_center_user" time="0.939" /><testcase classname="backend.tests.test_permissions_iter102.TestDashboardSettings" name="test_get_dashboard_settings" time="0.511" /><testcase classname="backend.tests.test_permissions_iter102.TestCodeReview" name="test_ratings_page_permission_check" time="0.000" /><testcase classname="backend.tests.test_permissions_iter102.TestCodeReview" name="test_break_even_report_permission_check" time="0.000" /><testcase classname="backend.tests.test_permissions_iter102.TestCodeReview" name="test_dashboard_filters_ratings_icon" time="0.000" /><testcase classname="backend.tests.test_permissions_iter102.TestCodeReview" name="test_pos_hides_dine_in_takeaway_for_call_center" time="0.000" /><testcase classname="backend.tests.test_permissions_iter102.TestCodeReview" name="test_settings_has_call_center_role_option" time="0.000" /></testsuite></testsuites>