<?xml version="1.0" encoding="utf-8"?><testsuites name="pytest tests"><testsuite name="pytest" errors="0" failures="4" skipped="0" tests="20" time="1.090" timestamp="2026-02-09T20:46:02.672653+00:00" hostname="agent-env-82147e9a-d89e-40f2-b4da-9e6790a99e55"><testcase classname="backend.tests.test_driver_push_iter58.TestDriverLogin" name="test_driver_login_valid_phone" time="0.094" /><testcase classname="backend.tests.test_driver_push_iter58.TestDriverLogin" name="test_driver_login_invalid_phone" time="0.033" /><testcase classname="backend.tests.test_driver_push_iter58.TestDriverLogin" name="test_driver_login_empty_phone" time="0.037" /><testcase classname="backend.tests.test_driver_push_iter58.TestDriverOrders" name="test_get_driver_orders_valid_id" time="0.039" /><testcase classname="backend.tests.test_driver_push_iter58.TestDriverOrders" name="test_get_driver_orders_empty_id" time="0.035" /><testcase classname="backend.tests.test_driver_push_iter58.TestDriverLocationUpdate" name="test_update_location_invalid_driver" time="0.036" /><testcase classname="backend.tests.test_driver_push_iter58.TestDriverLocationUpdate" name="test_update_location_valid_format" time="0.045" /><testcase classname="backend.tests.test_driver_push_iter58.TestDriverInfoForOrder" name="test_get_driver_info_invalid_order" time="0.056" /><testcase classname="backend.tests.test_driver_push_iter58.TestDriverInfoForOrder" name="test_get_driver_info_endpoint_exists" time="0.033" /><testcase classname="backend.tests.test_driver_push_iter58.TestOrderStatusUpdate" name="test_update_status_invalid_order" time="0.037"><failure message="assert 403 == 404&#10; +  where 403 = &lt;Response [403]&gt;.status_code">backend/tests/test_driver_push_iter58.py:131: in test_update_status_invalid_order
    assert response.status_code == 404
E   assert 403 == 404
E    +  where 403 = &lt;Response [403]&gt;.status_code</failure></testcase><testcase classname="backend.tests.test_driver_push_iter58.TestOrderStatusUpdate" name="test_update_status_invalid_status" time="0.041"><failure message="assert 403 in [400, 404]&#10; +  where 403 = &lt;Response [403]&gt;.status_code">backend/tests/test_driver_push_iter58.py:142: in test_update_status_invalid_status
    assert response.status_code in [400, 404]
E   assert 403 in [400, 404]
E    +  where 403 = &lt;Response [403]&gt;.status_code</failure></testcase><testcase classname="backend.tests.test_driver_push_iter58.TestOrderStatusUpdate" name="test_update_status_valid_statuses" time="0.031"><failure message="AssertionError: Status 'pending' should be valid&#10;assert 403 == 404&#10; +  where 403 = &lt;Response [403]&gt;.status_code">backend/tests/test_driver_push_iter58.py:156: in test_update_status_valid_statuses
    assert response.status_code == 404, f"Status '{status}' should be valid"
E   AssertionError: Status 'pending' should be valid
E   assert 403 == 404
E    +  where 403 = &lt;Response [403]&gt;.status_code</failure></testcase><testcase classname="backend.tests.test_driver_push_iter58.TestPushNotifications" name="test_push_subscribe" time="0.057" /><testcase classname="backend.tests.test_driver_push_iter58.TestPushNotifications" name="test_push_subscribe_customer" time="0.041" /><testcase classname="backend.tests.test_driver_push_iter58.TestPushNotifications" name="test_push_unsubscribe" time="0.070" /><testcase classname="backend.tests.test_driver_push_iter58.TestCustomerOrderDriverInfo" name="test_customer_get_driver_info_invalid_order" time="0.033" /><testcase classname="backend.tests.test_driver_push_iter58.TestCustomerOrderDriverInfo" name="test_customer_endpoint_exists" time="0.032" /><testcase classname="backend.tests.test_driver_push_iter58.TestHealthAndBasicAPIs" name="test_health_check" time="0.034" /><testcase classname="backend.tests.test_driver_push_iter58.TestHealthAndBasicAPIs" name="test_root_endpoint" time="0.033"><failure message="requests.exceptions.JSONDecodeError: Expecting value: line 1 column 1 (char 0)">/root/.venv/lib/python3.11/site-packages/requests/models.py:976: in json
    return complexjson.loads(self.text, **kwargs)
           ^^^^^^^^^^^^^^^^^^^^^^^^^^^^^^^^^^^^^^
/usr/local/lib/python3.11/json/__init__.py:346: in loads
    return _default_decoder.decode(s)
           ^^^^^^^^^^^^^^^^^^^^^^^^^^
/usr/local/lib/python3.11/json/decoder.py:337: in decode
    obj, end = self.raw_decode(s, idx=_w(s, 0).end())
               ^^^^^^^^^^^^^^^^^^^^^^^^^^^^^^^^^^^^^^
/usr/local/lib/python3.11/json/decoder.py:355: in raw_decode
    raise JSONDecodeError("Expecting value", s, err.value) from None
E   json.decoder.JSONDecodeError: Expecting value: line 1 column 1 (char 0)

During handling of the above exception, another exception occurred:
backend/tests/test_driver_push_iter58.py:253: in test_root_endpoint
    print(f"Root endpoint: {response.json()}")
                            ^^^^^^^^^^^^^^^
/root/.venv/lib/python3.11/site-packages/requests/models.py:980: in json
    raise RequestsJSONDecodeError(e.msg, e.doc, e.pos)
E   requests.exceptions.JSONDecodeError: Expecting value: line 1 column 1 (char 0)</failure></testcase><testcase classname="backend.tests.test_driver_push_iter58.TestIntegrationFlow" name="test_driver_login_and_orders_flow" time="0.108" /></testsuite></testsuites>