<?xml version="1.0" encoding="utf-8"?><testsuites name="pytest tests"><testsuite name="pytest" errors="0" failures="0" skipped="0" tests="13" time="0.816" timestamp="2026-02-08T17:16:04.530659+00:00" hostname="agent-env-374a7824-d499-4058-a748-57dec8982822"><testcase classname="backend.tests.test_customer_pwa_iter51.TestCustomerRestaurants" name="test_get_restaurants_list" time="0.070" /><testcase classname="backend.tests.test_customer_pwa_iter51.TestCustomerMenu" name="test_get_menu_by_tenant_slug" time="0.041" /><testcase classname="backend.tests.test_customer_pwa_iter51.TestCustomerMenu" name="test_get_menu_branches" time="0.038" /><testcase classname="backend.tests.test_customer_pwa_iter51.TestCustomerMenu" name="test_get_menu_invalid_tenant" time="0.040" /><testcase classname="backend.tests.test_customer_pwa_iter51.TestCustomerOrderHistory" name="test_order_history_with_valid_phone" time="0.038" /><testcase classname="backend.tests.test_customer_pwa_iter51.TestCustomerOrderHistory" name="test_order_history_with_nonexistent_phone" time="0.037" /><testcase classname="backend.tests.test_customer_pwa_iter51.TestCustomerOrderHistory" name="test_order_history_without_phone" time="0.039" /><testcase classname="backend.tests.test_customer_pwa_iter51.TestManifestCustomer" name="test_manifest_customer_exists" time="0.043" /><testcase classname="backend.tests.test_customer_pwa_iter51.TestManifestCustomer" name="test_manifest_customer_start_url" time="0.032" /><testcase classname="backend.tests.test_customer_pwa_iter51.TestManifestCustomer" name="test_manifest_customer_scope" time="0.035" /><testcase classname="backend.tests.test_customer_pwa_iter51.TestManifestCustomer" name="test_manifest_customer_theme_color" time="0.038" /><testcase classname="backend.tests.test_customer_pwa_iter51.TestAuthentication" name="test_login_with_valid_credentials" time="0.263" /><testcase classname="backend.tests.test_customer_pwa_iter51.TestAuthentication" name="test_login_with_invalid_credentials" time="0.038" /></testsuite></testsuites>