<?xml version="1.0" encoding="utf-8"?><testsuites name="pytest tests"><testsuite name="pytest" errors="0" failures="0" skipped="0" tests="16" time="1.566" timestamp="2026-02-09T19:51:33.646825+00:00" hostname="agent-env-f41d14e4-471e-4de4-9fd5-93681769b936"><testcase classname="backend.tests.test_regional_ratings_iter55.TestSystemAPIs" name="test_get_supported_currencies" time="0.059" /><testcase classname="backend.tests.test_regional_ratings_iter55.TestSystemAPIs" name="test_get_supported_languages" time="0.039" /><testcase classname="backend.tests.test_regional_ratings_iter55.TestSystemAPIs" name="test_get_supported_countries" time="0.075" /><testcase classname="backend.tests.test_regional_ratings_iter55.TestCurrencyConversion" name="test_convert_iqd_to_usd" time="0.035" /><testcase classname="backend.tests.test_regional_ratings_iter55.TestCurrencyConversion" name="test_convert_usd_to_sar" time="0.037" /><testcase classname="backend.tests.test_regional_ratings_iter55.TestCurrencyConversion" name="test_convert_invalid_currency" time="0.036" /><testcase classname="backend.tests.test_regional_ratings_iter55.TestTenantRegionalSettings" name="test_get_tenant_regional_settings" time="0.299" /><testcase classname="backend.tests.test_regional_ratings_iter55.TestTenantRegionalSettings" name="test_update_tenant_regional_settings" time="0.365" /><testcase classname="backend.tests.test_regional_ratings_iter55.TestCustomerRegionalSettings" name="test_get_customer_regional_settings_by_slug" time="0.039" /><testcase classname="backend.tests.test_regional_ratings_iter55.TestCustomerRegionalSettings" name="test_get_customer_regional_settings_invalid_tenant" time="0.033" /><testcase classname="backend.tests.test_regional_ratings_iter55.TestOrderRatings" name="test_rate_order_invalid_order" time="0.034" /><testcase classname="backend.tests.test_regional_ratings_iter55.TestOrderRatings" name="test_rate_order_invalid_rating_value" time="0.033" /><testcase classname="backend.tests.test_regional_ratings_iter55.TestOrderRatings" name="test_get_tenant_ratings_summary" time="0.297" /><testcase classname="backend.tests.test_regional_ratings_iter55.TestOrderRatings" name="test_get_order_rating_status" time="0.034" /><testcase classname="backend.tests.test_regional_ratings_iter55.TestAuthenticationRequired" name="test_tenant_regional_settings_requires_auth" time="0.032" /><testcase classname="backend.tests.test_regional_ratings_iter55.TestAuthenticationRequired" name="test_ratings_summary_requires_auth" time="0.033" /></testsuite></testsuites>