<?xml version="1.0" encoding="utf-8"?><testsuites name="pytest tests"><testsuite name="pytest" errors="0" failures="0" skipped="0" tests="5" time="1.979" timestamp="2026-01-27T14:02:47.794728+00:00" hostname="agent-env-1229ef21-e5c5-430e-b6ee-8693a64034b1"><testcase classname="tests.test_restaurant_settings.TestRestaurantSettings" name="test_get_restaurant_settings" time="0.351" /><testcase classname="tests.test_restaurant_settings.TestRestaurantSettings" name="test_update_restaurant_name" time="0.350" /><testcase classname="tests.test_restaurant_settings.TestRestaurantSettings" name="test_upload_restaurant_logo_with_auth_header" time="0.398" /><testcase classname="tests.test_restaurant_settings.TestRestaurantSettings" name="test_upload_logo_without_auth_header_should_fail" time="0.308" /><testcase classname="tests.test_restaurant_settings.TestRestaurantSettings" name="test_full_flow_name_and_logo_update" time="0.397" /></testsuite></testsuites>