<?xml version="1.0" encoding="utf-8"?><testsuites name="pytest tests"><testsuite name="pytest" errors="0" failures="0" skipped="0" tests="12" time="3.023" timestamp="2026-01-13T15:49:54.756703+00:00" hostname="agent-env-9cd59af7-dfb7-48b2-bed1-9d75db9b7a8e"><testcase classname="tests.test_iteration5_features.TestAuth" name="test_admin_login" time="0.315" /><testcase classname="tests.test_iteration5_features.TestAuth" name="test_cashier_login" time="0.300" /><testcase classname="tests.test_iteration5_features.TestAuth" name="test_driver_login" time="0.264" /><testcase classname="tests.test_iteration5_features.TestCashRegisterSummary" name="test_cash_register_summary_no_shift" time="0.311" /><testcase classname="tests.test_iteration5_features.TestCashRegisterSummary" name="test_cash_register_summary_structure" time="0.307" /><testcase classname="tests.test_iteration5_features.TestCashRegisterClose" name="test_cash_register_close_no_shift" time="0.336" /><testcase classname="tests.test_iteration5_features.TestShiftManagement" name="test_get_current_shift" time="0.305" /><testcase classname="tests.test_iteration5_features.TestShiftManagement" name="test_get_shifts_list" time="0.049" /><testcase classname="tests.test_iteration5_features.TestDriverPortalSeparation" name="test_driver_login_returns_delivery_role" time="0.267" /><testcase classname="tests.test_iteration5_features.TestDriverPortalSeparation" name="test_driver_by_user_endpoint" time="0.299" /><testcase classname="tests.test_iteration5_features.TestBranches" name="test_get_branches" time="0.044" /><testcase classname="tests.test_iteration5_features.TestDashboardSettings" name="test_get_dashboard_settings" time="0.040" /></testsuite></testsuites>