<?xml version="1.0" encoding="utf-8"?><testsuites name="pytest tests"><testsuite name="pytest" errors="0" failures="0" skipped="0" tests="18" time="5.000" timestamp="2026-01-26T20:49:40.006532+00:00" hostname="agent-env-e1a6403d-255f-4b53-b4c2-6e93c8b14c7d"><testcase classname="backend.tests.test_owner_features_iter34.TestHealthCheck" name="test_api_health" time="0.066" /><testcase classname="backend.tests.test_owner_features_iter34.TestOwnerLogin" name="test_owner_login_success" time="0.259" /><testcase classname="backend.tests.test_owner_features_iter34.TestOwnerLogin" name="test_owner_login_wrong_password" time="0.266" /><testcase classname="backend.tests.test_owner_features_iter34.TestOwnerLogin" name="test_owner_login_wrong_email" time="0.037" /><testcase classname="backend.tests.test_owner_features_iter34.TestDemoAccountLogin" name="test_demo_login_success" time="0.262" /><testcase classname="backend.tests.test_owner_features_iter34.TestSuperAdminPanelLogin" name="test_super_admin_panel_login_success" time="0.265" /><testcase classname="backend.tests.test_owner_features_iter34.TestSuperAdminPanelLogin" name="test_super_admin_panel_login_wrong_secret" time="0.041" /><testcase classname="backend.tests.test_owner_features_iter34.TestSuperAdminPanelLogin" name="test_super_admin_panel_login_wrong_password" time="0.266" /><testcase classname="backend.tests.test_owner_features_iter34.TestImpersonateTenant" name="test_get_tenants_list" time="0.307" /><testcase classname="backend.tests.test_owner_features_iter34.TestImpersonateTenant" name="test_impersonate_tenant" time="0.349" /><testcase classname="backend.tests.test_owner_features_iter34.TestImpersonateTenant" name="test_impersonate_main_system" time="0.297" /><testcase classname="backend.tests.test_owner_features_iter34.TestOwnerBranches" name="test_get_owner_branches" time="0.333" /><testcase classname="backend.tests.test_owner_features_iter34.TestOwnerBranches" name="test_add_owner_branch" time="0.324" /><testcase classname="backend.tests.test_owner_features_iter34.TestOwnerCategories" name="test_get_owner_categories" time="0.297" /><testcase classname="backend.tests.test_owner_features_iter34.TestOwnerCategories" name="test_add_owner_category" time="0.289" /><testcase classname="backend.tests.test_owner_features_iter34.TestOwnerProducts" name="test_get_owner_products" time="0.297" /><testcase classname="backend.tests.test_owner_features_iter34.TestOwnerProducts" name="test_add_owner_product" time="0.411" /><testcase classname="backend.tests.test_owner_features_iter34.TestCleanup" name="test_cleanup_test_data" time="0.514" /></testsuite></testsuites>