<?xml version="1.0" encoding="utf-8"?><testsuites name="pytest tests"><testsuite name="pytest" errors="0" failures="0" skipped="0" tests="6" time="3.221" timestamp="2026-04-13T20:54:16.197713+00:00" hostname="agent-env-985e8cf3-3575-40f2-8625-055b279f7281"><testcase classname="backend.tests.test_expenses_pos_iter160.TestAuth" name="test_admin_login" time="0.512" /><testcase classname="backend.tests.test_expenses_pos_iter160.TestExpensesAPI" name="test_get_expenses_returns_created_by_name" time="0.505" /><testcase classname="backend.tests.test_expenses_pos_iter160.TestExpensesAPI" name="test_create_expense_includes_created_by_name" time="0.254" /><testcase classname="backend.tests.test_expenses_pos_iter160.TestPOSPaymentValidation" name="test_order_with_payment_method" time="0.982" /><testcase classname="backend.tests.test_expenses_pos_iter160.TestExpenseCategories" name="test_get_expense_categories" time="0.430" /><testcase classname="backend.tests.test_expenses_pos_iter160.TestShiftInfo" name="test_get_current_shift" time="0.469" /></testsuite></testsuites>