<?xml version="1.0" encoding="utf-8"?><testsuites name="pytest tests"><testsuite name="pytest" errors="0" failures="4" skipped="0" tests="11" time="4.479" timestamp="2026-04-13T20:14:40.062175+00:00" hostname="agent-env-985e8cf3-3575-40f2-8625-055b279f7281"><testcase classname="backend.tests.test_admin_shift_management_iter159.TestAdminShiftManagement" name="test_01_admin_login" time="0.489" /><testcase classname="backend.tests.test_admin_shift_management_iter159.TestAdminShiftManagement" name="test_02_shifts_current_endpoint" time="0.423" /><testcase classname="backend.tests.test_admin_shift_management_iter159.TestAdminShiftManagement" name="test_03_shifts_auto_open_for_admin" time="0.507" /><testcase classname="backend.tests.test_admin_shift_management_iter159.TestAdminShiftManagement" name="test_04_cashiers_list_endpoint" time="0.438" /><testcase classname="backend.tests.test_admin_shift_management_iter159.TestAdminShiftManagement" name="test_05_open_shift_for_cashier" time="0.538" /><testcase classname="backend.tests.test_admin_shift_management_iter159.TestAdminShiftManagement" name="test_06_verify_shift_belongs_to_cashier" time="0.465" /><testcase classname="backend.tests.test_admin_shift_management_iter159.TestAdminShiftManagement" name="test_07_cash_register_summary_for_admin" time="0.540"><failure message="AssertionError: Expected 200 when shift exists, got 404&#10;assert 404 == 200&#10; +  where 404 = &lt;Response [404]&gt;.status_code">backend/tests/test_admin_shift_management_iter159.py:210: in test_07_cash_register_summary_for_admin
    assert response.status_code == 200, f"Expected 200 when shift exists, got {response.status_code}"
E   AssertionError: Expected 200 when shift exists, got 404
E   assert 404 == 200
E    +  where 404 = &lt;Response [404]&gt;.status_code</failure></testcase><testcase classname="backend.tests.test_admin_shift_management_iter159.TestSuperAdminShiftManagement" name="test_01_super_admin_login" time="0.177"><failure message="AssertionError: Super admin login failed&#10;assert None is not None">backend/tests/test_admin_shift_management_iter159.py:246: in test_01_super_admin_login
    assert user is not None, "Super admin login failed"
E   AssertionError: Super admin login failed
E   assert None is not None</failure></testcase><testcase classname="backend.tests.test_admin_shift_management_iter159.TestSuperAdminShiftManagement" name="test_02_super_admin_cashiers_list" time="0.155"><failure message="AssertionError: Super admin login failed&#10;assert None is not None">backend/tests/test_admin_shift_management_iter159.py:253: in test_02_super_admin_cashiers_list
    assert user is not None, "Super admin login failed"
E   AssertionError: Super admin login failed
E   assert None is not None</failure></testcase><testcase classname="backend.tests.test_admin_shift_management_iter159.TestShiftEndpointsBasic" name="test_01_shifts_list" time="0.501"><failure message="AssertionError: Expected 200, got 500&#10;assert 500 == 200&#10; +  where 500 = &lt;Response [500]&gt;.status_code">backend/tests/test_admin_shift_management_iter159.py:289: in test_01_shifts_list
    assert response.status_code == 200, f"Expected 200, got {response.status_code}"
E   AssertionError: Expected 200, got 500
E   assert 500 == 200
E    +  where 500 = &lt;Response [500]&gt;.status_code</failure></testcase><testcase classname="backend.tests.test_admin_shift_management_iter159.TestShiftEndpointsBasic" name="test_02_health_check" time="0.133" /></testsuite></testsuites>