<?xml version="1.0" encoding="utf-8"?><testsuites name="pytest tests"><testsuite name="pytest" errors="0" failures="0" skipped="0" tests="10" time="1.713" timestamp="2026-05-31T09:51:33.488514+00:00" hostname="agent-env-afa98c4b-017f-488c-ad51-fe911e76faf6"><testcase classname="tests.test_reports_perf_iter196.TestReportsSales" name="test_sales_no_date_range" time="0.490" /><testcase classname="tests.test_reports_perf_iter196.TestReportsSales" name="test_sales_with_date_range" time="0.141" /><testcase classname="tests.test_reports_perf_iter196.TestReportsSales" name="test_sales_wide_range_today" time="0.139" /><testcase classname="tests.test_reports_perf_iter196.TestProfitLoss" name="test_profit_loss_default" time="0.146" /><testcase classname="tests.test_reports_perf_iter196.TestProfitLoss" name="test_profit_loss_with_range" time="0.144" /><testcase classname="tests.test_reports_perf_iter196.TestWeeklyLowProfit" name="test_weekly_low_profit" time="0.099" /><testcase classname="tests.test_reports_perf_iter196.TestSmartReports" name="test_smart_sales" time="0.104" /><testcase classname="tests.test_reports_perf_iter196.TestSmartReports" name="test_smart_products" time="0.095" /><testcase classname="tests.test_reports_perf_iter196.TestSmartReports" name="test_smart_hourly" time="0.105" /><testcase classname="tests.test_reports_perf_iter196.TestCostNumbersPresent" name="test_sales_response_contains_cost_fields" time="0.158" /></testsuite></testsuites>