<?xml version="1.0" encoding="utf-8"?><testsuites name="pytest tests"><testsuite name="pytest" errors="0" failures="0" skipped="0" tests="23" time="5.004" timestamp="2026-07-04T17:34:12.955755+00:00" hostname="agent-env-80cf9dcd-2dca-4f42-b087-c6fb123619b1"><testcase classname="tests.test_security_hardening.TestPublicMenuLeak" name="test_customer_menu_no_sensitive_fields" time="0.213" /><testcase classname="tests.test_security_hardening.TestAdminSecretKey" name="test_owner_no_secret_403" time="0.325" /><testcase classname="tests.test_security_hardening.TestAdminSecretKey" name="test_owner_wrong_secret_403" time="0.330" /><testcase classname="tests.test_security_hardening.TestAdminSecretKey" name="test_owner_correct_secret_200" time="0.320" /><testcase classname="tests.test_security_hardening.TestAdminSecretKey" name="test_admin_without_secret_key_ok" time="0.325" /><testcase classname="tests.test_security_hardening.TestProductCostLeak" name="test_cashier_sees_zero_cost" time="0.424" /><testcase classname="tests.test_security_hardening.TestProductCostLeak" name="test_admin_sees_real_cost" time="0.414" /><testcase classname="tests.test_security_hardening.TestProductCostLeak" name="test_cashier_single_product_zero_cost" time="0.203" /><testcase classname="tests.test_security_hardening.TestPaymentSettings" name="test_cashier_403" time="0.109" /><testcase classname="tests.test_security_hardening.TestPaymentSettings" name="test_admin_200_no_secret_key" time="0.098" /><testcase classname="tests.test_security_hardening.TestInvoiceSettingsLeak" name="test_cashier_contacts_null" time="0.103" /><testcase classname="tests.test_security_hardening.TestCallcenterSimulate" name="test_cashier_403" time="0.099" /><testcase classname="tests.test_security_hardening.TestCallcenterSimulate" name="test_admin_not_403" time="0.105" /><testcase classname="tests.test_security_hardening.TestSupplierDues" name="test_cashier_403" time="0.092" /><testcase classname="tests.test_security_hardening.TestSupplierDues" name="test_admin_allowed" time="0.099" /><testcase classname="tests.test_security_hardening.TestOrderPriceGuard" name="test_negative_price_rejected" time="0.200" /><testcase classname="tests.test_security_hardening.TestOrderPriceGuard" name="test_zero_price_rejected" time="0.196" /><testcase classname="tests.test_security_hardening.TestOrderPriceGuard" name="test_below_catalog_price_rejected" time="0.206" /><testcase classname="tests.test_security_hardening.TestOrderPriceGuard" name="test_valid_price_passes_guard" time="0.198" /><testcase classname="tests.test_security_hardening.TestOrderPriceGuard" name="test_negative_extra_price_rejected" time="0.208" /><testcase classname="tests.test_security_hardening.TestOrderPriceGuard" name="test_zero_extra_quantity_rejected" time="0.190" /><testcase classname="tests.test_security_hardening.TestRegression" name="test_public_menu_still_works" time="0.102" /><testcase classname="tests.test_security_hardening.TestRegression" name="test_admin_login_regression" time="0.323" /></testsuite></testsuites>